kernelShape: [2, 2]
total nubmer of trainable parameters: 1780400
epoch: 0 L: -915.107666015625 F: -1190.2763671875 +/- 75.24557495117188
epoch: 1 L: -168.7344970703125 F: -664.8638916015625 +/- 122.15443420410156
epoch: 2 L: -1193.2227783203125 F: -1342.065185546875 +/- 39.707767486572266
epoch: 3 L: -1353.604248046875 F: -1450.144775390625 +/- 30.054302215576172
epoch: 4 L: -1175.8173828125 F: -1365.5379638671875 +/- 44.833465576171875
epoch: 5 L: -1237.4288330078125 F: -1424.2515869140625 +/- 38.28091049194336
epoch: 6 L: -1443.3323974609375 F: -1545.6395263671875 +/- 29.262325286865234
epoch: 7 L: -1538.46630859375 F: -1599.6163330078125 +/- 24.80662727355957
epoch: 8 L: -1479.095947265625 F: -1584.498046875 +/- 29.019290924072266
epoch: 9 L: -1454.5628662109375 F: -1597.0496826171875 +/- 31.821487426757812
epoch: 10 L: -1554.4761962890625 F: -1649.1318359375 +/- 27.332910537719727
epoch: 11 L: -1681.0428466796875 F: -1713.0902099609375 +/- 27.224445343017578
epoch: 12 L: -1712.63623046875 F: -1751.642822265625 +/- 27.74577522277832
epoch: 13 L: -1676.3773193359375 F: -1772.3531494140625 +/- 28.680017471313477
epoch: 14 L: -1705.158447265625 F: -1812.49755859375 +/- 27.352703094482422
epoch: 15 L: -1803.0628662109375 F: -1862.414306640625 +/- 24.120710372924805
epoch: 16 L: -1878.1573486328125 F: -1901.400634765625 +/- 27.06914520263672
epoch: 17 L: -1860.580322265625 F: -1907.3470458984375 +/- 21.789840698242188
epoch: 18 L: -1836.6461181640625 F: -1905.642333984375 +/- 24.14690399169922
epoch: 19 L: -1875.8232421875 F: -1919.1220703125 +/- 23.50281524658203
epoch: 20 L: -1908.78173828125 F: -1940.069091796875 +/- 22.230194091796875
epoch: 21 L: -1899.041748046875 F: -1945.4962158203125 +/- 22.137041091918945
epoch: 22 L: -1922.2825927734375 F: -1961.7193603515625 +/- 24.045289993286133
epoch: 23 L: -1958.07373046875 F: -1974.24755859375 +/- 21.24432945251465
epoch: 24 L: -1982.20458984375 F: -1991.5545654296875 +/- 20.637001037597656
epoch: 25 L: -1978.1383056640625 F: -1998.1978759765625 +/- 23.383893966674805
epoch: 26 L: -1976.987060546875 F: -2006.5224609375 +/- 22.46341323852539
epoch: 27 L: -2000.3299560546875 F: -2020.8707275390625 +/- 21.631977081298828
epoch: 28 L: -2024.4451904296875 F: -2034.871337890625 +/- 20.1263370513916
epoch: 29 L: -2032.8046875 F: -2041.86083984375 +/- 19.842512130737305
epoch: 30 L: -2028.048095703125 F: -2040.3046875 +/- 18.169069290161133
epoch: 31 L: -2035.9300537109375 F: -2048.150390625 +/- 20.215553283691406
epoch: 32 L: -2051.002197265625 F: -2059.56494140625 +/- 19.694364547729492
epoch: 33 L: -2062.6875 F: -2068.3759765625 +/- 17.844552993774414
epoch: 34 L: -2073.96533203125 F: -2080.53076171875 +/- 18.801204681396484
epoch: 35 L: -2076.84033203125 F: -2086.381103515625 +/- 18.40552520751953
epoch: 36 L: -2084.785400390625 F: -2092.5537109375 +/- 21.193315505981445
epoch: 37 L: -2090.625 F: -2095.0166015625 +/- 16.407453536987305
epoch: 38 L: -2097.9677734375 F: -2100.05419921875 +/- 17.994400024414062
epoch: 39 L: -2100.18359375 F: -2103.98828125 +/- 19.137203216552734
epoch: 40 L: -2100.501953125 F: -2106.5947265625 +/- 16.6973934173584
epoch: 41 L: -2105.5 F: -2111.30517578125 +/- 20.956666946411133
epoch: 42 L: -2111.27880859375 F: -2115.176025390625 +/- 20.17721176147461
epoch: 43 L: -2120.495361328125 F: -2122.798583984375 +/- 16.982013702392578
epoch: 44 L: -2121.55712890625 F: -2124.618408203125 +/- 15.845381736755371
epoch: 45 L: -2122.2841796875 F: -2125.89892578125 +/- 17.680747985839844
epoch: 46 L: -2130.326171875 F: -2133.3056640625 +/- 17.506444931030273
epoch: 47 L: -2129.820068359375 F: -2131.78662109375 +/- 16.174476623535156
epoch: 48 L: -2135.7109375 F: -2137.010009765625 +/- 17.245084762573242
epoch: 49 L: -2136.8681640625 F: -2138.89208984375 +/- 20.13770866394043
epoch: 50 L: -2134.56201171875 F: -2137.73095703125 +/- 16.410991668701172
epoch: 51 L: -2135.8525390625 F: -2138.0849609375 +/- 16.936660766601562
epoch: 52 L: -2140.109375 F: -2141.643798828125 +/- 14.22503662109375
epoch: 53 L: -2141.79150390625 F: -2143.0322265625 +/- 16.03939437866211
epoch: 54 L: -2141.96826171875 F: -2144.107177734375 +/- 13.994084358215332
epoch: 55 L: -2144.082763671875 F: -2145.8203125 +/- 17.223379135131836
epoch: 56 L: -2142.41796875 F: -2144.79541015625 +/- 15.720755577087402
epoch: 57 L: -2144.498046875 F: -2145.8486328125 +/- 17.238412857055664
epoch: 58 L: -2146.10986328125 F: -2147.51513671875 +/- 16.65275764465332
epoch: 59 L: -2146.101806640625 F: -2147.815673828125 +/- 17.317184448242188
epoch: 60 L: -2148.25048828125 F: -2150.2763671875 +/- 15.183899879455566
accratio_z: 0.7265625 obs_z: 0.038650279150929556  +/-  0.0050970411280057484
accratio_x: 0.875 obs_x: 0.005724050330329078  +/-  0.0006372580728212226
epoch: 61 L: -2147.129638671875 F: -2149.103759765625 +/- 16.054370880126953
epoch: 62 L: -2147.600830078125 F: -2149.435302734375 +/- 16.56778907775879
epoch: 63 L: -2147.494873046875 F: -2149.443359375 +/- 15.998062133789062
epoch: 64 L: -2146.309326171875 F: -2148.42138671875 +/- 16.639066696166992
epoch: 65 L: -2148.3740234375 F: -2150.074462890625 +/- 14.468306541442871
epoch: 66 L: -2151.77587890625 F: -2152.999755859375 +/- 16.788612365722656
epoch: 67 L: -2149.04443359375 F: -2150.70751953125 +/- 15.236032485961914
epoch: 68 L: -2151.301513671875 F: -2153.135986328125 +/- 16.5413761138916
epoch: 69 L: -2152.139892578125 F: -2153.97802734375 +/- 15.960822105407715
epoch: 70 L: -2150.870849609375 F: -2152.432861328125 +/- 15.051308631896973
accratio_z: 0.765625 obs_z: 0.043998311371622356  +/-  0.005422779103174095
accratio_x: 0.8984375 obs_x: 0.007650947875802672  +/-  0.0008543816863747899
epoch: 71 L: -2150.34521484375 F: -2152.146484375 +/- 17.109399795532227
epoch: 72 L: -2149.8779296875 F: -2151.564208984375 +/- 15.778214454650879
epoch: 73 L: -2151.68896484375 F: -2153.3388671875 +/- 17.457561492919922
epoch: 74 L: -2153.873046875 F: -2155.522705078125 +/- 15.03447437286377
epoch: 75 L: -2152.295166015625 F: -2153.66162109375 +/- 14.49210262298584
epoch: 76 L: -2152.104736328125 F: -2154.210693359375 +/- 13.885331153869629
epoch: 77 L: -2154.837158203125 F: -2156.626220703125 +/- 14.57664680480957
epoch: 78 L: -2152.21728515625 F: -2154.0830078125 +/- 15.006341934204102
epoch: 79 L: -2154.294921875 F: -2155.652587890625 +/- 15.032999038696289
epoch: 80 L: -2154.15869140625 F: -2155.74462890625 +/- 14.624349594116211
accratio_z: 0.625 obs_z: 0.06016349794607834  +/-  0.00634814971250594
accratio_x: 0.828125 obs_x: 0.0102421131355932  +/-  0.0011085067313471866
epoch: 81 L: -2153.4775390625 F: -2155.45849609375 +/- 15.873967170715332
epoch: 82 L: -2153.059814453125 F: -2154.7802734375 +/- 18.289867401123047
epoch: 83 L: -2149.43505859375 F: -2151.06201171875 +/- 16.038259506225586
epoch: 84 L: -2153.025634765625 F: -2154.985107421875 +/- 15.144359588623047
epoch: 85 L: -2155.424072265625 F: -2157.12548828125 +/- 16.718671798706055
epoch: 86 L: -2153.76708984375 F: -2155.52734375 +/- 15.076716423034668
epoch: 87 L: -2153.489013671875 F: -2155.083984375 +/- 14.538359642028809
epoch: 88 L: -2156.22412109375 F: -2157.771484375 +/- 16.10926055908203
epoch: 89 L: -2153.07958984375 F: -2154.8125 +/- 15.224791526794434
epoch: 90 L: -2154.52197265625 F: -2156.252685546875 +/- 15.007277488708496
accratio_z: 0.703125 obs_z: 0.0805146079221335  +/-  0.008229545217767961
accratio_x: 0.859375 obs_x: 0.011522682485335167  +/-  0.0013789037491310622
epoch: 91 L: -2155.62255859375 F: -2157.41650390625 +/- 16.275922775268555
epoch: 92 L: -2155.973388671875 F: -2157.857666015625 +/- 16.410560607910156
epoch: 93 L: -2154.37255859375 F: -2156.140869140625 +/- 15.622660636901855
epoch: 94 L: -2155.081787109375 F: -2156.583984375 +/- 14.031288146972656
epoch: 95 L: -2157.278564453125 F: -2158.869873046875 +/- 14.204566955566406
epoch: 96 L: -2156.31787109375 F: -2158.141845703125 +/- 15.109189987182617
epoch: 97 L: -2155.826416015625 F: -2157.240234375 +/- 14.241788864135742
epoch: 98 L: -2155.797119140625 F: -2157.66650390625 +/- 13.370830535888672
epoch: 99 L: -2158.735107421875 F: -2160.39697265625 +/- 14.819839477539062
epoch: 100 L: -2156.31982421875 F: -2157.714599609375 +/- 15.508543968200684
accratio_z: 0.625 obs_z: 0.07825919525680103  +/-  0.00795022371332509
accratio_x: 0.8984375 obs_x: 0.013461082208806374  +/-  0.0017625560024077862
epoch: 101 L: -2157.180908203125 F: -2159.03125 +/- 15.923727035522461
epoch: 102 L: -2157.202392578125 F: -2158.741455078125 +/- 15.45277214050293
epoch: 103 L: -2158.091552734375 F: -2159.737060546875 +/- 13.970197677612305
epoch: 104 L: -2155.85791015625 F: -2157.73388671875 +/- 16.590452194213867
epoch: 105 L: -2158.7685546875 F: -2161.54296875 +/- 14.089096069335938
epoch: 106 L: -2158.900634765625 F: -2161.0556640625 +/- 15.14716911315918
epoch: 107 L: -2159.02197265625 F: -2161.54248046875 +/- 14.29589557647705
epoch: 108 L: -2158.446533203125 F: -2161.25341796875 +/- 14.4168062210083
epoch: 109 L: -2159.20703125 F: -2161.832763671875 +/- 14.820032119750977
epoch: 110 L: -2160.437255859375 F: -2162.6845703125 +/- 14.573357582092285
accratio_z: 0.59375 obs_z: 0.09152373127506275  +/-  0.009346510715943473
accratio_x: 0.8671875 obs_x: 0.01616264913270804  +/-  0.0021935550761803457
epoch: 111 L: -2161.160888671875 F: -2163.337646484375 +/- 14.62588882446289
epoch: 112 L: -2160.255126953125 F: -2162.65478515625 +/- 14.2918701171875
epoch: 113 L: -2158.88232421875 F: -2160.85595703125 +/- 16.241046905517578
epoch: 114 L: -2160.70458984375 F: -2162.7041015625 +/- 15.07761287689209
epoch: 115 L: -2160.857666015625 F: -2163.011962890625 +/- 15.773096084594727
epoch: 116 L: -2161.852294921875 F: -2163.674072265625 +/- 15.952930450439453
epoch: 117 L: -2160.26123046875 F: -2162.04150390625 +/- 14.738051414489746
epoch: 118 L: -2162.152587890625 F: -2164.218994140625 +/- 16.053253173828125
epoch: 119 L: -2161.77197265625 F: -2164.059814453125 +/- 15.161604881286621
epoch: 120 L: -2162.4990234375 F: -2164.39306640625 +/- 15.424481391906738
accratio_z: 0.609375 obs_z: 0.09592600632015547  +/-  0.008805233379843841
accratio_x: 0.8828125 obs_x: 0.019121841243786353  +/-  0.002392616525177377
epoch: 121 L: -2165.512939453125 F: -2168.0498046875 +/- 13.370182037353516
epoch: 122 L: -2165.96630859375 F: -2168.47705078125 +/- 15.829707145690918
epoch: 123 L: -2163.6044921875 F: -2165.5 +/- 14.32020092010498
epoch: 124 L: -2161.0908203125 F: -2163.69921875 +/- 15.813706398010254
epoch: 125 L: -2164.69482421875 F: -2167.275390625 +/- 13.785140991210938
epoch: 126 L: -2163.884033203125 F: -2166.44873046875 +/- 14.734066009521484
epoch: 127 L: -2165.4951171875 F: -2168.215087890625 +/- 15.610251426696777
epoch: 128 L: -2165.19970703125 F: -2168.05029296875 +/- 14.192743301391602
epoch: 129 L: -2167.58154296875 F: -2170.00830078125 +/- 14.49047565460205
epoch: 130 L: -2166.29638671875 F: -2168.7998046875 +/- 13.99521541595459
accratio_z: 0.5703125 obs_z: 0.10723739946422484  +/-  0.010834822856684951
accratio_x: 0.8828125 obs_x: 0.023581331535130534  +/-  0.002723853161779786
epoch: 131 L: -2165.85400390625 F: -2168.6767578125 +/- 14.368831634521484
epoch: 132 L: -2168.35546875 F: -2171.2822265625 +/- 14.807580947875977
epoch: 133 L: -2167.750244140625 F: -2170.384765625 +/- 14.13432502746582
epoch: 134 L: -2167.51611328125 F: -2170.4736328125 +/- 14.997124671936035
epoch: 135 L: -2167.5966796875 F: -2170.798828125 +/- 14.218083381652832
epoch: 136 L: -2167.865234375 F: -2171.12255859375 +/- 16.415592193603516
epoch: 137 L: -2168.373779296875 F: -2171.155029296875 +/- 13.78248405456543
epoch: 138 L: -2169.306640625 F: -2171.996826171875 +/- 13.605792999267578
epoch: 139 L: -2168.654296875 F: -2171.658203125 +/- 13.3386869430542
epoch: 140 L: -2168.62548828125 F: -2171.341796875 +/- 12.784132957458496
accratio_z: 0.6328125 obs_z: 0.10766346175331876  +/-  0.009990384967751858
accratio_x: 0.8671875 obs_x: 0.025950536480058517  +/-  0.0027634768904978135
epoch: 141 L: -2171.6435546875 F: -2174.29150390625 +/- 15.514233589172363
epoch: 142 L: -2170.4169921875 F: -2173.537353515625 +/- 12.961663246154785
epoch: 143 L: -2169.576416015625 F: -2172.05322265625 +/- 15.119248390197754
epoch: 144 L: -2170.61767578125 F: -2173.263671875 +/- 13.074746131896973
epoch: 145 L: -2170.802734375 F: -2173.5205078125 +/- 12.730226516723633
epoch: 146 L: -2169.268310546875 F: -2171.97119140625 +/- 13.640053749084473
epoch: 147 L: -2172.59814453125 F: -2175.12353515625 +/- 12.956584930419922
epoch: 148 L: -2168.371826171875 F: -2171.12353515625 +/- 13.845635414123535
epoch: 149 L: -2173.443359375 F: -2176.3916015625 +/- 13.928899765014648
epoch: 150 L: -2170.72216796875 F: -2173.992919921875 +/- 12.90776252746582
accratio_z: 0.546875 obs_z: 0.11420866919281458  +/-  0.011431895888088144
accratio_x: 0.890625 obs_x: 0.027821592362658132  +/-  0.0034567214722803154
epoch: 151 L: -2169.935302734375 F: -2172.77001953125 +/- 13.339221954345703
epoch: 152 L: -2174.14013671875 F: -2177.29833984375 +/- 14.131498336791992
epoch: 153 L: -2174.43115234375 F: -2177.697265625 +/- 13.235088348388672
epoch: 154 L: -2175.5703125 F: -2178.11572265625 +/- 12.455652236938477
epoch: 155 L: -2175.233154296875 F: -2178.658203125 +/- 13.772083282470703
epoch: 156 L: -2171.82080078125 F: -2175.241943359375 +/- 12.667420387268066
epoch: 157 L: -2174.724609375 F: -2177.934814453125 +/- 13.768275260925293
epoch: 158 L: -2173.004638671875 F: -2176.4375 +/- 13.219542503356934
epoch: 159 L: -2175.456298828125 F: -2178.294677734375 +/- 13.320234298706055
epoch: 160 L: -2173.736083984375 F: -2176.83544921875 +/- 14.141660690307617
accratio_z: 0.53125 obs_z: 0.11785450806028308  +/-  0.011601915324832814
accratio_x: 0.890625 obs_x: 0.0277699986404798  +/-  0.003245002243780558
epoch: 161 L: -2176.39501953125 F: -2178.94580078125 +/- 13.171365737915039
epoch: 162 L: -2176.072265625 F: -2178.814208984375 +/- 14.433350563049316
epoch: 163 L: -2175.38916015625 F: -2178.521484375 +/- 12.334382057189941
epoch: 164 L: -2177.42822265625 F: -2180.29638671875 +/- 12.807350158691406
epoch: 165 L: -2177.11181640625 F: -2180.36669921875 +/- 13.622696876525879
epoch: 166 L: -2174.828369140625 F: -2177.60693359375 +/- 14.902840614318848
epoch: 167 L: -2177.270263671875 F: -2180.023193359375 +/- 12.187853813171387
epoch: 168 L: -2177.1982421875 F: -2180.169921875 +/- 13.504653930664062
epoch: 169 L: -2179.55126953125 F: -2182.6201171875 +/- 13.114533424377441
epoch: 170 L: -2179.2109375 F: -2181.76416015625 +/- 13.620688438415527
accratio_z: 0.5 obs_z: 0.11129996015711185  +/-  0.010254179667534944
accratio_x: 0.890625 obs_x: 0.029067187889748602  +/-  0.0036974264146928176
epoch: 171 L: -2175.96142578125 F: -2179.12255859375 +/- 12.644379615783691
epoch: 172 L: -2179.6962890625 F: -2182.58349609375 +/- 13.997620582580566
epoch: 173 L: -2179.181640625 F: -2181.81982421875 +/- 14.460335731506348
epoch: 174 L: -2176.5576171875 F: -2179.56396484375 +/- 14.201763153076172
epoch: 175 L: -2179.21142578125 F: -2182.206298828125 +/- 13.343957901000977
epoch: 176 L: -2179.524169921875 F: -2182.0927734375 +/- 12.504582405090332
epoch: 177 L: -2179.28564453125 F: -2182.1103515625 +/- 13.014552116394043
epoch: 178 L: -2178.874755859375 F: -2181.896484375 +/- 12.097550392150879
epoch: 179 L: -2179.66064453125 F: -2182.8525390625 +/- 12.312016487121582
epoch: 180 L: -2180.712890625 F: -2183.52294921875 +/- 12.943282127380371
accratio_z: 0.5078125 obs_z: 0.1064237268595889  +/-  0.01013786147236293
accratio_x: 0.875 obs_x: 0.029678318090803124  +/-  0.0037852543081984733
epoch: 181 L: -2179.3193359375 F: -2182.32861328125 +/- 12.736441612243652
epoch: 182 L: -2177.991455078125 F: -2181.310791015625 +/- 12.56342601776123
epoch: 183 L: -2183.6103515625 F: -2186.4541015625 +/- 13.103119850158691
epoch: 184 L: -2179.625732421875 F: -2183.08203125 +/- 13.590163230895996
epoch: 185 L: -2181.415771484375 F: -2184.565185546875 +/- 12.32306957244873
epoch: 186 L: -2180.0869140625 F: -2183.654296875 +/- 13.888884544372559
epoch: 187 L: -2181.950927734375 F: -2184.6416015625 +/- 11.914722442626953
epoch: 188 L: -2181.513427734375 F: -2184.4990234375 +/- 10.467032432556152
epoch: 189 L: -2181.39453125 F: -2183.9111328125 +/- 13.726661682128906
epoch: 190 L: -2180.31689453125 F: -2183.431884765625 +/- 13.29641342163086
accratio_z: 0.5234375 obs_z: 0.1055834490698544  +/-  0.010151147398942266
accratio_x: 0.8984375 obs_x: 0.0321422687213726  +/-  0.004183045779768908
epoch: 191 L: -2181.253662109375 F: -2184.1162109375 +/- 13.732089042663574
epoch: 192 L: -2181.704833984375 F: -2184.53125 +/- 13.10449504852295
epoch: 193 L: -2181.072265625 F: -2184.3984375 +/- 13.757173538208008
epoch: 194 L: -2183.150634765625 F: -2185.8212890625 +/- 11.81021499633789
epoch: 195 L: -2183.675048828125 F: -2186.44775390625 +/- 13.983888626098633
epoch: 196 L: -2184.43701171875 F: -2187.38427734375 +/- 12.650075912475586
epoch: 197 L: -2183.4453125 F: -2186.628173828125 +/- 13.31796932220459
epoch: 198 L: -2183.3779296875 F: -2186.396484375 +/- 12.51138687133789
epoch: 199 L: -2181.918212890625 F: -2185.1416015625 +/- 13.019033432006836
epoch: 200 L: -2185.58056640625 F: -2188.332275390625 +/- 12.57489013671875
accratio_z: 0.4765625 obs_z: 0.10387783935813033  +/-  0.010265127579437839
accratio_x: 0.921875 obs_x: 0.037305664030721886  +/-  0.004713246508167287
epoch: 201 L: -2183.214111328125 F: -2186.380126953125 +/- 14.673306465148926
epoch: 202 L: -2184.0166015625 F: -2187.117919921875 +/- 13.845209121704102
epoch: 203 L: -2182.9013671875 F: -2185.830078125 +/- 11.655609130859375
epoch: 204 L: -2183.7919921875 F: -2186.9892578125 +/- 13.415215492248535
epoch: 205 L: -2185.1435546875 F: -2187.7080078125 +/- 13.364273071289062
epoch: 206 L: -2184.83935546875 F: -2187.852294921875 +/- 12.876097679138184
epoch: 207 L: -2185.9267578125 F: -2188.5947265625 +/- 12.971776962280273
epoch: 208 L: -2186.529296875 F: -2189.269287109375 +/- 12.850873947143555
epoch: 209 L: -2185.390869140625 F: -2187.9189453125 +/- 11.552595138549805
epoch: 210 L: -2183.01513671875 F: -2186.33935546875 +/- 12.55891227722168
accratio_z: 0.3984375 obs_z: 0.09348327176891302  +/-  0.009490922612292577
accratio_x: 0.8984375 obs_x: 0.039272357370634836  +/-  0.004927189021040964
epoch: 211 L: -2185.74853515625 F: -2188.642578125 +/- 12.45875358581543
epoch: 212 L: -2185.42236328125 F: -2188.574462890625 +/- 12.477066993713379
epoch: 213 L: -2184.4033203125 F: -2187.70166015625 +/- 13.047499656677246
epoch: 214 L: -2186.22509765625 F: -2189.34375 +/- 13.036919593811035
epoch: 215 L: -2184.7138671875 F: -2187.3037109375 +/- 12.5242919921875
epoch: 216 L: -2186.456787109375 F: -2189.447265625 +/- 12.944574356079102
epoch: 217 L: -2187.5224609375 F: -2190.63671875 +/- 12.883025169372559
epoch: 218 L: -2186.873779296875 F: -2189.68701171875 +/- 13.329008102416992
epoch: 219 L: -2187.1982421875 F: -2189.964111328125 +/- 10.725166320800781
epoch: 220 L: -2186.18994140625 F: -2189.53955078125 +/- 13.342110633850098
accratio_z: 0.3515625 obs_z: 0.09352877302823615  +/-  0.009426344572380797
accratio_x: 0.875 obs_x: 0.04144072549121347  +/-  0.0051278761738213306
epoch: 221 L: -2190.25 F: -2192.794677734375 +/- 13.324901580810547
epoch: 222 L: -2187.0712890625 F: -2190.668212890625 +/- 13.593537330627441
epoch: 223 L: -2188.04638671875 F: -2190.99462890625 +/- 15.26244831085205
epoch: 224 L: -2186.697021484375 F: -2190.135498046875 +/- 12.54576587677002
epoch: 225 L: -2188.3212890625 F: -2191.07373046875 +/- 12.143643379211426
epoch: 226 L: -2189.15380859375 F: -2192.540771484375 +/- 12.749951362609863
epoch: 227 L: -2189.69970703125 F: -2193.13671875 +/- 12.236743927001953
epoch: 228 L: -2190.031494140625 F: -2192.368408203125 +/- 11.9653902053833
epoch: 229 L: -2187.8642578125 F: -2190.97705078125 +/- 13.138078689575195
epoch: 230 L: -2189.05810546875 F: -2192.4248046875 +/- 11.541792869567871
accratio_z: 0.421875 obs_z: 0.09645843352342354  +/-  0.009392501429709058
accratio_x: 0.8671875 obs_x: 0.0461492023993344  +/-  0.005576176893849605
epoch: 231 L: -2188.83740234375 F: -2191.7802734375 +/- 12.346471786499023
epoch: 232 L: -2186.66357421875 F: -2189.526123046875 +/- 13.350912094116211
epoch: 233 L: -2187.75537109375 F: -2190.705810546875 +/- 12.400400161743164
epoch: 234 L: -2188.671142578125 F: -2192.11767578125 +/- 12.375335693359375
epoch: 235 L: -2189.3056640625 F: -2192.4658203125 +/- 11.551115989685059
epoch: 236 L: -2189.98876953125 F: -2192.71533203125 +/- 11.18198299407959
epoch: 237 L: -2189.618896484375 F: -2192.7109375 +/- 11.850218772888184
epoch: 238 L: -2191.159423828125 F: -2194.2890625 +/- 13.094703674316406
epoch: 239 L: -2190.0947265625 F: -2193.777099609375 +/- 12.22653865814209
epoch: 240 L: -2191.84716796875 F: -2195.217041015625 +/- 13.224123001098633
accratio_z: 0.3984375 obs_z: 0.10960743291821018  +/-  0.01044597915300605
accratio_x: 0.8828125 obs_x: 0.04771713674051625  +/-  0.005484271527789925
epoch: 241 L: -2190.22998046875 F: -2193.61328125 +/- 14.396071434020996
epoch: 242 L: -2191.23779296875 F: -2194.90478515625 +/- 12.01754093170166
epoch: 243 L: -2190.71044921875 F: -2194.3994140625 +/- 10.513254165649414
epoch: 244 L: -2193.16552734375 F: -2196.05029296875 +/- 10.84865951538086
epoch: 245 L: -2191.5146484375 F: -2194.4267578125 +/- 12.968177795410156
epoch: 246 L: -2191.32421875 F: -2194.384765625 +/- 12.285799026489258
epoch: 247 L: -2191.4111328125 F: -2194.5673828125 +/- 11.800588607788086
epoch: 248 L: -2193.851318359375 F: -2197.31640625 +/- 13.250631332397461
epoch: 249 L: -2192.6982421875 F: -2196.0166015625 +/- 12.65101146697998
epoch: 250 L: -2192.92919921875 F: -2196.23779296875 +/- 11.586217880249023
accratio_z: 0.3984375 obs_z: 0.1146916458852445  +/-  0.011028316577934003
accratio_x: 0.859375 obs_x: 0.04954632952185278  +/-  0.005483325643251109
epoch: 251 L: -2194.36572265625 F: -2198.0625 +/- 13.470885276794434
epoch: 252 L: -2193.351806640625 F: -2196.68212890625 +/- 12.78991985321045
epoch: 253 L: -2194.4228515625 F: -2197.6533203125 +/- 11.671507835388184
epoch: 254 L: -2193.36474609375 F: -2197.083984375 +/- 13.62440013885498
epoch: 255 L: -2194.948486328125 F: -2198.467041015625 +/- 12.108623504638672
epoch: 256 L: -2194.0400390625 F: -2197.097412109375 +/- 12.8519926071167
epoch: 257 L: -2193.0732421875 F: -2196.421142578125 +/- 12.684930801391602
epoch: 258 L: -2194.9208984375 F: -2198.24169921875 +/- 13.334175109863281
epoch: 259 L: -2191.9677734375 F: -2196.19482421875 +/- 12.799701690673828
epoch: 260 L: -2194.0703125 F: -2197.51953125 +/- 12.36500072479248
accratio_z: 0.3046875 obs_z: 0.1110317458145289  +/-  0.01088798856995312
accratio_x: 0.828125 obs_x: 0.05100233554870215  +/-  0.005977404090820647
epoch: 261 L: -2193.92919921875 F: -2197.567626953125 +/- 13.286177635192871
epoch: 262 L: -2195.947509765625 F: -2199.40966796875 +/- 10.377005577087402
epoch: 263 L: -2195.302734375 F: -2199.02783203125 +/- 13.245163917541504
epoch: 264 L: -2195.8984375 F: -2199.31884765625 +/- 10.663935661315918
epoch: 265 L: -2197.876953125 F: -2200.78125 +/- 12.338711738586426
epoch: 266 L: -2194.497314453125 F: -2197.82763671875 +/- 11.73633861541748
epoch: 267 L: -2196.5224609375 F: -2199.18115234375 +/- 11.365604400634766
epoch: 268 L: -2194.220703125 F: -2197.70263671875 +/- 11.336041450500488
epoch: 269 L: -2197.609375 F: -2201.02978515625 +/- 11.636910438537598
epoch: 270 L: -2195.24365234375 F: -2198.357666015625 +/- 11.4371919631958
accratio_z: 0.2734375 obs_z: 0.11971571447013218  +/-  0.011093412705498474
accratio_x: 0.8359375 obs_x: 0.05025876693801479  +/-  0.005847643846242003
epoch: 271 L: -2195.693359375 F: -2199.2783203125 +/- 11.600776672363281
epoch: 272 L: -2196.1923828125 F: -2199.53662109375 +/- 12.020684242248535
epoch: 273 L: -2195.369384765625 F: -2198.956787109375 +/- 10.949919700622559
epoch: 274 L: -2197.10986328125 F: -2200.5693359375 +/- 11.50367546081543
epoch: 275 L: -2197.21337890625 F: -2199.69091796875 +/- 11.117314338684082
epoch: 276 L: -2198.63525390625 F: -2201.734375 +/- 10.944887161254883
epoch: 277 L: -2198.041748046875 F: -2200.88037109375 +/- 11.343208312988281
epoch: 278 L: -2197.318359375 F: -2200.615234375 +/- 11.789373397827148
epoch: 279 L: -2196.5595703125 F: -2199.78076171875 +/- 10.760560989379883
epoch: 280 L: -2197.83447265625 F: -2200.688232421875 +/- 12.163129806518555
accratio_z: 0.25 obs_z: 0.1259610176598125  +/-  0.012149088972913235
accratio_x: 0.8984375 obs_x: 0.05049374454357647  +/-  0.005780561662641501
epoch: 281 L: -2197.7802734375 F: -2200.60302734375 +/- 12.121386528015137
epoch: 282 L: -2198.139892578125 F: -2201.124755859375 +/- 11.531838417053223
epoch: 283 L: -2199.0126953125 F: -2201.7255859375 +/- 11.146550178527832
epoch: 284 L: -2199.230712890625 F: -2201.92529296875 +/- 11.628385543823242
epoch: 285 L: -2199.209228515625 F: -2202.110595703125 +/- 12.25525951385498
epoch: 286 L: -2198.78955078125 F: -2201.6142578125 +/- 11.34711742401123
epoch: 287 L: -2198.243408203125 F: -2201.4365234375 +/- 11.183367729187012
epoch: 288 L: -2198.41748046875 F: -2201.17578125 +/- 12.267007827758789
epoch: 289 L: -2199.72607421875 F: -2202.30126953125 +/- 11.067915916442871
epoch: 290 L: -2200.4248046875 F: -2202.826171875 +/- 11.069783210754395
accratio_z: 0.2265625 obs_z: 0.1234027089229599  +/-  0.011367223968717047
accratio_x: 0.859375 obs_x: 0.04910109363135007  +/-  0.00558434001614387
epoch: 291 L: -2198.457763671875 F: -2202.1123046875 +/- 10.852212905883789
epoch: 292 L: -2198.244140625 F: -2201.25390625 +/- 10.687765121459961
epoch: 293 L: -2199.781005859375 F: -2202.800537109375 +/- 11.371611595153809
epoch: 294 L: -2200.173828125 F: -2203.791748046875 +/- 10.94793701171875
epoch: 295 L: -2202.19091796875 F: -2205.232421875 +/- 9.966833114624023
epoch: 296 L: -2200.97998046875 F: -2204.0458984375 +/- 10.286827087402344
epoch: 297 L: -2201.836181640625 F: -2204.7294921875 +/- 10.50368595123291
epoch: 298 L: -2201.32666015625 F: -2204.288330078125 +/- 12.432390213012695
epoch: 299 L: -2198.57470703125 F: -2202.036376953125 +/- 11.5162353515625
epoch: 300 L: -2200.30908203125 F: -2203.205810546875 +/- 11.841368675231934
accratio_z: 0.109375 obs_z: 0.12875239948203898  +/-  0.012234438936327627
accratio_x: 0.8671875 obs_x: 0.04878203809682069  +/-  0.005578373275738936
epoch: 301 L: -2199.231201171875 F: -2202.73779296875 +/- 10.258431434631348
epoch: 302 L: -2199.821044921875 F: -2204.2998046875 +/- 10.6409273147583
epoch: 303 L: -2200.91259765625 F: -2204.31640625 +/- 9.897897720336914
epoch: 304 L: -2203.29931640625 F: -2206.312255859375 +/- 11.570131301879883
epoch: 305 L: -2197.114501953125 F: -2201.9873046875 +/- 11.941514015197754
epoch: 306 L: -2198.41845703125 F: -2203.16357421875 +/- 11.965325355529785
epoch: 307 L: -2202.406982421875 F: -2204.964111328125 +/- 10.45681381225586
epoch: 308 L: -2201.3525390625 F: -2205.595703125 +/- 12.411958694458008
epoch: 309 L: -2197.4072265625 F: -2203.4326171875 +/- 11.275364875793457
epoch: 310 L: -2201.9990234375 F: -2205.004150390625 +/- 12.44192886352539
accratio_z: 0.09375 obs_z: 0.12572565467466745  +/-  0.011570434931535452
accratio_x: 0.9140625 obs_x: 0.05100173870748392  +/-  0.005830997410170038
epoch: 311 L: -2199.796875 F: -2203.712890625 +/- 10.370464324951172
epoch: 312 L: -2198.740234375 F: -2203.6337890625 +/- 11.810627937316895
epoch: 313 L: -2201.76416015625 F: -2204.8759765625 +/- 11.150333404541016
epoch: 314 L: -2201.90185546875 F: -2205.263671875 +/- 11.2626953125
epoch: 315 L: -2203.14697265625 F: -2206.594970703125 +/- 11.627350807189941
epoch: 316 L: -2203.62548828125 F: -2206.31591796875 +/- 11.644129753112793
epoch: 317 L: -2201.150390625 F: -2205.56884765625 +/- 12.14449691772461
epoch: 318 L: -2202.03564453125 F: -2206.06494140625 +/- 11.361146926879883
epoch: 319 L: -2204.64013671875 F: -2206.738525390625 +/- 11.57457447052002
epoch: 320 L: -2202.770751953125 F: -2206.0810546875 +/- 11.343242645263672
accratio_z: 0.0703125 obs_z: 0.121259033525007  +/-  0.01077599486163945
accratio_x: 0.90625 obs_x: 0.05244239989618027  +/-  0.0058369977126099095
epoch: 321 L: -2203.7158203125 F: -2206.6513671875 +/- 10.711556434631348
epoch: 322 L: -2204.53955078125 F: -2207.32275390625 +/- 10.530407905578613
epoch: 323 L: -2200.84130859375 F: -2204.73779296875 +/- 11.01235580444336
epoch: 324 L: -2203.099609375 F: -2206.5947265625 +/- 10.12968921661377
epoch: 325 L: -2206.317626953125 F: -2208.88232421875 +/- 10.784831047058105
epoch: 326 L: -2204.161376953125 F: -2207.34814453125 +/- 10.879961967468262
epoch: 327 L: -2205.939453125 F: -2209.171875 +/- 11.007383346557617
epoch: 328 L: -2206.24365234375 F: -2209.04736328125 +/- 11.294585227966309
epoch: 329 L: -2205.7998046875 F: -2208.69189453125 +/- 10.174125671386719
epoch: 330 L: -2203.93115234375 F: -2206.863037109375 +/- 10.38840103149414
accratio_z: 0.0625 obs_z: 0.1263764501868465  +/-  0.011805212093398118
accratio_x: 0.8671875 obs_x: 0.054059579815344705  +/-  0.005908294511825363
epoch: 331 L: -2204.60546875 F: -2207.271484375 +/- 10.563508987426758
epoch: 332 L: -2206.46533203125 F: -2209.36083984375 +/- 9.786324501037598
epoch: 333 L: -2204.792724609375 F: -2207.73193359375 +/- 10.885734558105469
epoch: 334 L: -2205.7001953125 F: -2208.316650390625 +/- 10.416830062866211
epoch: 335 L: -2204.8134765625 F: -2208.20068359375 +/- 11.521618843078613
epoch: 336 L: -2203.653076171875 F: -2209.18798828125 +/- 11.122519493103027
epoch: 337 L: -2200.880859375 F: -2206.19482421875 +/- 10.770052909851074
epoch: 338 L: -2206.364013671875 F: -2209.298828125 +/- 11.513609886169434
epoch: 339 L: -2204.57080078125 F: -2208.161376953125 +/- 11.548497200012207
epoch: 340 L: -2201.775634765625 F: -2206.716796875 +/- 11.747361183166504
accratio_z: 0.078125 obs_z: 0.12272575599817515  +/-  0.010779194138764861
accratio_x: 0.90625 obs_x: 0.05269928653202394  +/-  0.005848814641286554
epoch: 341 L: -2204.91064453125 F: -2208.525390625 +/- 10.015509605407715
epoch: 342 L: -2207.53759765625 F: -2210.197021484375 +/- 10.945039749145508
epoch: 343 L: -2204.3193359375 F: -2207.87109375 +/- 11.24853801727295
epoch: 344 L: -2205.082763671875 F: -2208.467529296875 +/- 10.417823791503906
epoch: 345 L: -2207.43896484375 F: -2209.75048828125 +/- 11.122560501098633
epoch: 346 L: -2206.9365234375 F: -2209.553955078125 +/- 11.043813705444336
epoch: 347 L: -2206.649169921875 F: -2209.3447265625 +/- 10.452500343322754
epoch: 348 L: -2207.083984375 F: -2209.7568359375 +/- 10.254440307617188
epoch: 349 L: -2205.81884765625 F: -2208.601806640625 +/- 10.17475414276123
epoch: 350 L: -2204.71728515625 F: -2208.29833984375 +/- 10.389962196350098
accratio_z: 0.0703125 obs_z: 0.12802346046184176  +/-  0.011129335731632774
accratio_x: 0.90625 obs_x: 0.054631868176272746  +/-  0.006490797969051891
epoch: 351 L: -2206.43310546875 F: -2210.12060546875 +/- 11.073648452758789
epoch: 352 L: -2205.156494140625 F: -2208.294921875 +/- 10.46944522857666
epoch: 353 L: -2209.685546875 F: -2211.778076171875 +/- 9.892843246459961
epoch: 354 L: -2206.53515625 F: -2209.02685546875 +/- 11.371498107910156
epoch: 355 L: -2208.385986328125 F: -2211.16015625 +/- 9.752790451049805
epoch: 356 L: -2207.041748046875 F: -2209.7626953125 +/- 10.124358177185059
epoch: 357 L: -2207.95361328125 F: -2210.48876953125 +/- 10.388541221618652
epoch: 358 L: -2207.505859375 F: -2210.1044921875 +/- 10.86180305480957
epoch: 359 L: -2206.97900390625 F: -2209.07568359375 +/- 11.247101783752441
epoch: 360 L: -2209.4775390625 F: -2211.8154296875 +/- 10.833070755004883
accratio_z: 0.0390625 obs_z: 0.13867158453222483  +/-  0.011876624205463471
accratio_x: 0.84375 obs_x: 0.054922615519814144  +/-  0.006881844472857053
epoch: 361 L: -2206.9033203125 F: -2209.93359375 +/- 10.046086311340332
epoch: 362 L: -2203.5947265625 F: -2208.29638671875 +/- 12.651143074035645
epoch: 363 L: -2204.245849609375 F: -2208.951171875 +/- 10.90703296661377
epoch: 364 L: -2208.89892578125 F: -2211.763916015625 +/- 10.088798522949219
epoch: 365 L: -2206.3974609375 F: -2208.725830078125 +/- 11.68677043914795
epoch: 366 L: -2208.216064453125 F: -2210.91796875 +/- 12.083600044250488
epoch: 367 L: -2206.762451171875 F: -2209.593505859375 +/- 12.089386940002441
epoch: 368 L: -2207.77392578125 F: -2211.06640625 +/- 10.77332592010498
epoch: 369 L: -2206.287841796875 F: -2210.21337890625 +/- 11.021684646606445
epoch: 370 L: -2208.37451171875 F: -2212.068359375 +/- 10.294528007507324
accratio_z: 0.0390625 obs_z: 0.1402683328983585  +/-  0.011983531245431838
accratio_x: 0.8671875 obs_x: 0.05610581359326261  +/-  0.006652392586878604
epoch: 371 L: -2209.62255859375 F: -2212.772216796875 +/- 11.437994003295898
epoch: 372 L: -2206.8046875 F: -2210.363037109375 +/- 10.797869682312012
epoch: 373 L: -2203.8095703125 F: -2209.6923828125 +/- 11.194729804992676
epoch: 374 L: -2207.74951171875 F: -2211.37646484375 +/- 10.239566802978516
epoch: 375 L: -2209.9833984375 F: -2211.978515625 +/- 10.70991325378418
epoch: 376 L: -2204.62060546875 F: -2209.44482421875 +/- 12.516839027404785
epoch: 377 L: -2205.70947265625 F: -2210.984375 +/- 11.248044967651367
epoch: 378 L: -2211.56005859375 F: -2214.5888671875 +/- 10.193716049194336
epoch: 379 L: -2209.080322265625 F: -2212.51708984375 +/- 10.899033546447754
epoch: 380 L: -2206.4501953125 F: -2211.237548828125 +/- 11.10232925415039
accratio_z: 0.046875 obs_z: 0.14097796235364513  +/-  0.012315995491369707
accratio_x: 0.8671875 obs_x: 0.05612522558012646  +/-  0.006677734626304021
epoch: 381 L: -2209.895751953125 F: -2213.487060546875 +/- 10.9146146774292
epoch: 382 L: -2211.997314453125 F: -2214.355224609375 +/- 12.157357215881348
epoch: 383 L: -2208.737548828125 F: -2212.572509765625 +/- 11.072930335998535
epoch: 384 L: -2205.955078125 F: -2211.66259765625 +/- 10.364277839660645
epoch: 385 L: -2207.42431640625 F: -2212.1728515625 +/- 11.558673858642578
epoch: 386 L: -2211.89453125 F: -2214.21435546875 +/- 11.677289009094238
epoch: 387 L: -2212.845703125 F: -2214.98681640625 +/- 10.403667449951172
epoch: 388 L: -2211.047607421875 F: -2213.7177734375 +/- 9.750227928161621
epoch: 389 L: -2212.79345703125 F: -2215.523681640625 +/- 10.926105499267578
epoch: 390 L: -2211.13623046875 F: -2213.642333984375 +/- 9.940102577209473
accratio_z: 0.015625 obs_z: 0.1601802387981479  +/-  0.01350659725669037
accratio_x: 0.8359375 obs_x: 0.05597825919436161  +/-  0.00676940120063159
epoch: 391 L: -2211.6220703125 F: -2214.1767578125 +/- 11.382513999938965
epoch: 392 L: -2209.943603515625 F: -2212.77587890625 +/- 11.458683013916016
epoch: 393 L: -2211.361083984375 F: -2213.861328125 +/- 9.826356887817383
epoch: 394 L: -2211.83544921875 F: -2215.323974609375 +/- 9.936720848083496
epoch: 395 L: -2209.644775390625 F: -2214.5830078125 +/- 10.975478172302246
epoch: 396 L: -2207.1611328125 F: -2211.82080078125 +/- 10.841923713684082
epoch: 397 L: -2212.221923828125 F: -2215.82666015625 +/- 10.967283248901367
epoch: 398 L: -2211.799560546875 F: -2215.068359375 +/- 12.055535316467285
epoch: 399 L: -2210.6015625 F: -2214.31298828125 +/- 9.797243118286133
epoch: 400 L: -2211.849609375 F: -2216.3349609375 +/- 10.567391395568848
accratio_z: 0.015625 obs_z: 0.15458851104368598  +/-  0.013977085746669027
accratio_x: 0.90625 obs_x: 0.05692718942078301  +/-  0.00667965019635047
epoch: 401 L: -2213.01904296875 F: -2216.86865234375 +/- 9.992840766906738
epoch: 402 L: -2210.49169921875 F: -2214.34521484375 +/- 11.20004653930664
epoch: 403 L: -2213.78662109375 F: -2216.797607421875 +/- 10.368889808654785
epoch: 404 L: -2213.20654296875 F: -2216.6083984375 +/- 9.971681594848633
epoch: 405 L: -2212.106201171875 F: -2215.026611328125 +/- 12.054986000061035
epoch: 406 L: -2212.5771484375 F: -2216.149169921875 +/- 9.643027305603027
epoch: 407 L: -2210.090576171875 F: -2213.5283203125 +/- 10.454642295837402
epoch: 408 L: -2211.838134765625 F: -2215.59814453125 +/- 11.246063232421875
epoch: 409 L: -2212.83544921875 F: -2215.9130859375 +/- 10.91578197479248
epoch: 410 L: -2213.040771484375 F: -2215.60546875 +/- 10.198156356811523
accratio_z: 0.015625 obs_z: 0.1730132763821075  +/-  0.014576929942793632
accratio_x: 0.859375 obs_x: 0.05682854382405367  +/-  0.006470126127918699
epoch: 411 L: -2213.172607421875 F: -2215.99365234375 +/- 11.055524826049805
epoch: 412 L: -2214.5712890625 F: -2217.612060546875 +/- 10.501466751098633
epoch: 413 L: -2211.9326171875 F: -2215.009033203125 +/- 10.689558982849121
epoch: 414 L: -2212.184814453125 F: -2215.210693359375 +/- 11.957367897033691
epoch: 415 L: -2212.845947265625 F: -2216.016845703125 +/- 10.346936225891113
epoch: 416 L: -2211.77783203125 F: -2214.703857421875 +/- 11.287625312805176
epoch: 417 L: -2211.3447265625 F: -2214.35400390625 +/- 10.976509094238281
epoch: 418 L: -2210.969970703125 F: -2214.972412109375 +/- 10.742831230163574
epoch: 419 L: -2207.693359375 F: -2214.1318359375 +/- 11.844466209411621
epoch: 420 L: -2204.10107421875 F: -2212.4599609375 +/- 11.406517028808594
accratio_z: 0.0234375 obs_z: 0.17229472925043865  +/-  0.0142643367731161
accratio_x: 0.84375 obs_x: 0.05774913024442707  +/-  0.006217656293671762
epoch: 421 L: -2204.620849609375 F: -2212.511962890625 +/- 11.232223510742188
epoch: 422 L: -2210.83984375 F: -2215.199462890625 +/- 10.2885160446167
epoch: 423 L: -2213.74169921875 F: -2216.12109375 +/- 11.210256576538086
epoch: 424 L: -2209.46826171875 F: -2214.586669921875 +/- 10.458484649658203
epoch: 425 L: -2204.26953125 F: -2212.116455078125 +/- 11.891192436218262
epoch: 426 L: -2195.3203125 F: -2201.87158203125 +/- 13.650516510009766
epoch: 427 L: -2193.92138671875 F: -2198.8447265625 +/- 12.871659278869629
epoch: 428 L: -2211.856201171875 F: -2215.200927734375 +/- 10.127991676330566
epoch: 429 L: -2203.348388671875 F: -2211.5185546875 +/- 11.902862548828125
epoch: 430 L: -2210.190185546875 F: -2214.8974609375 +/- 10.513349533081055
accratio_z: 0.03125 obs_z: 0.14694399271255934  +/-  0.013922472479417356
accratio_x: 0.8515625 obs_x: 0.059886311630211964  +/-  0.006855890768784219
epoch: 431 L: -2198.88623046875 F: -2204.930419921875 +/- 11.970827102661133
epoch: 432 L: -2195.14013671875 F: -2206.72265625 +/- 13.939352989196777
epoch: 433 L: -2157.72802734375 F: -2190.5234375 +/- 17.047542572021484
epoch: 434 L: -2141.80859375 F: -2169.70654296875 +/- 22.787769317626953
epoch: 435 L: -2203.965087890625 F: -2209.20849609375 +/- 10.28640079498291
epoch: 436 L: -2175.1875 F: -2193.0166015625 +/- 17.930227279663086
epoch: 437 L: -2194.09423828125 F: -2202.735595703125 +/- 14.042941093444824
epoch: 438 L: -2171.98046875 F: -2182.613525390625 +/- 19.69483757019043
epoch: 439 L: -2166.21044921875 F: -2199.640380859375 +/- 14.617109298706055
epoch: 440 L: -2187.0498046875 F: -2205.650146484375 +/- 12.504294395446777
accratio_z: 0.1171875 obs_z: 0.1167096145448383  +/-  0.011067959806756213
accratio_x: 0.8515625 obs_x: 0.05854241686468242  +/-  0.0066034197867680874
epoch: 441 L: -2196.067626953125 F: -2208.830078125 +/- 11.332825660705566
epoch: 442 L: -2191.33642578125 F: -2199.080078125 +/- 13.199366569519043
epoch: 443 L: -2196.711669921875 F: -2203.31103515625 +/- 13.920726776123047
epoch: 444 L: -2199.178466796875 F: -2205.19189453125 +/- 11.828347206115723
epoch: 445 L: -2200.3720703125 F: -2208.317626953125 +/- 11.611498832702637
epoch: 446 L: -2196.62255859375 F: -2204.1513671875 +/- 11.986102104187012
epoch: 447 L: -2202.306640625 F: -2207.5205078125 +/- 12.013623237609863
epoch: 448 L: -2199.668701171875 F: -2207.89599609375 +/- 11.716938972473145
epoch: 449 L: -2204.92822265625 F: -2208.7451171875 +/- 10.654491424560547
epoch: 450 L: -2203.49951171875 F: -2211.88330078125 +/- 11.007150650024414
accratio_z: 0.0625 obs_z: 0.11267927447957526  +/-  0.01182725253559503
accratio_x: 0.84375 obs_x: 0.06044555929092166  +/-  0.006733339382317976
epoch: 451 L: -2205.23583984375 F: -2208.353515625 +/- 11.404080390930176
epoch: 452 L: -2209.61279296875 F: -2214.279541015625 +/- 11.324277877807617
epoch: 453 L: -2206.928466796875 F: -2210.20361328125 +/- 11.379032135009766
epoch: 454 L: -2211.583740234375 F: -2214.798828125 +/- 11.60962963104248
epoch: 455 L: -2206.759765625 F: -2210.301025390625 +/- 12.04673957824707
epoch: 456 L: -2211.892822265625 F: -2214.7451171875 +/- 9.50634765625
epoch: 457 L: -2207.85986328125 F: -2212.64111328125 +/- 11.596647262573242
epoch: 458 L: -2209.832275390625 F: -2213.49462890625 +/- 11.122614860534668
epoch: 459 L: -2212.118896484375 F: -2215.8857421875 +/- 10.966229438781738
epoch: 460 L: -2209.758056640625 F: -2212.44140625 +/- 10.923837661743164
accratio_z: 0.0390625 obs_z: 0.12044874892293933  +/-  0.012452884682869045
accratio_x: 0.9140625 obs_x: 0.06360364734430668  +/-  0.0069483774614286726
epoch: 461 L: -2213.1015625 F: -2216.15673828125 +/- 10.797828674316406
epoch: 462 L: -2209.6865234375 F: -2213.51416015625 +/- 9.862933158874512
epoch: 463 L: -2213.1953125 F: -2216.2353515625 +/- 10.262968063354492
epoch: 464 L: -2210.4736328125 F: -2212.85009765625 +/- 10.015697479248047
epoch: 465 L: -2213.20703125 F: -2216.16015625 +/- 9.258522987365723
epoch: 466 L: -2212.82568359375 F: -2215.5634765625 +/- 10.540009498596191
epoch: 467 L: -2213.31103515625 F: -2215.451171875 +/- 10.491903305053711
epoch: 468 L: -2212.65576171875 F: -2215.387451171875 +/- 9.896683692932129
epoch: 469 L: -2213.92333984375 F: -2216.45654296875 +/- 11.101020812988281
epoch: 470 L: -2214.73681640625 F: -2217.037109375 +/- 10.017399787902832
accratio_z: 0.0234375 obs_z: 0.14326118936105559  +/-  0.01397390848261105
accratio_x: 0.8984375 obs_x: 0.0655446738661638  +/-  0.007030407475934173
epoch: 471 L: -2213.40869140625 F: -2216.28369140625 +/- 10.108159065246582
epoch: 472 L: -2214.708984375 F: -2216.88134765625 +/- 10.000168800354004
epoch: 473 L: -2213.01806640625 F: -2215.411376953125 +/- 10.24442195892334
epoch: 474 L: -2214.181396484375 F: -2217.034912109375 +/- 9.487130165100098
epoch: 475 L: -2214.807861328125 F: -2217.14013671875 +/- 9.52849292755127
epoch: 476 L: -2214.3583984375 F: -2216.913818359375 +/- 10.092936515808105
epoch: 477 L: -2215.435546875 F: -2218.1337890625 +/- 9.603768348693848
epoch: 478 L: -2215.255615234375 F: -2217.76123046875 +/- 10.723366737365723
epoch: 479 L: -2216.67529296875 F: -2219.3447265625 +/- 10.11509895324707
epoch: 480 L: -2215.10205078125 F: -2217.760498046875 +/- 10.270502090454102
accratio_z: 0.0 obs_z: 0.16596812572954545  +/-  0.015283666395032411
accratio_x: 0.8828125 obs_x: 0.06811902688794547  +/-  0.007442627036691308
epoch: 481 L: -2214.76904296875 F: -2217.91357421875 +/- 10.776100158691406
epoch: 482 L: -2214.19921875 F: -2216.7177734375 +/- 10.729941368103027
epoch: 483 L: -2215.9482421875 F: -2218.62548828125 +/- 10.749146461486816
epoch: 484 L: -2214.356689453125 F: -2216.907958984375 +/- 11.436942100524902
epoch: 485 L: -2217.59228515625 F: -2219.593505859375 +/- 10.589862823486328
epoch: 486 L: -2215.46728515625 F: -2218.22607421875 +/- 9.314380645751953
epoch: 487 L: -2216.546875 F: -2218.91455078125 +/- 9.620943069458008
epoch: 488 L: -2213.230224609375 F: -2216.2080078125 +/- 10.335616111755371
epoch: 489 L: -2216.919921875 F: -2219.654052734375 +/- 10.802940368652344
epoch: 490 L: -2214.441650390625 F: -2217.78173828125 +/- 10.514325141906738
accratio_z: 0.0 obs_z: 0.16116226538081335  +/-  0.014815125932957059
accratio_x: 0.921875 obs_x: 0.06929912425701512  +/-  0.00783307258799096
epoch: 491 L: -2214.726318359375 F: -2218.46240234375 +/- 9.902876853942871
epoch: 492 L: -2218.79345703125 F: -2221.28662109375 +/- 9.552648544311523
epoch: 493 L: -2213.67578125 F: -2217.52685546875 +/- 9.936497688293457
epoch: 494 L: -2214.41552734375 F: -2217.858642578125 +/- 10.352441787719727
epoch: 495 L: -2218.27880859375 F: -2220.45361328125 +/- 9.449662208557129
epoch: 496 L: -2214.3251953125 F: -2218.168701171875 +/- 9.0453462600708
epoch: 497 L: -2216.50390625 F: -2218.97509765625 +/- 9.054368019104004
epoch: 498 L: -2214.36865234375 F: -2217.996826171875 +/- 10.686442375183105
epoch: 499 L: -2216.92138671875 F: -2219.9248046875 +/- 10.269012451171875
epoch: 500 L: -2215.7353515625 F: -2219.2626953125 +/- 10.458660125732422
accratio_z: 0.0 obs_z: 0.1511304142845935  +/-  0.014259095288989403
accratio_x: 0.859375 obs_x: 0.06917101254776092  +/-  0.00782227214435865
epoch: 501 L: -2217.515869140625 F: -2220.19091796875 +/- 9.31251049041748
epoch: 502 L: -2215.58349609375 F: -2218.96044921875 +/- 10.528350830078125
epoch: 503 L: -2213.95068359375 F: -2217.25439453125 +/- 9.925268173217773
epoch: 504 L: -2217.634765625 F: -2219.7861328125 +/- 9.045711517333984
epoch: 505 L: -2216.7568359375 F: -2219.726806640625 +/- 9.851984024047852
epoch: 506 L: -2216.771240234375 F: -2219.09716796875 +/- 9.463541030883789
epoch: 507 L: -2215.09130859375 F: -2218.34716796875 +/- 10.327921867370605
epoch: 508 L: -2218.050048828125 F: -2220.180419921875 +/- 10.308844566345215
epoch: 509 L: -2215.189208984375 F: -2217.89794921875 +/- 10.818809509277344
epoch: 510 L: -2213.8447265625 F: -2218.167236328125 +/- 10.396432876586914
accratio_z: 0.0 obs_z: 0.16445511348672426  +/-  0.014816874356377626
accratio_x: 0.875 obs_x: 0.06914547347931999  +/-  0.007678559176509527
epoch: 511 L: -2215.5771484375 F: -2218.65234375 +/- 9.74122428894043
epoch: 512 L: -2217.28369140625 F: -2219.8857421875 +/- 9.691954612731934
epoch: 513 L: -2216.261962890625 F: -2218.42236328125 +/- 11.017843246459961
epoch: 514 L: -2216.75341796875 F: -2218.869140625 +/- 8.861979484558105
epoch: 515 L: -2217.0458984375 F: -2219.9072265625 +/- 10.660966873168945
epoch: 516 L: -2217.836669921875 F: -2220.46630859375 +/- 10.28285026550293
epoch: 517 L: -2214.7587890625 F: -2217.80029296875 +/- 9.539071083068848
epoch: 518 L: -2217.3642578125 F: -2219.47412109375 +/- 10.578484535217285
epoch: 519 L: -2216.96728515625 F: -2220.297607421875 +/- 10.210709571838379
epoch: 520 L: -2216.4619140625 F: -2219.605712890625 +/- 9.087807655334473
accratio_z: 0.0078125 obs_z: 0.17624618473331566  +/-  0.015647536913003527
accratio_x: 0.84375 obs_x: 0.06979997441717822  +/-  0.007923481818294623
epoch: 521 L: -2217.837890625 F: -2220.31298828125 +/- 9.915465354919434
epoch: 522 L: -2217.77587890625 F: -2220.324462890625 +/- 9.478976249694824
epoch: 523 L: -2211.7744140625 F: -2214.4228515625 +/- 10.655555725097656
epoch: 524 L: -2211.822265625 F: -2215.4794921875 +/- 11.859573364257812
epoch: 525 L: -2218.847900390625 F: -2221.81201171875 +/- 9.260882377624512
epoch: 526 L: -2217.810546875 F: -2220.15478515625 +/- 10.30755615234375
epoch: 527 L: -2216.53857421875 F: -2218.82958984375 +/- 10.84037971496582
epoch: 528 L: -2218.24267578125 F: -2220.4765625 +/- 10.523887634277344
epoch: 529 L: -2217.904296875 F: -2220.758544921875 +/- 9.83121395111084
epoch: 530 L: -2217.62109375 F: -2220.969482421875 +/- 10.325141906738281
accratio_z: 0.0078125 obs_z: 0.17624476518038357  +/-  0.01597158837558852
accratio_x: 0.8828125 obs_x: 0.07097624579585116  +/-  0.008288590637833016
epoch: 531 L: -2218.66943359375 F: -2220.7685546875 +/- 10.348002433776855
epoch: 532 L: -2217.62939453125 F: -2220.455078125 +/- 8.213314056396484
epoch: 533 L: -2216.341064453125 F: -2220.61572265625 +/- 10.754709243774414
epoch: 534 L: -2216.378173828125 F: -2219.41650390625 +/- 9.989385604858398
epoch: 535 L: -2219.37646484375 F: -2221.10693359375 +/- 9.759610176086426
epoch: 536 L: -2216.14599609375 F: -2218.61669921875 +/- 10.355828285217285
epoch: 537 L: -2215.3388671875 F: -2217.822998046875 +/- 10.776346206665039
epoch: 538 L: -2214.533935546875 F: -2217.86474609375 +/- 10.504236221313477
epoch: 539 L: -2217.6474609375 F: -2220.10546875 +/- 10.841361045837402
epoch: 540 L: -2219.30810546875 F: -2221.4208984375 +/- 9.74720287322998
accratio_z: 0.0078125 obs_z: 0.16258855946926687  +/-  0.015170717122224986
accratio_x: 0.8203125 obs_x: 0.07218918181445133  +/-  0.008154770961061422
epoch: 541 L: -2218.34130859375 F: -2221.171630859375 +/- 9.132040023803711
epoch: 542 L: -2218.4306640625 F: -2220.4765625 +/- 9.595179557800293
epoch: 543 L: -2219.775634765625 F: -2221.601806640625 +/- 10.354414939880371
epoch: 544 L: -2218.86865234375 F: -2220.69580078125 +/- 9.100147247314453
epoch: 545 L: -2220.854248046875 F: -2222.857421875 +/- 9.966029167175293
epoch: 546 L: -2219.22705078125 F: -2221.2119140625 +/- 9.674261093139648
epoch: 547 L: -2216.99658203125 F: -2219.25048828125 +/- 10.374772071838379
epoch: 548 L: -2219.956298828125 F: -2222.16162109375 +/- 9.932414054870605
epoch: 549 L: -2217.884765625 F: -2219.63525390625 +/- 10.605158805847168
epoch: 550 L: -2220.023681640625 F: -2222.08642578125 +/- 9.368983268737793
accratio_z: 0.0 obs_z: 0.1688100841349751  +/-  0.014886399149191935
accratio_x: 0.859375 obs_x: 0.07186560892711569  +/-  0.008041076677613175
epoch: 551 L: -2219.0146484375 F: -2221.247802734375 +/- 8.988459587097168
epoch: 552 L: -2219.523193359375 F: -2221.48486328125 +/- 9.181615829467773
epoch: 553 L: -2218.9716796875 F: -2221.1650390625 +/- 8.950240135192871
epoch: 554 L: -2219.0390625 F: -2221.1162109375 +/- 9.506071090698242
epoch: 555 L: -2220.117431640625 F: -2222.193359375 +/- 8.811617851257324
epoch: 556 L: -2220.6396484375 F: -2223.513671875 +/- 8.81182861328125
epoch: 557 L: -2219.0693359375 F: -2221.916015625 +/- 9.300352096557617
epoch: 558 L: -2221.16748046875 F: -2223.56884765625 +/- 10.057533264160156
epoch: 559 L: -2219.70458984375 F: -2222.836669921875 +/- 9.333019256591797
epoch: 560 L: -2220.208984375 F: -2222.72998046875 +/- 9.652192115783691
accratio_z: 0.0078125 obs_z: 0.19683600305602234  +/-  0.01618072128577837
accratio_x: 0.8984375 obs_x: 0.07370893867289485  +/-  0.008257616725882213
epoch: 561 L: -2221.6650390625 F: -2223.90869140625 +/- 10.081154823303223
epoch: 562 L: -2218.431396484375 F: -2221.20068359375 +/- 9.762027740478516
epoch: 563 L: -2220.35009765625 F: -2223.1953125 +/- 10.214468002319336
epoch: 564 L: -2218.986083984375 F: -2223.255859375 +/- 9.321920394897461
epoch: 565 L: -2219.2177734375 F: -2221.88916015625 +/- 10.041255950927734
epoch: 566 L: -2220.817626953125 F: -2222.942626953125 +/- 9.284341812133789
epoch: 567 L: -2219.697265625 F: -2222.31201171875 +/- 10.84623908996582
epoch: 568 L: -2219.8994140625 F: -2221.843994140625 +/- 10.737102508544922
epoch: 569 L: -2216.167236328125 F: -2218.732421875 +/- 9.975091934204102
epoch: 570 L: -2217.74365234375 F: -2221.229248046875 +/- 11.234380722045898
accratio_z: 0.015625 obs_z: 0.26280487627981586  +/-  0.01812542105884021
accratio_x: 0.90625 obs_x: 0.07189353196545767  +/-  0.008117201431495925
epoch: 571 L: -2210.64404296875 F: -2217.7373046875 +/- 12.803385734558105
epoch: 572 L: -2213.840576171875 F: -2220.09033203125 +/- 11.671500205993652
epoch: 573 L: -2220.37939453125 F: -2222.79638671875 +/- 10.208014488220215
epoch: 574 L: -2218.40673828125 F: -2222.052490234375 +/- 9.887720108032227
epoch: 575 L: -2218.91796875 F: -2222.9599609375 +/- 11.587627410888672
epoch: 576 L: -2221.8916015625 F: -2224.4755859375 +/- 9.678524017333984
epoch: 577 L: -2219.87158203125 F: -2222.3642578125 +/- 9.46514892578125
epoch: 578 L: -2218.88818359375 F: -2222.962158203125 +/- 9.286909103393555
epoch: 579 L: -2220.739501953125 F: -2224.041259765625 +/- 9.798142433166504
epoch: 580 L: -2220.932373046875 F: -2223.28466796875 +/- 9.337326049804688
accratio_z: 0.0234375 obs_z: 0.3548993833969689  +/-  0.019579166369303697
accratio_x: 0.828125 obs_x: 0.07310337949515439  +/-  0.007799256325028004
epoch: 581 L: -2218.59716796875 F: -2220.67236328125 +/- 10.206254959106445
epoch: 582 L: -2221.3798828125 F: -2224.269775390625 +/- 9.607925415039062
epoch: 583 L: -2219.26708984375 F: -2222.302978515625 +/- 11.192436218261719
epoch: 584 L: -2216.77392578125 F: -2219.20458984375 +/- 10.684210777282715
epoch: 585 L: -2219.5703125 F: -2221.3544921875 +/- 11.134580612182617
epoch: 586 L: -2222.038818359375 F: -2224.625 +/- 9.128674507141113
epoch: 587 L: -2221.38818359375 F: -2223.581787109375 +/- 9.81282901763916
epoch: 588 L: -2219.222900390625 F: -2221.1162109375 +/- 9.861261367797852
epoch: 589 L: -2218.309326171875 F: -2221.166015625 +/- 9.85226821899414
epoch: 590 L: -2223.19482421875 F: -2225.200439453125 +/- 9.782862663269043
accratio_z: 0.0390625 obs_z: 0.3428327736119172  +/-  0.017167514209335145
accratio_x: 0.84375 obs_x: 0.07116727300100223  +/-  0.007976697601330577
epoch: 591 L: -2224.4326171875 F: -2226.84130859375 +/- 10.080477714538574
epoch: 592 L: -2221.17822265625 F: -2223.6494140625 +/- 10.432671546936035
epoch: 593 L: -2219.580322265625 F: -2222.50341796875 +/- 10.897398948669434
epoch: 594 L: -2219.878662109375 F: -2223.404296875 +/- 9.238839149475098
epoch: 595 L: -2220.525146484375 F: -2224.28955078125 +/- 10.502453804016113
epoch: 596 L: -2224.07763671875 F: -2226.9501953125 +/- 10.136709213256836
epoch: 597 L: -2224.09130859375 F: -2226.13720703125 +/- 9.627777099609375
epoch: 598 L: -2218.480712890625 F: -2224.591796875 +/- 10.127579689025879
epoch: 599 L: -2214.0029296875 F: -2221.385009765625 +/- 11.335967063903809
epoch: 600 L: -2220.1337890625 F: -2224.923828125 +/- 9.723950386047363
accratio_z: 0.03125 obs_z: 0.38405182423139195  +/-  0.016089718459158468
accratio_x: 0.84375 obs_x: 0.07185317711064698  +/-  0.008109784930909464
epoch: 601 L: -2222.99072265625 F: -2225.47998046875 +/- 10.079893112182617
epoch: 602 L: -2222.17724609375 F: -2225.40869140625 +/- 9.023422241210938
epoch: 603 L: -2215.96533203125 F: -2222.34765625 +/- 10.314209938049316
epoch: 604 L: -2211.77099609375 F: -2219.09033203125 +/- 11.784955978393555
epoch: 605 L: -2202.680908203125 F: -2208.0087890625 +/- 16.77108383178711
epoch: 606 L: -2200.83642578125 F: -2204.404296875 +/- 16.11821937561035
epoch: 607 L: -2214.14990234375 F: -2216.7119140625 +/- 12.477805137634277
epoch: 608 L: -2203.488037109375 F: -2208.2939453125 +/- 13.558679580688477
epoch: 609 L: -2212.99853515625 F: -2215.90576171875 +/- 12.652018547058105
epoch: 610 L: -2219.5673828125 F: -2222.595703125 +/- 11.006945610046387
accratio_z: 0.015625 obs_z: 0.24898854622574618  +/-  0.01515386434783907
accratio_x: 0.859375 obs_x: 0.07233846989598369  +/-  0.00787086488480564
epoch: 611 L: -2206.30517578125 F: -2210.478515625 +/- 12.59585189819336
epoch: 612 L: -2218.7548828125 F: -2222.14111328125 +/- 9.493653297424316
epoch: 613 L: -2208.515380859375 F: -2216.41845703125 +/- 12.113969802856445
epoch: 614 L: -2217.853515625 F: -2220.4365234375 +/- 11.665645599365234
epoch: 615 L: -2212.99365234375 F: -2217.357421875 +/- 12.238484382629395
epoch: 616 L: -2220.86328125 F: -2224.22314453125 +/- 9.625678062438965
epoch: 617 L: -2214.9228515625 F: -2217.588623046875 +/- 11.175500869750977
epoch: 618 L: -2214.46240234375 F: -2219.3876953125 +/- 11.437499046325684
epoch: 619 L: -2208.3935546875 F: -2219.288330078125 +/- 11.246475219726562
epoch: 620 L: -2219.22265625 F: -2224.037353515625 +/- 10.246376037597656
accratio_z: 0.015625 obs_z: 0.339178276970415  +/-  0.01613633698342077
accratio_x: 0.9140625 obs_x: 0.07326696949182221  +/-  0.007945926538090651
epoch: 621 L: -2218.35791015625 F: -2223.26416015625 +/- 9.76578140258789
epoch: 622 L: -2213.171875 F: -2221.68798828125 +/- 10.042430877685547
epoch: 623 L: -2203.602783203125 F: -2210.164306640625 +/- 15.172090530395508
epoch: 624 L: -2187.712890625 F: -2195.51318359375 +/- 22.36223602294922
epoch: 625 L: -2209.549560546875 F: -2215.72216796875 +/- 14.117317199707031
epoch: 626 L: -2216.30419921875 F: -2219.265625 +/- 11.38772964477539
epoch: 627 L: -2202.71728515625 F: -2211.72900390625 +/- 18.4359130859375
epoch: 628 L: -2210.966796875 F: -2220.3515625 +/- 10.665776252746582
epoch: 629 L: -2216.28173828125 F: -2219.4677734375 +/- 11.684830665588379
epoch: 630 L: -2216.601318359375 F: -2223.2158203125 +/- 10.515485763549805
accratio_z: 0.03125 obs_z: 0.2818951247706991  +/-  0.015506088901348367
accratio_x: 0.8671875 obs_x: 0.07424689827212205  +/-  0.008021140510576168
epoch: 631 L: -2210.902099609375 F: -2214.207763671875 +/- 11.054436683654785
epoch: 632 L: -2216.8193359375 F: -2220.595458984375 +/- 11.76657772064209
epoch: 633 L: -2213.095703125 F: -2216.83837890625 +/- 12.642184257507324
epoch: 634 L: -2212.5068359375 F: -2215.4267578125 +/- 12.92522144317627
epoch: 635 L: -2221.399658203125 F: -2224.71923828125 +/- 10.060827255249023
epoch: 636 L: -2213.017578125 F: -2215.936279296875 +/- 11.069170951843262
epoch: 637 L: -2221.203857421875 F: -2225.45458984375 +/- 9.966068267822266
epoch: 638 L: -2217.171875 F: -2220.065185546875 +/- 10.720218658447266
epoch: 639 L: -2223.086181640625 F: -2226.48486328125 +/- 9.632780075073242
epoch: 640 L: -2217.40380859375 F: -2220.663330078125 +/- 9.927600860595703
accratio_z: 0.0078125 obs_z: 0.35554016865262383  +/-  0.017037465356737162
accratio_x: 0.921875 obs_x: 0.07516574821414679  +/-  0.008404582023703044
epoch: 641 L: -2219.15869140625 F: -2221.56396484375 +/- 9.803196907043457
epoch: 642 L: -2218.2919921875 F: -2224.82373046875 +/- 8.97512435913086
epoch: 643 L: -2218.71728515625 F: -2222.949462890625 +/- 11.323229789733887
epoch: 644 L: -2224.00341796875 F: -2227.2451171875 +/- 10.065980911254883
epoch: 645 L: -2217.263916015625 F: -2222.946533203125 +/- 11.886849403381348
epoch: 646 L: -2220.799560546875 F: -2224.191650390625 +/- 9.745382308959961
epoch: 647 L: -2224.844482421875 F: -2227.63916015625 +/- 8.941488265991211
epoch: 648 L: -2223.912109375 F: -2228.1474609375 +/- 8.801093101501465
epoch: 649 L: -2224.4990234375 F: -2227.35205078125 +/- 9.438406944274902
epoch: 650 L: -2223.004638671875 F: -2226.19580078125 +/- 9.249655723571777
accratio_z: 0.015625 obs_z: 0.40818870138721763  +/-  0.017168009988637902
accratio_x: 0.8828125 obs_x: 0.074740297471596  +/-  0.008335507725797633
epoch: 651 L: -2224.544189453125 F: -2227.399658203125 +/- 10.259498596191406
epoch: 652 L: -2223.132568359375 F: -2225.487548828125 +/- 9.051876068115234
epoch: 653 L: -2224.4697265625 F: -2226.53369140625 +/- 10.320500373840332
epoch: 654 L: -2225.45068359375 F: -2227.503173828125 +/- 9.920390129089355
epoch: 655 L: -2221.75244140625 F: -2226.087890625 +/- 9.40710735321045
epoch: 656 L: -2226.30126953125 F: -2228.36767578125 +/- 9.1611909866333
epoch: 657 L: -2225.124267578125 F: -2228.154296875 +/- 7.61985969543457
epoch: 658 L: -2226.99658203125 F: -2229.51025390625 +/- 8.435503959655762
epoch: 659 L: -2224.5537109375 F: -2227.322021484375 +/- 9.651248931884766
epoch: 660 L: -2225.94921875 F: -2228.137451171875 +/- 10.18374252319336
accratio_z: 0.0390625 obs_z: 0.4002777698418285  +/-  0.015460244737491354
accratio_x: 0.8203125 obs_x: 0.07926305755195528  +/-  0.008959963072838868
epoch: 661 L: -2226.4716796875 F: -2229.12158203125 +/- 8.656158447265625
epoch: 662 L: -2227.237060546875 F: -2229.900634765625 +/- 6.791999816894531
epoch: 663 L: -2228.069091796875 F: -2230.66552734375 +/- 9.62663459777832
epoch: 664 L: -2226.784423828125 F: -2228.8017578125 +/- 7.660887718200684
epoch: 665 L: -2226.48583984375 F: -2228.85888671875 +/- 8.904885292053223
epoch: 666 L: -2227.42138671875 F: -2229.140869140625 +/- 8.500842094421387
epoch: 667 L: -2226.66357421875 F: -2228.9033203125 +/- 8.771551132202148
epoch: 668 L: -2228.053466796875 F: -2230.06298828125 +/- 8.329110145568848
epoch: 669 L: -2227.36279296875 F: -2229.30615234375 +/- 8.707387924194336
epoch: 670 L: -2228.3076171875 F: -2230.06201171875 +/- 9.132882118225098
accratio_z: 0.0234375 obs_z: 0.38417922810594973  +/-  0.01480682780305228
accratio_x: 0.8203125 obs_x: 0.07936190535762933  +/-  0.008594778257830778
epoch: 671 L: -2227.87841796875 F: -2229.90576171875 +/- 8.989298820495605
epoch: 672 L: -2227.1884765625 F: -2229.2353515625 +/- 9.536938667297363
epoch: 673 L: -2227.3525390625 F: -2229.46923828125 +/- 8.332634925842285
epoch: 674 L: -2227.151611328125 F: -2229.3623046875 +/- 8.453075408935547
epoch: 675 L: -2226.639892578125 F: -2228.32421875 +/- 8.704753875732422
epoch: 676 L: -2225.828369140625 F: -2228.3193359375 +/- 8.660382270812988
epoch: 677 L: -2227.293212890625 F: -2229.326904296875 +/- 8.847909927368164
epoch: 678 L: -2227.541015625 F: -2229.2451171875 +/- 8.075212478637695
epoch: 679 L: -2227.81396484375 F: -2229.92431640625 +/- 8.670482635498047
epoch: 680 L: -2227.42626953125 F: -2229.7431640625 +/- 8.756745338439941
accratio_z: 0.0625 obs_z: 0.3887877866122835  +/-  0.01405391236919457
accratio_x: 0.8828125 obs_x: 0.0796225708146423  +/-  0.008844012267100448
epoch: 681 L: -2226.863037109375 F: -2229.13671875 +/- 8.860755920410156
epoch: 682 L: -2227.255126953125 F: -2230.0869140625 +/- 8.908632278442383
epoch: 683 L: -2227.72412109375 F: -2229.23388671875 +/- 9.52257251739502
epoch: 684 L: -2227.8916015625 F: -2229.78955078125 +/- 8.845309257507324
epoch: 685 L: -2226.3837890625 F: -2228.52587890625 +/- 8.988787651062012
epoch: 686 L: -2227.69873046875 F: -2229.623779296875 +/- 9.158524513244629
epoch: 687 L: -2228.58447265625 F: -2230.17431640625 +/- 8.121561050415039
epoch: 688 L: -2227.43359375 F: -2229.44970703125 +/- 8.586078643798828
epoch: 689 L: -2227.45458984375 F: -2229.265625 +/- 9.535107612609863
epoch: 690 L: -2224.413330078125 F: -2226.95947265625 +/- 9.269660949707031
accratio_z: 0.046875 obs_z: 0.4025120121981409  +/-  0.015649547406999878
accratio_x: 0.9140625 obs_x: 0.07871626742681403  +/-  0.008707182838465017
epoch: 691 L: -2224.740234375 F: -2227.06103515625 +/- 8.620035171508789
epoch: 692 L: -2226.350830078125 F: -2228.2412109375 +/- 9.31311321258545
epoch: 693 L: -2227.28173828125 F: -2229.00732421875 +/- 8.07378101348877
epoch: 694 L: -2224.08544921875 F: -2225.923828125 +/- 10.060323715209961
epoch: 695 L: -2223.37890625 F: -2225.76904296875 +/- 11.383813858032227
epoch: 696 L: -2227.049560546875 F: -2229.197265625 +/- 9.355961799621582
epoch: 697 L: -2228.03857421875 F: -2229.822265625 +/- 8.3196439743042
epoch: 698 L: -2227.34228515625 F: -2228.946533203125 +/- 8.900883674621582
epoch: 699 L: -2224.940185546875 F: -2227.571533203125 +/- 8.827629089355469
epoch: 700 L: -2226.6259765625 F: -2229.086181640625 +/- 8.775053024291992
accratio_z: 0.140625 obs_z: 0.39233055419435914  +/-  0.014503410486762632
accratio_x: 0.8671875 obs_x: 0.07945111720799325  +/-  0.00883111569719983
epoch: 701 L: -2228.6708984375 F: -2230.270751953125 +/- 9.07768726348877
epoch: 702 L: -2224.939453125 F: -2227.827392578125 +/- 9.283424377441406
epoch: 703 L: -2229.568359375 F: -2231.015625 +/- 7.770322322845459
epoch: 704 L: -2226.89453125 F: -2230.061279296875 +/- 7.918294429779053
epoch: 705 L: -2227.9931640625 F: -2230.42138671875 +/- 9.062735557556152
epoch: 706 L: -2226.905029296875 F: -2229.68359375 +/- 9.678418159484863
epoch: 707 L: -2228.103515625 F: -2229.35107421875 +/- 9.207364082336426
epoch: 708 L: -2227.463623046875 F: -2230.09130859375 +/- 8.231283187866211
epoch: 709 L: -2222.619384765625 F: -2226.5673828125 +/- 9.859294891357422
epoch: 710 L: -2226.23388671875 F: -2228.152099609375 +/- 9.221542358398438
accratio_z: 0.140625 obs_z: 0.3946532834424943  +/-  0.012675348831828578
accratio_x: 0.8671875 obs_x: 0.08001416719741927  +/-  0.00885470485319542
epoch: 711 L: -2225.6533203125 F: -2228.173583984375 +/- 8.769655227661133
epoch: 712 L: -2224.3486328125 F: -2228.19140625 +/- 9.248478889465332
epoch: 713 L: -2224.18408203125 F: -2226.28466796875 +/- 9.349945068359375
epoch: 714 L: -2225.37451171875 F: -2227.619140625 +/- 9.675113677978516
epoch: 715 L: -2221.5205078125 F: -2226.5810546875 +/- 10.838358879089355
epoch: 716 L: -2224.4072265625 F: -2228.97900390625 +/- 9.333184242248535
epoch: 717 L: -2227.856201171875 F: -2230.1103515625 +/- 7.994970798492432
epoch: 718 L: -2224.19921875 F: -2229.482421875 +/- 7.997008323669434
epoch: 719 L: -2224.61181640625 F: -2230.154541015625 +/- 7.988895893096924
epoch: 720 L: -2229.056640625 F: -2231.185546875 +/- 8.877799034118652
accratio_z: 0.0859375 obs_z: 0.4200722752020738  +/-  0.012762297050338548
accratio_x: 0.828125 obs_x: 0.08168316116753038  +/-  0.009242482577752155
epoch: 721 L: -2224.470703125 F: -2229.1533203125 +/- 8.782743453979492
epoch: 722 L: -2226.18212890625 F: -2230.4853515625 +/- 8.087858200073242
epoch: 723 L: -2228.69091796875 F: -2230.25390625 +/- 8.497624397277832
epoch: 724 L: -2221.49609375 F: -2225.21484375 +/- 11.02087688446045
epoch: 725 L: -2227.28271484375 F: -2229.33203125 +/- 8.32097339630127
epoch: 726 L: -2227.49365234375 F: -2231.008544921875 +/- 8.726448059082031
epoch: 727 L: -2222.605224609375 F: -2227.82763671875 +/- 8.789983749389648
epoch: 728 L: -2227.85595703125 F: -2231.04296875 +/- 9.399945259094238
epoch: 729 L: -2230.37744140625 F: -2232.36083984375 +/- 8.167896270751953
epoch: 730 L: -2228.789794921875 F: -2231.56591796875 +/- 7.5241923332214355
accratio_z: 0.140625 obs_z: 0.41588794803192286  +/-  0.011536391957082828
accratio_x: 0.8984375 obs_x: 0.08172365232411494  +/-  0.009170283826189393
epoch: 731 L: -2229.0703125 F: -2231.37646484375 +/- 7.93980598449707
epoch: 732 L: -2227.013427734375 F: -2229.103515625 +/- 8.362602233886719
epoch: 733 L: -2227.9775390625 F: -2230.60986328125 +/- 7.138827800750732
epoch: 734 L: -2226.859130859375 F: -2229.99462890625 +/- 8.352072715759277
epoch: 735 L: -2229.1328125 F: -2231.1142578125 +/- 8.389913558959961
epoch: 736 L: -2225.990234375 F: -2228.38623046875 +/- 8.89509105682373
epoch: 737 L: -2228.487548828125 F: -2230.328125 +/- 7.958169937133789
epoch: 738 L: -2231.25244140625 F: -2232.695556640625 +/- 7.108037948608398
epoch: 739 L: -2228.46923828125 F: -2230.51171875 +/- 7.799123764038086
epoch: 740 L: -2228.4013671875 F: -2230.840087890625 +/- 7.958092212677002
accratio_z: 0.0859375 obs_z: 0.3956469851427755  +/-  0.012674323696510306
accratio_x: 0.8828125 obs_x: 0.0811431168070822  +/-  0.008805229366963254
epoch: 741 L: -2225.34912109375 F: -2227.90771484375 +/- 8.811081886291504
epoch: 742 L: -2228.396484375 F: -2229.895263671875 +/- 8.995803833007812
epoch: 743 L: -2228.343017578125 F: -2230.591796875 +/- 8.289283752441406
epoch: 744 L: -2229.37890625 F: -2231.9990234375 +/- 7.9476423263549805
epoch: 745 L: -2230.340576171875 F: -2231.92626953125 +/- 8.489144325256348
epoch: 746 L: -2227.857421875 F: -2229.724365234375 +/- 8.7793550491333
epoch: 747 L: -2229.43017578125 F: -2230.943115234375 +/- 8.106302261352539
epoch: 748 L: -2229.592041015625 F: -2231.259765625 +/- 8.711316108703613
epoch: 749 L: -2228.96142578125 F: -2230.93115234375 +/- 8.587686538696289
epoch: 750 L: -2230.329345703125 F: -2231.9990234375 +/- 6.693787574768066
accratio_z: 0.125 obs_z: 0.38081482411735124  +/-  0.013723815052327757
accratio_x: 0.8828125 obs_x: 0.08191348940101761  +/-  0.009026190216523572
epoch: 751 L: -2230.45654296875 F: -2232.370849609375 +/- 7.209014415740967
epoch: 752 L: -2229.61083984375 F: -2231.400390625 +/- 7.316932201385498
epoch: 753 L: -2230.80419921875 F: -2232.70068359375 +/- 7.5100932121276855
epoch: 754 L: -2229.064453125 F: -2231.3681640625 +/- 8.203840255737305
epoch: 755 L: -2231.224853515625 F: -2233.123046875 +/- 7.42625093460083
epoch: 756 L: -2228.593994140625 F: -2230.7509765625 +/- 8.812226295471191
epoch: 757 L: -2228.767578125 F: -2230.7099609375 +/- 8.792082786560059
epoch: 758 L: -2228.51611328125 F: -2230.712890625 +/- 10.182005882263184
epoch: 759 L: -2228.7548828125 F: -2230.9697265625 +/- 7.022064208984375
epoch: 760 L: -2230.290283203125 F: -2232.53173828125 +/- 6.769893169403076
accratio_z: 0.1796875 obs_z: 0.3708673847005457  +/-  0.012928437562233733
accratio_x: 0.890625 obs_x: 0.0809128981521603  +/-  0.008778011802797627
epoch: 761 L: -2223.77734375 F: -2228.2509765625 +/- 9.73851203918457
epoch: 762 L: -2201.974609375 F: -2208.26171875 +/- 16.496469497680664
epoch: 763 L: -2140.6875 F: -2154.49560546875 +/- 36.59162521362305
epoch: 764 L: -2119.56396484375 F: -2145.49267578125 +/- 42.36333465576172
epoch: 765 L: -2189.359375 F: -2198.66259765625 +/- 11.596721649169922
epoch: 766 L: -2180.1826171875 F: -2195.93505859375 +/- 12.195213317871094
epoch: 767 L: -2173.184326171875 F: -2179.0712890625 +/- 17.58970832824707
epoch: 768 L: -2196.79833984375 F: -2205.67822265625 +/- 10.948246955871582
epoch: 769 L: -2184.103515625 F: -2194.840576171875 +/- 14.998266220092773
epoch: 770 L: -2191.79638671875 F: -2197.9130859375 +/- 13.86337661743164
accratio_z: 0.0703125 obs_z: 0.020518575391129362  +/-  0.0021714747242737495
accratio_x: 0.90625 obs_x: 0.07973343672868793  +/-  0.008416570700171112
epoch: 771 L: -2197.53125 F: -2207.228515625 +/- 11.390617370605469
epoch: 772 L: -2200.369873046875 F: -2206.25830078125 +/- 11.441059112548828
epoch: 773 L: -2197.42431640625 F: -2204.99462890625 +/- 12.014765739440918
epoch: 774 L: -2204.423583984375 F: -2210.686279296875 +/- 10.183857917785645
epoch: 775 L: -2207.02685546875 F: -2211.99853515625 +/- 9.948151588439941
epoch: 776 L: -2202.54833984375 F: -2207.54931640625 +/- 13.067060470581055
epoch: 777 L: -2214.637939453125 F: -2218.427734375 +/- 9.233113288879395
epoch: 778 L: -2205.674072265625 F: -2210.353759765625 +/- 11.964841842651367
epoch: 779 L: -2210.702880859375 F: -2215.23095703125 +/- 11.155110359191895
epoch: 780 L: -2216.1640625 F: -2219.31982421875 +/- 10.665409088134766
accratio_z: 0.0546875 obs_z: 0.04566727248335667  +/-  0.00505566583660229
accratio_x: 0.8359375 obs_x: 0.0821187825401557  +/-  0.00856785934497062
epoch: 781 L: -2214.302734375 F: -2217.3671875 +/- 10.020981788635254
epoch: 782 L: -2215.459228515625 F: -2218.6142578125 +/- 10.794612884521484
epoch: 783 L: -2215.0205078125 F: -2219.26123046875 +/- 11.674951553344727
epoch: 784 L: -2217.8330078125 F: -2220.38916015625 +/- 8.95461654663086
epoch: 785 L: -2216.638916015625 F: -2220.516357421875 +/- 10.00027084350586
epoch: 786 L: -2217.60302734375 F: -2220.959716796875 +/- 10.279997825622559
epoch: 787 L: -2219.22412109375 F: -2222.0703125 +/- 10.216060638427734
epoch: 788 L: -2219.2421875 F: -2223.300537109375 +/- 9.272367477416992
epoch: 789 L: -2219.54052734375 F: -2221.548095703125 +/- 8.231332778930664
epoch: 790 L: -2220.12353515625 F: -2223.873291015625 +/- 10.247084617614746
accratio_z: 0.0234375 obs_z: 0.14181447122973623  +/-  0.012828266617876357
accratio_x: 0.875 obs_x: 0.08424149726127439  +/-  0.00875797312906174
epoch: 791 L: -2218.112548828125 F: -2221.2177734375 +/- 10.126523971557617
epoch: 792 L: -2221.31591796875 F: -2223.838134765625 +/- 10.071455001831055
epoch: 793 L: -2221.309326171875 F: -2224.398193359375 +/- 10.447430610656738
epoch: 794 L: -2221.6025390625 F: -2224.4775390625 +/- 10.00216007232666
epoch: 795 L: -2223.796875 F: -2227.5712890625 +/- 9.546046257019043
epoch: 796 L: -2225.03759765625 F: -2227.64404296875 +/- 8.368696212768555
epoch: 797 L: -2223.27294921875 F: -2226.883056640625 +/- 9.192429542541504
epoch: 798 L: -2225.943359375 F: -2228.46044921875 +/- 9.051008224487305
epoch: 799 L: -2224.725341796875 F: -2228.1357421875 +/- 9.754035949707031
