kernelShape: [2, 2]
total nubmer of trainable parameters: 1780400
epoch: 0 L: -915.107666015625 F: -1190.2763671875 +/- 75.24557495117188
epoch: 1 L: -168.7344970703125 F: -664.8638916015625 +/- 122.15443420410156
epoch: 2 L: -1193.2227783203125 F: -1342.065185546875 +/- 39.707767486572266
epoch: 3 L: -1353.604248046875 F: -1450.144775390625 +/- 30.054302215576172
epoch: 4 L: -1175.8173828125 F: -1365.5379638671875 +/- 44.833465576171875
epoch: 5 L: -1237.4288330078125 F: -1424.2515869140625 +/- 38.28091049194336
epoch: 6 L: -1443.3323974609375 F: -1545.6395263671875 +/- 29.262325286865234
epoch: 7 L: -1538.46630859375 F: -1599.6163330078125 +/- 24.80662727355957
epoch: 8 L: -1479.095947265625 F: -1584.498046875 +/- 29.019290924072266
epoch: 9 L: -1454.5628662109375 F: -1597.0496826171875 +/- 31.821487426757812
epoch: 10 L: -1554.4761962890625 F: -1649.1318359375 +/- 27.332910537719727
epoch: 11 L: -1681.0428466796875 F: -1713.0902099609375 +/- 27.224445343017578
epoch: 12 L: -1712.63623046875 F: -1751.642822265625 +/- 27.74577522277832
epoch: 13 L: -1676.3773193359375 F: -1772.3531494140625 +/- 28.680017471313477
epoch: 14 L: -1705.158447265625 F: -1812.49755859375 +/- 27.352703094482422
epoch: 15 L: -1803.0628662109375 F: -1862.414306640625 +/- 24.120710372924805
epoch: 16 L: -1878.1573486328125 F: -1901.400634765625 +/- 27.06914520263672
epoch: 17 L: -1860.580322265625 F: -1907.3470458984375 +/- 21.789840698242188
epoch: 18 L: -1836.6461181640625 F: -1905.642333984375 +/- 24.14690399169922
epoch: 19 L: -1875.8232421875 F: -1919.1220703125 +/- 23.50281524658203
epoch: 20 L: -1908.78173828125 F: -1940.069091796875 +/- 22.230194091796875
epoch: 21 L: -1899.041748046875 F: -1945.4962158203125 +/- 22.137041091918945
epoch: 22 L: -1922.2825927734375 F: -1961.7193603515625 +/- 24.045289993286133
epoch: 23 L: -1958.07373046875 F: -1974.24755859375 +/- 21.24432945251465
epoch: 24 L: -1982.20458984375 F: -1991.5545654296875 +/- 20.637001037597656
epoch: 25 L: -1978.1383056640625 F: -1998.1978759765625 +/- 23.383893966674805
epoch: 26 L: -1976.987060546875 F: -2006.5224609375 +/- 22.46341323852539
epoch: 27 L: -2000.3299560546875 F: -2020.8707275390625 +/- 21.631977081298828
epoch: 28 L: -2024.4451904296875 F: -2034.871337890625 +/- 20.1263370513916
epoch: 29 L: -2032.8046875 F: -2041.86083984375 +/- 19.842512130737305
epoch: 30 L: -2028.048095703125 F: -2040.3046875 +/- 18.169069290161133
epoch: 31 L: -2035.9300537109375 F: -2048.150390625 +/- 20.215553283691406
epoch: 32 L: -2051.002197265625 F: -2059.56494140625 +/- 19.694364547729492
epoch: 33 L: -2062.6875 F: -2068.3759765625 +/- 17.844552993774414
epoch: 34 L: -2073.96533203125 F: -2080.53076171875 +/- 18.801204681396484
epoch: 35 L: -2076.84033203125 F: -2086.381103515625 +/- 18.40552520751953
epoch: 36 L: -2084.785400390625 F: -2092.5537109375 +/- 21.193315505981445
epoch: 37 L: -2090.625 F: -2095.0166015625 +/- 16.407453536987305
epoch: 38 L: -2097.9677734375 F: -2100.05419921875 +/- 17.994400024414062
epoch: 39 L: -2100.18359375 F: -2103.98828125 +/- 19.137203216552734
epoch: 40 L: -2100.501953125 F: -2106.5947265625 +/- 16.6973934173584
epoch: 41 L: -2105.5 F: -2111.30517578125 +/- 20.956666946411133
epoch: 42 L: -2111.27880859375 F: -2115.176025390625 +/- 20.17721176147461
epoch: 43 L: -2120.495361328125 F: -2122.798583984375 +/- 16.982013702392578
epoch: 44 L: -2121.55712890625 F: -2124.618408203125 +/- 15.845381736755371
epoch: 45 L: -2122.2841796875 F: -2125.89892578125 +/- 17.680747985839844
epoch: 46 L: -2130.326171875 F: -2133.3056640625 +/- 17.506444931030273
epoch: 47 L: -2129.820068359375 F: -2131.78662109375 +/- 16.174476623535156
epoch: 48 L: -2135.7109375 F: -2137.010009765625 +/- 17.245084762573242
epoch: 49 L: -2136.8681640625 F: -2138.89208984375 +/- 20.13770866394043
epoch: 50 L: -2134.56201171875 F: -2137.73095703125 +/- 16.410991668701172
epoch: 51 L: -2135.8525390625 F: -2138.0849609375 +/- 16.936660766601562
accratio_z: 0.75 obs_z: 0.04002780367237957  +/-  0.004942689887649212
accratio_x: 0.875 obs_x: 0.005724050330329078  +/-  0.0006372580728212226
epoch: 52 L: -2140.131591796875 F: -2141.47216796875 +/- 16.12099838256836
accratio_z: 0.703125 obs_z: 0.05215282398582378  +/-  0.006528264846542822
accratio_x: 0.8984375 obs_x: 0.007650947875802672  +/-  0.0008543816863747899
epoch: 53 L: -2142.6181640625 F: -2144.026611328125 +/- 17.378219604492188
accratio_z: 0.671875 obs_z: 0.05593775456647254  +/-  0.0060248184809409055
accratio_x: 0.828125 obs_x: 0.0102421131355932  +/-  0.0011085067313471866
epoch: 54 L: -2141.07080078125 F: -2143.18017578125 +/- 17.422842025756836
accratio_z: 0.7734375 obs_z: 0.06749748386464738  +/-  0.00756226844936374
accratio_x: 0.859375 obs_x: 0.011522682485335167  +/-  0.0013789037491310622
epoch: 55 L: -2142.08935546875 F: -2144.7197265625 +/- 17.1026554107666
accratio_z: 0.65625 obs_z: 0.07929464743917991  +/-  0.008301734866926098
accratio_x: 0.8984375 obs_x: 0.013461082208806374  +/-  0.0017625560024077862
epoch: 56 L: -2144.55712890625 F: -2146.3134765625 +/- 18.366506576538086
accratio_z: 0.75 obs_z: 0.08485993683810333  +/-  0.009571915974222708
accratio_x: 0.8671875 obs_x: 0.01616264913270804  +/-  0.0021935550761803457
epoch: 57 L: -2145.649169921875 F: -2146.885986328125 +/- 17.32109832763672
accratio_z: 0.6640625 obs_z: 0.08949290189913484  +/-  0.009549489940321634
accratio_x: 0.8828125 obs_x: 0.019121841243786353  +/-  0.002392616525177377
epoch: 58 L: -2145.332763671875 F: -2146.569580078125 +/- 17.310779571533203
accratio_z: 0.625 obs_z: 0.10138664246035667  +/-  0.01102339583025367
accratio_x: 0.8828125 obs_x: 0.023581331535130534  +/-  0.002723853161779786
epoch: 59 L: -2148.6650390625 F: -2150.1142578125 +/- 17.496129989624023
accratio_z: 0.734375 obs_z: 0.10921293055017145  +/-  0.010051817110671789
accratio_x: 0.8671875 obs_x: 0.025950536480058517  +/-  0.0027634768904978135
epoch: 60 L: -2147.56787109375 F: -2149.99609375 +/- 16.167211532592773
accratio_z: 0.6484375 obs_z: 0.11014718858311484  +/-  0.009831411452259168
accratio_x: 0.890625 obs_x: 0.027821592362658132  +/-  0.0034567214722803154
epoch: 61 L: -2147.9580078125 F: -2149.90673828125 +/- 15.30823802947998
accratio_z: 0.6953125 obs_z: 0.10566399200689247  +/-  0.009652191727569585
accratio_x: 0.890625 obs_x: 0.0277699986404798  +/-  0.003245002243780558
epoch: 62 L: -2148.156005859375 F: -2149.85888671875 +/- 17.36049461364746
accratio_z: 0.6640625 obs_z: 0.11407230714591776  +/-  0.009673661592801338
accratio_x: 0.890625 obs_x: 0.029067187889748602  +/-  0.0036974264146928176
epoch: 63 L: -2148.04248046875 F: -2150.000732421875 +/- 18.138626098632812
accratio_z: 0.7265625 obs_z: 0.11769933837736346  +/-  0.011062412935264465
accratio_x: 0.875 obs_x: 0.029678318090803124  +/-  0.0037852543081984733
epoch: 64 L: -2146.739501953125 F: -2149.052734375 +/- 14.936310768127441
accratio_z: 0.6640625 obs_z: 0.12071061848505948  +/-  0.010194287935435363
accratio_x: 0.8984375 obs_x: 0.0321422687213726  +/-  0.004183045779768908
epoch: 65 L: -2150.01953125 F: -2152.13037109375 +/- 15.35157585144043
accratio_z: 0.7578125 obs_z: 0.11602829571269524  +/-  0.010179693015022024
accratio_x: 0.921875 obs_x: 0.037305664030721886  +/-  0.004713246508167287
epoch: 66 L: -2150.154296875 F: -2151.77099609375 +/- 15.59389877319336
accratio_z: 0.6953125 obs_z: 0.12125315524985125  +/-  0.010166169730601127
accratio_x: 0.8984375 obs_x: 0.039272357370634836  +/-  0.004927189021040964
epoch: 67 L: -2150.2587890625 F: -2151.980224609375 +/- 16.21185874938965
accratio_z: 0.765625 obs_z: 0.1350220021173385  +/-  0.011693762431640603
accratio_x: 0.875 obs_x: 0.04144072549121347  +/-  0.0051278761738213306
epoch: 68 L: -2147.4375 F: -2149.595458984375 +/- 18.492733001708984
accratio_z: 0.65625 obs_z: 0.1347687197453844  +/-  0.012288354124800782
accratio_x: 0.8671875 obs_x: 0.0461492023993344  +/-  0.005576176893849605
epoch: 69 L: -2148.29736328125 F: -2150.3291015625 +/- 16.109375
accratio_z: 0.6640625 obs_z: 0.13441979819149452  +/-  0.012394791616588874
accratio_x: 0.8828125 obs_x: 0.04771713674051625  +/-  0.005484271527789925
epoch: 70 L: -2148.963134765625 F: -2150.830322265625 +/- 15.71174144744873
accratio_z: 0.6796875 obs_z: 0.13167640026878757  +/-  0.012094191275013622
accratio_x: 0.859375 obs_x: 0.04954632952185278  +/-  0.005483325643251109
epoch: 71 L: -2151.65673828125 F: -2152.97314453125 +/- 16.950115203857422
accratio_z: 0.7109375 obs_z: 0.13124727701625716  +/-  0.011352736452905954
accratio_x: 0.828125 obs_x: 0.05100233554870215  +/-  0.005977404090820647
epoch: 72 L: -2150.19384765625 F: -2151.789306640625 +/- 15.849732398986816
accratio_z: 0.6796875 obs_z: 0.12189352006461701  +/-  0.010655586476044988
accratio_x: 0.8359375 obs_x: 0.05025876693801479  +/-  0.005847643846242003
epoch: 73 L: -2150.708251953125 F: -2152.446044921875 +/- 16.927200317382812
accratio_z: 0.609375 obs_z: 0.11893911582535743  +/-  0.01073235554258397
accratio_x: 0.8984375 obs_x: 0.05049374454357647  +/-  0.005780561662641501
epoch: 74 L: -2149.97509765625 F: -2151.5400390625 +/- 17.144840240478516
accratio_z: 0.671875 obs_z: 0.12504513588396549  +/-  0.011806927536469905
accratio_x: 0.859375 obs_x: 0.04910109363135007  +/-  0.00558434001614387
epoch: 75 L: -2153.4052734375 F: -2154.515625 +/- 14.83455753326416
accratio_z: 0.6875 obs_z: 0.13644455393679067  +/-  0.012618397381587775
accratio_x: 0.8671875 obs_x: 0.04878203809682069  +/-  0.005578373275738936
epoch: 76 L: -2151.394287109375 F: -2152.749267578125 +/- 14.631962776184082
accratio_z: 0.625 obs_z: 0.12580415277625434  +/-  0.011357638261772874
accratio_x: 0.9140625 obs_x: 0.05100173870748392  +/-  0.005830997410170038
epoch: 77 L: -2154.302490234375 F: -2156.091796875 +/- 14.861050605773926
accratio_z: 0.75 obs_z: 0.1400380952249145  +/-  0.011717048680652863
accratio_x: 0.90625 obs_x: 0.05244239989618027  +/-  0.0058369977126099095
epoch: 78 L: -2152.200439453125 F: -2153.775390625 +/- 16.10394287109375
accratio_z: 0.7421875 obs_z: 0.13553546894033275  +/-  0.01184146274106201
accratio_x: 0.8671875 obs_x: 0.054059579815344705  +/-  0.005908294511825363
epoch: 79 L: -2152.234375 F: -2153.786376953125 +/- 16.089950561523438
accratio_z: 0.6484375 obs_z: 0.1375895612420237  +/-  0.011970161541263614
accratio_x: 0.90625 obs_x: 0.05269928653202394  +/-  0.005848814641286554
