No specified saving path, using ./opt/replyMERA_ising_32_T_2.4_depthLevel_-1_MERA_l4_M2_H32_R2/
kernelShape: [2, 2]
total nubmer of trainable parameters: 216000
epoch: 0 L: -949.5404052734375 F: -1181.985595703125 +/- 70.8001708984375
epoch: 1 L: -1237.9891357421875 F: -1322.6708984375 +/- 48.38284683227539
epoch: 2 L: -1270.6627197265625 F: -1329.720947265625 +/- 46.013832092285156
epoch: 3 L: -1340.5946044921875 F: -1381.872314453125 +/- 28.483964920043945
epoch: 4 L: -1417.4813232421875 F: -1440.6214599609375 +/- 30.2997989654541
epoch: 5 L: -1449.21435546875 F: -1472.61474609375 +/- 28.12567901611328
epoch: 6 L: -1437.4698486328125 F: -1479.468017578125 +/- 31.466283798217773
epoch: 7 L: -1463.9046630859375 F: -1510.1588134765625 +/- 28.978214263916016
epoch: 8 L: -1493.7625732421875 F: -1536.9935302734375 +/- 26.12773323059082
epoch: 9 L: -1544.3773193359375 F: -1576.4232177734375 +/- 25.68536376953125
epoch: 10 L: -1569.821044921875 F: -1594.6136474609375 +/- 22.822664260864258
epoch: 11 L: -1583.69775390625 F: -1613.180908203125 +/- 19.291866302490234
epoch: 12 L: -1614.4259033203125 F: -1647.391357421875 +/- 24.200454711914062
epoch: 13 L: -1622.56005859375 F: -1652.8016357421875 +/- 28.589092254638672
epoch: 14 L: -1657.1905517578125 F: -1679.959716796875 +/- 35.89312744140625
epoch: 15 L: -1690.4083251953125 F: -1706.6046142578125 +/- 24.42101287841797
epoch: 16 L: -1704.14501953125 F: -1723.39892578125 +/- 23.155466079711914
epoch: 17 L: -1726.771728515625 F: -1750.250244140625 +/- 21.05145835876465
epoch: 18 L: -1749.1951904296875 F: -1771.8570556640625 +/- 30.850017547607422
epoch: 19 L: -1778.07275390625 F: -1794.6907958984375 +/- 26.098356246948242
epoch: 20 L: -1812.9534912109375 F: -1826.943359375 +/- 24.953895568847656
epoch: 21 L: -1821.20947265625 F: -1841.34033203125 +/- 24.083837509155273
epoch: 22 L: -1836.044677734375 F: -1858.0941162109375 +/- 22.05619239807129
epoch: 23 L: -1864.19873046875 F: -1884.9083251953125 +/- 22.03856086730957
epoch: 24 L: -1882.043701171875 F: -1900.06591796875 +/- 23.446455001831055
epoch: 25 L: -1897.640625 F: -1918.4544677734375 +/- 21.86296272277832
epoch: 26 L: -1910.9378662109375 F: -1929.9122314453125 +/- 29.939409255981445
epoch: 27 L: -1914.608642578125 F: -1935.006103515625 +/- 21.33942413330078
epoch: 28 L: -1927.812744140625 F: -1943.6416015625 +/- 24.189266204833984
epoch: 29 L: -1926.80908203125 F: -1945.1146240234375 +/- 26.319774627685547
epoch: 30 L: -1930.276611328125 F: -1949.203125 +/- 15.33820629119873
epoch: 31 L: -1947.8946533203125 F: -1962.4520263671875 +/- 22.327241897583008
epoch: 32 L: -1942.767578125 F: -1955.8057861328125 +/- 21.733558654785156
epoch: 33 L: -1957.9560546875 F: -1973.7186279296875 +/- 23.58985710144043
epoch: 34 L: -1968.5023193359375 F: -1979.655517578125 +/- 22.771854400634766
epoch: 35 L: -1983.2396240234375 F: -1992.8929443359375 +/- 20.199499130249023
epoch: 36 L: -1986.8294677734375 F: -1998.568603515625 +/- 19.288951873779297
epoch: 37 L: -1999.4554443359375 F: -2011.3338623046875 +/- 20.109376907348633
epoch: 38 L: -2008.7855224609375 F: -2016.7381591796875 +/- 19.159700393676758
epoch: 39 L: -2023.8966064453125 F: -2031.68701171875 +/- 18.823266983032227
epoch: 40 L: -2028.3360595703125 F: -2035.6544189453125 +/- 21.180543899536133
epoch: 41 L: -2044.4495849609375 F: -2049.71728515625 +/- 19.17725372314453
epoch: 42 L: -2048.7705078125 F: -2055.757080078125 +/- 19.0076961517334
epoch: 43 L: -2049.63232421875 F: -2054.89306640625 +/- 18.48605728149414
epoch: 44 L: -2063.037841796875 F: -2068.13134765625 +/- 19.82082176208496
epoch: 45 L: -2068.89599609375 F: -2073.828125 +/- 15.985688209533691
epoch: 46 L: -2073.31640625 F: -2077.891845703125 +/- 18.625659942626953
epoch: 47 L: -2078.470703125 F: -2082.712890625 +/- 14.584736824035645
epoch: 48 L: -2094.092529296875 F: -2098.47998046875 +/- 14.346454620361328
epoch: 49 L: -2092.5185546875 F: -2095.008056640625 +/- 20.89606285095215
epoch: 50 L: -2100.73486328125 F: -2102.692626953125 +/- 16.120275497436523
epoch: 51 L: -2107.46142578125 F: -2110.333984375 +/- 15.636731147766113
epoch: 52 L: -2105.569580078125 F: -2108.150146484375 +/- 15.200271606445312
epoch: 53 L: -2120.294921875 F: -2123.10693359375 +/- 18.559585571289062
epoch: 54 L: -2118.03076171875 F: -2121.08837890625 +/- 18.70283317565918
epoch: 55 L: -2122.9716796875 F: -2125.3037109375 +/- 17.603660583496094
epoch: 56 L: -2131.72509765625 F: -2134.434814453125 +/- 15.71068286895752
epoch: 57 L: -2129.1533203125 F: -2132.47265625 +/- 19.099990844726562
epoch: 58 L: -2129.3662109375 F: -2132.402587890625 +/- 21.141357421875
epoch: 59 L: -2133.774658203125 F: -2136.934326171875 +/- 18.727399826049805
epoch: 60 L: -2136.302734375 F: -2139.8271484375 +/- 17.61591148376465
accratio_z: 0.625 obs_z: 0.03320909857154675  +/-  0.006579216708783409
accratio_x: 0.9375 obs_x: 0.007010447593103208  +/-  0.0019024062090874539
epoch: 61 L: -2139.81298828125 F: -2141.79296875 +/- 13.33848762512207
epoch: 62 L: -2141.88916015625 F: -2143.41259765625 +/- 12.981110572814941
epoch: 63 L: -2133.865234375 F: -2136.41259765625 +/- 14.822127342224121
epoch: 64 L: -2148.10888671875 F: -2150.021240234375 +/- 11.532666206359863
epoch: 65 L: -2142.55712890625 F: -2144.336181640625 +/- 16.313982009887695
epoch: 66 L: -2147.56396484375 F: -2149.2734375 +/- 15.531984329223633
epoch: 67 L: -2151.275634765625 F: -2153.663330078125 +/- 14.976299285888672
epoch: 68 L: -2146.244140625 F: -2148.15234375 +/- 14.994441986083984
epoch: 69 L: -2143.259033203125 F: -2145.43017578125 +/- 14.263223648071289
epoch: 70 L: -2142.3837890625 F: -2144.6630859375 +/- 15.416088104248047
accratio_z: 0.71875 obs_z: 0.04746638814231119  +/-  0.009955089046360797
accratio_x: 0.90625 obs_x: 0.009248557021237502  +/-  0.001801231688790611
epoch: 71 L: -2149.304931640625 F: -2151.7978515625 +/- 17.646236419677734
epoch: 72 L: -2150.509033203125 F: -2152.749755859375 +/- 14.239533424377441
epoch: 73 L: -2145.910400390625 F: -2147.727783203125 +/- 15.162674903869629
epoch: 74 L: -2151.508056640625 F: -2153.31103515625 +/- 16.4912166595459
epoch: 75 L: -2144.375732421875 F: -2146.174560546875 +/- 15.540851593017578
epoch: 76 L: -2145.447265625 F: -2148.89306640625 +/- 17.85624885559082
epoch: 77 L: -2145.177001953125 F: -2147.035888671875 +/- 15.033169746398926
epoch: 78 L: -2141.1650390625 F: -2143.8369140625 +/- 15.065582275390625
epoch: 79 L: -2148.048828125 F: -2150.086181640625 +/- 13.597208023071289
epoch: 80 L: -2149.362548828125 F: -2151.1611328125 +/- 16.19995880126953
accratio_z: 0.8125 obs_z: 0.059676245769935576  +/-  0.012253850539575326
accratio_x: 0.8125 obs_x: 0.011352370008808066  +/-  0.0023178418640666222
epoch: 81 L: -2147.7451171875 F: -2149.654541015625 +/- 18.85584259033203
epoch: 82 L: -2150.991455078125 F: -2153.63525390625 +/- 17.71816635131836
epoch: 83 L: -2147.693359375 F: -2149.60693359375 +/- 14.694499015808105
epoch: 84 L: -2156.220458984375 F: -2158.020751953125 +/- 14.102862358093262
epoch: 85 L: -2146.00048828125 F: -2147.7919921875 +/- 15.956077575683594
epoch: 86 L: -2146.72607421875 F: -2148.821533203125 +/- 12.829879760742188
epoch: 87 L: -2148.597412109375 F: -2150.701171875 +/- 16.6650333404541
epoch: 88 L: -2153.071044921875 F: -2155.98828125 +/- 9.943208694458008
epoch: 89 L: -2154.582275390625 F: -2156.832275390625 +/- 11.333779335021973
epoch: 90 L: -2148.59521484375 F: -2150.581787109375 +/- 17.068937301635742
accratio_z: 0.6875 obs_z: 0.05814331101458947  +/-  0.011004251769414887
accratio_x: 0.9375 obs_x: 0.017227452386350706  +/-  0.0034354597884033744
epoch: 91 L: -2149.319091796875 F: -2151.353515625 +/- 12.367794036865234
epoch: 92 L: -2151.778076171875 F: -2153.520751953125 +/- 14.548046112060547
epoch: 93 L: -2152.689697265625 F: -2154.7724609375 +/- 20.49109649658203
epoch: 94 L: -2153.081298828125 F: -2155.6142578125 +/- 14.747563362121582
epoch: 95 L: -2149.9736328125 F: -2152.364013671875 +/- 12.909660339355469
epoch: 96 L: -2155.855712890625 F: -2158.645751953125 +/- 15.274023056030273
epoch: 97 L: -2154.501220703125 F: -2156.2568359375 +/- 15.834007263183594
epoch: 98 L: -2150.62255859375 F: -2153.052490234375 +/- 18.125791549682617
epoch: 99 L: -2159.161376953125 F: -2161.306396484375 +/- 15.553253173828125
epoch: 100 L: -2157.568603515625 F: -2159.16796875 +/- 14.154792785644531
accratio_z: 0.84375 obs_z: 0.07374485742775505  +/-  0.018071056608493917
accratio_x: 0.96875 obs_x: 0.019707935528089138  +/-  0.003879348502964535
epoch: 101 L: -2155.72509765625 F: -2157.84619140625 +/- 14.75403881072998
epoch: 102 L: -2156.652587890625 F: -2159.560302734375 +/- 12.482538223266602
epoch: 103 L: -2155.41748046875 F: -2158.026123046875 +/- 16.23238182067871
epoch: 104 L: -2157.67724609375 F: -2159.264404296875 +/- 11.355483055114746
epoch: 105 L: -2149.3525390625 F: -2151.735595703125 +/- 16.152442932128906
epoch: 106 L: -2152.076416015625 F: -2155.022216796875 +/- 18.438879013061523
epoch: 107 L: -2159.525146484375 F: -2161.622802734375 +/- 17.54788589477539
epoch: 108 L: -2155.8515625 F: -2157.7119140625 +/- 14.364981651306152
epoch: 109 L: -2159.68505859375 F: -2162.58447265625 +/- 11.864851951599121
epoch: 110 L: -2157.74365234375 F: -2159.9443359375 +/- 12.901296615600586
accratio_z: 0.625 obs_z: 0.07726204254989  +/-  0.016626555852457196
accratio_x: 0.78125 obs_x: 0.0216700813614068  +/-  0.004283690895959192
epoch: 111 L: -2152.05859375 F: -2155.03662109375 +/- 11.471179008483887
epoch: 112 L: -2160.7587890625 F: -2163.03076171875 +/- 13.31616497039795
epoch: 113 L: -2165.126953125 F: -2167.6865234375 +/- 19.789962768554688
epoch: 114 L: -2158.349365234375 F: -2160.676513671875 +/- 15.621131896972656
epoch: 115 L: -2157.517578125 F: -2160.2607421875 +/- 15.781454086303711
epoch: 116 L: -2158.056884765625 F: -2161.2734375 +/- 14.722308158874512
epoch: 117 L: -2159.913818359375 F: -2162.818359375 +/- 13.884721755981445
epoch: 118 L: -2161.908447265625 F: -2164.714599609375 +/- 13.058307647705078
epoch: 119 L: -2161.947021484375 F: -2164.44677734375 +/- 14.268658638000488
epoch: 120 L: -2158.318115234375 F: -2160.68017578125 +/- 17.58055877685547
accratio_z: 0.71875 obs_z: 0.07893401177170745  +/-  0.014294495697542736
accratio_x: 0.875 obs_x: 0.020794829704982476  +/-  0.0044662771529449625
epoch: 121 L: -2157.01220703125 F: -2160.23974609375 +/- 13.53464126586914
epoch: 122 L: -2164.630615234375 F: -2167.094970703125 +/- 12.609500885009766
epoch: 123 L: -2164.521240234375 F: -2167.576171875 +/- 12.31984806060791
epoch: 124 L: -2169.50341796875 F: -2171.572509765625 +/- 14.274237632751465
epoch: 125 L: -2166.18505859375 F: -2169.500732421875 +/- 11.933951377868652
epoch: 126 L: -2159.16845703125 F: -2162.12451171875 +/- 11.71638011932373
epoch: 127 L: -2162.2109375 F: -2164.63916015625 +/- 15.409482955932617
epoch: 128 L: -2162.084228515625 F: -2165.74169921875 +/- 16.988962173461914
epoch: 129 L: -2168.24853515625 F: -2170.569580078125 +/- 13.715824127197266
epoch: 130 L: -2168.7509765625 F: -2171.864990234375 +/- 14.907638549804688
accratio_z: 0.53125 obs_z: 0.0815695479104761  +/-  0.015373030443402455
accratio_x: 0.90625 obs_x: 0.021607351822280574  +/-  0.005318177293394213
epoch: 131 L: -2163.92724609375 F: -2167.558837890625 +/- 14.89974308013916
epoch: 132 L: -2165.908447265625 F: -2169.42578125 +/- 14.60709285736084
epoch: 133 L: -2162.7353515625 F: -2166.12744140625 +/- 11.820470809936523
epoch: 134 L: -2166.548583984375 F: -2169.91015625 +/- 17.521015167236328
epoch: 135 L: -2164.12744140625 F: -2167.31494140625 +/- 14.382490158081055
epoch: 136 L: -2172.51953125 F: -2174.89111328125 +/- 15.509150505065918
epoch: 137 L: -2166.677490234375 F: -2169.716796875 +/- 14.054516792297363
epoch: 138 L: -2163.1767578125 F: -2165.61279296875 +/- 15.187214851379395
epoch: 139 L: -2168.5322265625 F: -2172.1494140625 +/- 14.78311538696289
epoch: 140 L: -2166.32421875 F: -2169.971923828125 +/- 12.803430557250977
accratio_z: 0.6875 obs_z: 0.08055068093649709  +/-  0.02174881721703953
accratio_x: 0.90625 obs_x: 0.022580447327271713  +/-  0.004760022005495052
epoch: 141 L: -2166.064697265625 F: -2169.70849609375 +/- 12.726758003234863
epoch: 142 L: -2172.153564453125 F: -2175.3564453125 +/- 10.957438468933105
epoch: 143 L: -2168.834716796875 F: -2171.6318359375 +/- 14.575594902038574
epoch: 144 L: -2166.81298828125 F: -2170.445068359375 +/- 13.44841480255127
epoch: 145 L: -2170.509033203125 F: -2174.802978515625 +/- 11.488858222961426
epoch: 146 L: -2172.80615234375 F: -2176.246826171875 +/- 13.537500381469727
epoch: 147 L: -2169.29931640625 F: -2172.089111328125 +/- 15.337374687194824
epoch: 148 L: -2172.0341796875 F: -2176.090087890625 +/- 12.727250099182129
epoch: 149 L: -2170.674560546875 F: -2174.72509765625 +/- 14.23764419555664
epoch: 150 L: -2170.759765625 F: -2174.809814453125 +/- 12.061971664428711
accratio_z: 0.65625 obs_z: 0.08672035699623848  +/-  0.022373028639696625
accratio_x: 0.875 obs_x: 0.022852061541016155  +/-  0.005200571597955645
epoch: 151 L: -2172.586669921875 F: -2175.23779296875 +/- 12.207239151000977
epoch: 152 L: -2175.4375 F: -2179.783447265625 +/- 14.31758975982666
epoch: 153 L: -2168.842041015625 F: -2172.244873046875 +/- 16.11526107788086
epoch: 154 L: -2177.630859375 F: -2180.6533203125 +/- 14.818817138671875
epoch: 155 L: -2170.95361328125 F: -2174.443603515625 +/- 13.008865356445312
epoch: 156 L: -2172.941650390625 F: -2176.908935546875 +/- 10.360492706298828
epoch: 157 L: -2173.81103515625 F: -2177.5947265625 +/- 13.597216606140137
epoch: 158 L: -2174.8359375 F: -2178.68505859375 +/- 13.898313522338867
epoch: 159 L: -2177.818359375 F: -2181.151123046875 +/- 14.026241302490234
epoch: 160 L: -2175.12939453125 F: -2178.609130859375 +/- 12.23643684387207
accratio_z: 0.5 obs_z: 0.09652505687154189  +/-  0.02337195659225467
accratio_x: 1.0 obs_x: 0.031467923481547366  +/-  0.007098623679137896
epoch: 161 L: -2174.293212890625 F: -2178.05615234375 +/- 12.455024719238281
epoch: 162 L: -2175.8525390625 F: -2179.110595703125 +/- 10.798280715942383
epoch: 163 L: -2177.384765625 F: -2179.80810546875 +/- 13.592631340026855
epoch: 164 L: -2175.55078125 F: -2179.586181640625 +/- 10.440116882324219
epoch: 165 L: -2176.57958984375 F: -2179.942626953125 +/- 12.573951721191406
epoch: 166 L: -2174.12646484375 F: -2178.617919921875 +/- 13.466279983520508
epoch: 167 L: -2176.4267578125 F: -2180.82421875 +/- 10.643871307373047
epoch: 168 L: -2175.87158203125 F: -2179.75 +/- 9.263994216918945
epoch: 169 L: -2176.28076171875 F: -2179.7685546875 +/- 11.926770210266113
epoch: 170 L: -2176.3564453125 F: -2179.27099609375 +/- 13.451839447021484
accratio_z: 0.5625 obs_z: 0.07588624056427307  +/-  0.014850777914049202
accratio_x: 0.8125 obs_x: 0.03037509285059059  +/-  0.00632735600864883
epoch: 171 L: -2182.95556640625 F: -2185.689697265625 +/- 11.919344902038574
epoch: 172 L: -2174.9423828125 F: -2178.6044921875 +/- 10.859007835388184
epoch: 173 L: -2176.661376953125 F: -2180.667236328125 +/- 10.31229019165039
epoch: 174 L: -2183.099609375 F: -2186.13037109375 +/- 15.519948959350586
epoch: 175 L: -2183.27587890625 F: -2186.592529296875 +/- 11.25007438659668
epoch: 176 L: -2180.40478515625 F: -2183.775634765625 +/- 12.868611335754395
epoch: 177 L: -2178.80078125 F: -2182.864990234375 +/- 12.396341323852539
epoch: 178 L: -2182.134765625 F: -2185.56201171875 +/- 13.48471450805664
epoch: 179 L: -2186.48046875 F: -2189.50537109375 +/- 11.607337951660156
epoch: 180 L: -2181.09814453125 F: -2185.17919921875 +/- 11.979866027832031
accratio_z: 0.53125 obs_z: 0.09209982306362008  +/-  0.016866779369226006
accratio_x: 0.875 obs_x: 0.03260961032484033  +/-  0.006517292089861113
epoch: 181 L: -2183.5244140625 F: -2187.17333984375 +/- 13.06307315826416
epoch: 182 L: -2178.61279296875 F: -2181.96337890625 +/- 12.019857406616211
epoch: 183 L: -2180.0029296875 F: -2183.57080078125 +/- 13.543696403503418
epoch: 184 L: -2183.94873046875 F: -2187.28515625 +/- 12.955992698669434
epoch: 185 L: -2178.48388671875 F: -2182.546142578125 +/- 12.705564498901367
epoch: 186 L: -2183.7138671875 F: -2186.57177734375 +/- 11.309202194213867
epoch: 187 L: -2179.0732421875 F: -2183.348876953125 +/- 11.330000877380371
epoch: 188 L: -2181.78564453125 F: -2184.988037109375 +/- 10.273649215698242
epoch: 189 L: -2182.8740234375 F: -2186.355712890625 +/- 11.459404945373535
epoch: 190 L: -2183.52001953125 F: -2186.396240234375 +/- 11.445207595825195
accratio_z: 0.53125 obs_z: 0.11345485077526973  +/-  0.021665958933604196
accratio_x: 0.8125 obs_x: 0.03648835550438889  +/-  0.006895940671847871
epoch: 191 L: -2183.45751953125 F: -2187.6005859375 +/- 15.217218399047852
epoch: 192 L: -2181.060546875 F: -2185.904541015625 +/- 11.438982009887695
epoch: 193 L: -2185.1435546875 F: -2187.666015625 +/- 15.049299240112305
epoch: 194 L: -2179.82177734375 F: -2184.560791015625 +/- 12.119682312011719
epoch: 195 L: -2181.315185546875 F: -2185.751953125 +/- 14.97391414642334
epoch: 196 L: -2181.77197265625 F: -2186.423828125 +/- 13.481858253479004
epoch: 197 L: -2183.16845703125 F: -2187.16650390625 +/- 12.486879348754883
epoch: 198 L: -2185.71044921875 F: -2188.9091796875 +/- 14.87141227722168
epoch: 199 L: -2186.18896484375 F: -2189.5498046875 +/- 11.308732032775879
epoch: 200 L: -2188.69482421875 F: -2191.97314453125 +/- 11.226816177368164
accratio_z: 0.40625 obs_z: 0.11195985871167302  +/-  0.020371355263687756
accratio_x: 0.875 obs_x: 0.0382076204730879  +/-  0.007172938902881248
epoch: 201 L: -2187.3193359375 F: -2190.427978515625 +/- 11.996081352233887
epoch: 202 L: -2185.26806640625 F: -2189.16357421875 +/- 13.778146743774414
epoch: 203 L: -2185.796875 F: -2190.119384765625 +/- 11.268967628479004
epoch: 204 L: -2187.97216796875 F: -2191.968994140625 +/- 11.59469223022461
epoch: 205 L: -2187.7900390625 F: -2190.74951171875 +/- 12.859124183654785
epoch: 206 L: -2187.12109375 F: -2190.592041015625 +/- 12.967428207397461
epoch: 207 L: -2180.30810546875 F: -2184.313720703125 +/- 17.602584838867188
epoch: 208 L: -2193.293212890625 F: -2196.553955078125 +/- 12.760346412658691
epoch: 209 L: -2186.00830078125 F: -2190.162109375 +/- 15.444125175476074
epoch: 210 L: -2189.16650390625 F: -2192.539794921875 +/- 14.58849811553955
accratio_z: 0.46875 obs_z: 0.12747391187212997  +/-  0.02629256944732751
accratio_x: 0.875 obs_x: 0.04134612787606784  +/-  0.008499791554459256
epoch: 211 L: -2185.75 F: -2189.864990234375 +/- 13.303193092346191
epoch: 212 L: -2185.96484375 F: -2191.524169921875 +/- 10.768939018249512
epoch: 213 L: -2184.492431640625 F: -2188.712158203125 +/- 14.045852661132812
epoch: 214 L: -2189.25390625 F: -2192.99755859375 +/- 15.649903297424316
epoch: 215 L: -2187.76953125 F: -2191.2373046875 +/- 11.907261848449707
epoch: 216 L: -2183.108154296875 F: -2190.26123046875 +/- 16.108518600463867
epoch: 217 L: -2188.34521484375 F: -2191.2451171875 +/- 14.030750274658203
epoch: 218 L: -2188.43115234375 F: -2193.0673828125 +/- 10.656993865966797
epoch: 219 L: -2186.973388671875 F: -2191.618896484375 +/- 14.889235496520996
epoch: 220 L: -2183.0 F: -2187.332275390625 +/- 12.125640869140625
accratio_z: 0.53125 obs_z: 0.09494799555886857  +/-  0.018269202294999117
accratio_x: 0.875 obs_x: 0.044410503920836675  +/-  0.00869337395188058
Traceback (most recent call last):
  File "./main.py", line 149, in <module>
    LOSS,ZACC,ZOBS,XACC,XOBS = train.learnInterface(target,fw,batch,epochs,save=True,saveSteps = savePeriod,savePath=rootFolder,measureFn = measure,alpha=args.alpha,skipHMC=args.skipHMC)
  File "/cluster/home/hhuang05/NeuralRG/train/learn.py", line 173, in learnInterface
    with h5py.File(savePath+"records/"+flow.name+"HMCresult_epoch"+str(epoch)+".hdf5","w") as f:
  File "/cluster/home/hhuang05/.conda/envs/neuralrg/lib/python3.8/site-packages/h5py/_hl/files.py", line 562, in __init__
    fid = make_fid(name, mode, userblock_size, fapl, fcpl, swmr=swmr)
  File "/cluster/home/hhuang05/.conda/envs/neuralrg/lib/python3.8/site-packages/h5py/_hl/files.py", line 241, in make_fid
    fid = h5f.create(name, h5f.ACC_TRUNC, fapl=fapl, fcpl=fcpl)
  File "h5py/_objects.pyx", line 54, in h5py._objects.with_phil.wrapper
  File "h5py/_objects.pyx", line 55, in h5py._objects.with_phil.wrapper
  File "h5py/h5f.pyx", line 122, in h5py.h5f.create
FileNotFoundError: [Errno 2] Unable to synchronously create file (unable to open file: name = './opt/replyMERA_ising_32_T_2.4_depthLevel_-1_MERA_l4_M2_H32_R2/records/MERAHMCresult_epoch220.hdf5', errno = 2, error message = 'No such file or directory', flags = 13, o_flags = 242)
/var/spool/slurm/job31140425/slurm_script: line 20: -folder: command not found
