./main.py:139: FutureWarning: You are using `torch.load` with `weights_only=False` (the current default value), which uses the default pickle module implicitly. It is possible to construct malicious pickle data which will execute arbitrary code during unpickling (See https://github.com/pytorch/pytorch/blob/main/SECURITY.md#untrusted-models for more details). In a future release, the default value for `weights_only` will be flipped to `True`. This limits the functions that could be executed during unpickling. Arbitrary objects will no longer be allowed to be loaded via this mode unless they are explicitly allowlisted by the user via `torch.serialization.add_safe_globals`. We recommend you start setting `weights_only=True` for any use case where you don't have full control of the loaded file. Please open an issue on GitHub for any issues related to this experimental feature.
  saved = torch.load(name)
Using symmetry
kernelShape: [2, 2]
load saving at ./opt/32Ising_Annel_2.75to2.5_slow/savings/SymmMERA_l10_M3H64_R1_IsingSaving_epoch490.saving
total nubmer of trainable parameters: 1780400
epoch: 0 L: -2156.34716796875 F: -2156.34716796875 +/- 7.896585941314697
epoch: 1 L: -2158.816650390625 F: -2158.816650390625 +/- 8.756667137145996
epoch: 2 L: -2145.376953125 F: -2145.376953125 +/- 10.705978393554688
epoch: 3 L: -2165.87646484375 F: -2165.87646484375 +/- 6.716583251953125
epoch: 4 L: -2160.619384765625 F: -2160.619384765625 +/- 8.058149337768555
epoch: 5 L: -2161.4892578125 F: -2161.4892578125 +/- 7.948012828826904
epoch: 6 L: -2163.779296875 F: -2163.779296875 +/- 7.476426124572754
epoch: 7 L: -2166.350830078125 F: -2166.350830078125 +/- 7.963611125946045
epoch: 8 L: -2162.694580078125 F: -2162.694580078125 +/- 8.097342491149902
epoch: 9 L: -2165.075927734375 F: -2165.075927734375 +/- 7.53877067565918
epoch: 10 L: -2167.33935546875 F: -2167.33935546875 +/- 6.665780544281006
epoch: 11 L: -2166.3603515625 F: -2166.3603515625 +/- 7.035203456878662
epoch: 12 L: -2166.243408203125 F: -2166.243408203125 +/- 6.8843231201171875
epoch: 13 L: -2167.59326171875 F: -2167.59326171875 +/- 7.496802806854248
epoch: 14 L: -2167.750244140625 F: -2167.750244140625 +/- 6.471921443939209
epoch: 15 L: -2168.556640625 F: -2168.556640625 +/- 6.769435405731201
epoch: 16 L: -2166.729736328125 F: -2166.729736328125 +/- 7.655897617340088
epoch: 17 L: -2167.01806640625 F: -2167.01806640625 +/- 7.831583499908447
epoch: 18 L: -2168.324951171875 F: -2168.324951171875 +/- 8.046290397644043
epoch: 19 L: -2168.40869140625 F: -2168.40869140625 +/- 6.53652811050415
epoch: 20 L: -2168.4072265625 F: -2168.4072265625 +/- 6.615454196929932
epoch: 21 L: -2167.298583984375 F: -2167.298583984375 +/- 7.340758323669434
epoch: 22 L: -2168.10546875 F: -2168.10546875 +/- 7.203521251678467
epoch: 23 L: -2168.1748046875 F: -2168.1748046875 +/- 6.602816581726074
epoch: 24 L: -2169.4990234375 F: -2169.4990234375 +/- 6.718544960021973
epoch: 25 L: -2169.24267578125 F: -2169.24267578125 +/- 6.802834510803223
epoch: 26 L: -2168.45654296875 F: -2168.45654296875 +/- 6.343374252319336
epoch: 27 L: -2168.03369140625 F: -2168.03369140625 +/- 7.220035552978516
epoch: 28 L: -2169.20703125 F: -2169.20703125 +/- 7.477177619934082
epoch: 29 L: -2168.23779296875 F: -2168.23779296875 +/- 7.120760440826416
epoch: 30 L: -2169.7783203125 F: -2169.7783203125 +/- 6.953117847442627
epoch: 31 L: -2168.770263671875 F: -2168.770263671875 +/- 7.251464366912842
epoch: 32 L: -2170.34619140625 F: -2170.34619140625 +/- 7.808553218841553
epoch: 33 L: -2169.04150390625 F: -2169.04150390625 +/- 7.217990398406982
epoch: 34 L: -2169.69189453125 F: -2169.69189453125 +/- 7.163849830627441
epoch: 35 L: -2169.69189453125 F: -2169.69189453125 +/- 6.937150478363037
epoch: 36 L: -2168.940185546875 F: -2168.940185546875 +/- 6.968161106109619
epoch: 37 L: -2169.73583984375 F: -2169.73583984375 +/- 6.518357753753662
epoch: 38 L: -2169.65478515625 F: -2169.65478515625 +/- 6.432183265686035
epoch: 39 L: -2169.794921875 F: -2169.794921875 +/- 6.935340404510498
epoch: 40 L: -2169.75439453125 F: -2169.75439453125 +/- 5.952624797821045
epoch: 41 L: -2170.006103515625 F: -2170.006103515625 +/- 6.976760387420654
epoch: 42 L: -2169.99365234375 F: -2169.99365234375 +/- 6.543137073516846
epoch: 43 L: -2170.35791015625 F: -2170.35791015625 +/- 7.115211486816406
epoch: 44 L: -2168.797607421875 F: -2168.797607421875 +/- 6.600622653961182
epoch: 45 L: -2169.849853515625 F: -2169.849853515625 +/- 6.5506744384765625
epoch: 46 L: -2168.98486328125 F: -2168.98486328125 +/- 6.656452178955078
epoch: 47 L: -2170.36376953125 F: -2170.36376953125 +/- 6.884939193725586
epoch: 48 L: -2171.214599609375 F: -2171.214599609375 +/- 6.636493682861328
epoch: 49 L: -2169.98828125 F: -2169.98828125 +/- 6.167349338531494
epoch: 50 L: -2169.63427734375 F: -2169.63427734375 +/- 6.116641998291016
epoch: 51 L: -2169.37451171875 F: -2169.37451171875 +/- 6.466070175170898
epoch: 52 L: -2169.17529296875 F: -2169.17529296875 +/- 6.761992454528809
epoch: 53 L: -2169.771484375 F: -2169.771484375 +/- 7.119947910308838
epoch: 54 L: -2170.42822265625 F: -2170.42822265625 +/- 6.802548408508301
epoch: 55 L: -2169.3994140625 F: -2169.3994140625 +/- 6.9624176025390625
accratio_z: 0.0546875 obs_z: 0.08423651540897481  +/-  0.006178393569129492
accratio_x: 0.8671875 obs_x: 0.005706537731262382  +/-  0.0006340063582209274
epoch: 56 L: -2169.0078125 F: -2169.0078125 +/- 6.812337398529053
epoch: 57 L: -2170.192138671875 F: -2170.192138671875 +/- 6.624232769012451
epoch: 58 L: -2169.564208984375 F: -2169.564208984375 +/- 7.450405120849609
epoch: 59 L: -2170.0947265625 F: -2170.0947265625 +/- 5.416973114013672
epoch: 60 L: -2169.43115234375 F: -2169.43115234375 +/- 6.451996803283691
accratio_z: 0.1015625 obs_z: 0.08243227510741491  +/-  0.006644158800707495
accratio_x: 0.8828125 obs_x: 0.009405919049374711  +/-  0.0010998187324187882
epoch: 61 L: -2169.8486328125 F: -2169.8486328125 +/- 6.573459148406982
epoch: 62 L: -2169.462890625 F: -2169.462890625 +/- 6.9687395095825195
epoch: 63 L: -2169.839111328125 F: -2169.839111328125 +/- 6.893759727478027
epoch: 64 L: -2168.98388671875 F: -2168.98388671875 +/- 6.748292446136475
epoch: 65 L: -2170.118896484375 F: -2170.118896484375 +/- 7.018823146820068
accratio_z: 0.1015625 obs_z: 0.07684055741102469  +/-  0.007188080452046212
accratio_x: 0.890625 obs_x: 0.01222513326160879  +/-  0.0015020241028211511
epoch: 66 L: -2169.298095703125 F: -2169.298095703125 +/- 6.216372013092041
epoch: 67 L: -2170.20068359375 F: -2170.20068359375 +/- 6.454970359802246
epoch: 68 L: -2169.41796875 F: -2169.41796875 +/- 6.9150614738464355
epoch: 69 L: -2169.9619140625 F: -2169.9619140625 +/- 7.0090765953063965
epoch: 70 L: -2169.388916015625 F: -2169.388916015625 +/- 6.833799839019775
accratio_z: 0.140625 obs_z: 0.06978733288238459  +/-  0.007178336969655095
accratio_x: 0.890625 obs_x: 0.014387171251758174  +/-  0.0018819507578702584
epoch: 71 L: -2170.060791015625 F: -2170.060791015625 +/- 7.220569133758545
epoch: 72 L: -2169.5419921875 F: -2169.5419921875 +/- 7.90431022644043
epoch: 73 L: -2169.8203125 F: -2169.8203125 +/- 7.189162254333496
epoch: 74 L: -2168.5849609375 F: -2168.5849609375 +/- 6.915451526641846
epoch: 75 L: -2170.513916015625 F: -2170.513916015625 +/- 6.650169849395752
accratio_z: 0.109375 obs_z: 0.06699586346922759  +/-  0.0072816039242299645
accratio_x: 0.84375 obs_x: 0.016219063051000404  +/-  0.0020470252502714104
epoch: 76 L: -2168.427490234375 F: -2168.427490234375 +/- 7.240302562713623
epoch: 77 L: -2169.953857421875 F: -2169.953857421875 +/- 6.278351306915283
epoch: 78 L: -2167.980712890625 F: -2167.980712890625 +/- 6.091629505157471
epoch: 79 L: -2170.2919921875 F: -2170.2919921875 +/- 6.237783908843994
epoch: 80 L: -2168.076416015625 F: -2168.076416015625 +/- 7.81473445892334
accratio_z: 0.0625 obs_z: 0.06022945915148082  +/-  0.0058024462378973895
accratio_x: 0.859375 obs_x: 0.01742697104813834  +/-  0.002101034189969782
epoch: 81 L: -2169.67626953125 F: -2169.67626953125 +/- 7.263518810272217
epoch: 82 L: -2168.37841796875 F: -2168.37841796875 +/- 7.465095520019531
epoch: 83 L: -2169.890869140625 F: -2169.890869140625 +/- 6.110565185546875
epoch: 84 L: -2169.51171875 F: -2169.51171875 +/- 7.50148344039917
epoch: 85 L: -2170.983642578125 F: -2170.983642578125 +/- 6.385581016540527
accratio_z: 0.140625 obs_z: 0.06396480153503248  +/-  0.007460064633296876
accratio_x: 0.875 obs_x: 0.01966013250784382  +/-  0.0025304177434520396
epoch: 86 L: -2169.73046875 F: -2169.73046875 +/- 6.526897430419922
epoch: 87 L: -2169.13134765625 F: -2169.13134765625 +/- 6.43004035949707
epoch: 88 L: -2170.0830078125 F: -2170.0830078125 +/- 6.423829555511475
epoch: 89 L: -2168.9033203125 F: -2168.9033203125 +/- 7.365334510803223
epoch: 90 L: -2170.5244140625 F: -2170.5244140625 +/- 6.808297634124756
accratio_z: 0.1015625 obs_z: 0.06833523059120239  +/-  0.007781570610398502
accratio_x: 0.859375 obs_x: 0.01987631486250141  +/-  0.0022161902794478766
epoch: 91 L: -2168.3037109375 F: -2168.3037109375 +/- 7.10058069229126
epoch: 92 L: -2171.489501953125 F: -2171.489501953125 +/- 6.403974533081055
epoch: 93 L: -2169.09814453125 F: -2169.09814453125 +/- 6.438918590545654
epoch: 94 L: -2170.997314453125 F: -2170.997314453125 +/- 6.078873157501221
epoch: 95 L: -2168.90966796875 F: -2168.90966796875 +/- 7.513576984405518
accratio_z: 0.0703125 obs_z: 0.07110165820293801  +/-  0.008064407403295969
accratio_x: 0.890625 obs_x: 0.01980705911189773  +/-  0.0021595466595008142
epoch: 96 L: -2169.888427734375 F: -2169.888427734375 +/- 6.2900285720825195
epoch: 97 L: -2170.9462890625 F: -2170.9462890625 +/- 6.608253002166748
epoch: 98 L: -2169.74462890625 F: -2169.74462890625 +/- 6.73602819442749
epoch: 99 L: -2169.23095703125 F: -2169.23095703125 +/- 7.136620044708252
epoch: 100 L: -2170.6494140625 F: -2170.6494140625 +/- 6.264025688171387
accratio_z: 0.0859375 obs_z: 0.06430382266592016  +/-  0.007422921658719203
accratio_x: 0.8984375 obs_x: 0.020635698887554982  +/-  0.0023791823858455535
epoch: 101 L: -2170.11181640625 F: -2170.11181640625 +/- 7.230940818786621
epoch: 102 L: -2168.70947265625 F: -2168.70947265625 +/- 6.978348255157471
epoch: 103 L: -2170.73095703125 F: -2170.73095703125 +/- 6.589674472808838
epoch: 104 L: -2170.175537109375 F: -2170.175537109375 +/- 7.215643882751465
epoch: 105 L: -2169.3037109375 F: -2169.3037109375 +/- 6.950707912445068
accratio_z: 0.1171875 obs_z: 0.06052935113996938  +/-  0.006448221166353477
accratio_x: 0.84375 obs_x: 0.022785387016867276  +/-  0.002597880253453082
epoch: 106 L: -2168.863037109375 F: -2168.863037109375 +/- 6.3390679359436035
epoch: 107 L: -2169.73291015625 F: -2169.73291015625 +/- 6.568094730377197
epoch: 108 L: -2169.427490234375 F: -2169.427490234375 +/- 6.787331581115723
epoch: 109 L: -2170.067138671875 F: -2170.067138671875 +/- 6.922049522399902
epoch: 110 L: -2169.276123046875 F: -2169.276123046875 +/- 6.923086643218994
accratio_z: 0.0625 obs_z: 0.05853903817136619  +/-  0.006489325972210903
accratio_x: 0.8984375 obs_x: 0.02481316044934634  +/-  0.0028659962358409683
epoch: 111 L: -2170.6552734375 F: -2170.6552734375 +/- 7.517055034637451
epoch: 112 L: -2169.724853515625 F: -2169.724853515625 +/- 6.532866954803467
epoch: 113 L: -2171.33984375 F: -2171.33984375 +/- 6.746391296386719
epoch: 114 L: -2169.93701171875 F: -2169.93701171875 +/- 6.831521987915039
epoch: 115 L: -2170.56396484375 F: -2170.56396484375 +/- 6.723006725311279
accratio_z: 0.1015625 obs_z: 0.0585208816886329  +/-  0.00640859824272055
accratio_x: 0.90625 obs_x: 0.025063733624819617  +/-  0.0028741773696691806
epoch: 116 L: -2168.882568359375 F: -2168.882568359375 +/- 7.205173492431641
epoch: 117 L: -2169.968017578125 F: -2169.968017578125 +/- 7.19890022277832
epoch: 118 L: -2169.168212890625 F: -2169.168212890625 +/- 7.694675922393799
epoch: 119 L: -2170.2705078125 F: -2170.2705078125 +/- 5.646279335021973
epoch: 120 L: -2169.87255859375 F: -2169.87255859375 +/- 6.563129425048828
accratio_z: 0.1015625 obs_z: 0.05954807258803713  +/-  0.006490847619178066
accratio_x: 0.84375 obs_x: 0.02485196305813675  +/-  0.002721094229702812
epoch: 121 L: -2170.731689453125 F: -2170.731689453125 +/- 6.453067302703857
epoch: 122 L: -2169.00439453125 F: -2169.00439453125 +/- 6.415411949157715
epoch: 123 L: -2168.833984375 F: -2168.833984375 +/- 6.133311748504639
epoch: 124 L: -2169.0712890625 F: -2169.0712890625 +/- 6.602970600128174
epoch: 125 L: -2170.53564453125 F: -2170.53564453125 +/- 7.0686564445495605
accratio_z: 0.1015625 obs_z: 0.05550622588722831  +/-  0.005843770277973805
accratio_x: 0.890625 obs_x: 0.026408887585901653  +/-  0.002715941926732729
epoch: 126 L: -2169.050048828125 F: -2169.050048828125 +/- 6.412498950958252
epoch: 127 L: -2169.328857421875 F: -2169.328857421875 +/- 6.54539155960083
epoch: 128 L: -2168.60205078125 F: -2168.60205078125 +/- 7.042002201080322
epoch: 129 L: -2169.498779296875 F: -2169.498779296875 +/- 7.057686805725098
epoch: 130 L: -2169.6484375 F: -2169.6484375 +/- 7.295635223388672
accratio_z: 0.125 obs_z: 0.053757141470406694  +/-  0.0059300360948794815
accratio_x: 0.875 obs_x: 0.02933746145814542  +/-  0.0031394247419736093
epoch: 131 L: -2169.521484375 F: -2169.521484375 +/- 6.1938395500183105
epoch: 132 L: -2169.532958984375 F: -2169.532958984375 +/- 7.092569828033447
epoch: 133 L: -2170.27294921875 F: -2170.27294921875 +/- 6.16794490814209
epoch: 134 L: -2168.57080078125 F: -2168.57080078125 +/- 7.249605655670166
epoch: 135 L: -2170.20751953125 F: -2170.20751953125 +/- 6.140884876251221
accratio_z: 0.109375 obs_z: 0.06317687288603224  +/-  0.006705035399190113
accratio_x: 0.859375 obs_x: 0.029635150025757895  +/-  0.0030842829352934233
epoch: 136 L: -2169.244140625 F: -2169.244140625 +/- 7.086348056793213
epoch: 137 L: -2170.974609375 F: -2170.974609375 +/- 7.256655693054199
epoch: 138 L: -2169.263916015625 F: -2169.263916015625 +/- 7.704458713531494
epoch: 139 L: -2170.43701171875 F: -2170.43701171875 +/- 7.435253620147705
epoch: 140 L: -2169.892333984375 F: -2169.892333984375 +/- 6.124186992645264
accratio_z: 0.0234375 obs_z: 0.0637572782613205  +/-  0.006753257293889672
accratio_x: 0.890625 obs_x: 0.030079410818591334  +/-  0.0031361031014669185
epoch: 141 L: -2169.91064453125 F: -2169.91064453125 +/- 6.699138641357422
epoch: 142 L: -2169.92822265625 F: -2169.92822265625 +/- 6.824089050292969
epoch: 143 L: -2169.76220703125 F: -2169.76220703125 +/- 6.536651134490967
epoch: 144 L: -2170.470947265625 F: -2170.470947265625 +/- 6.426426887512207
epoch: 145 L: -2169.651123046875 F: -2169.651123046875 +/- 6.863935470581055
accratio_z: 0.09375 obs_z: 0.0664683510686448  +/-  0.007174452735034247
accratio_x: 0.90625 obs_x: 0.030815205936995937  +/-  0.0030295744667084112
epoch: 146 L: -2169.64599609375 F: -2169.64599609375 +/- 6.522772789001465
epoch: 147 L: -2169.85595703125 F: -2169.85595703125 +/- 6.262162685394287
epoch: 148 L: -2169.670654296875 F: -2169.670654296875 +/- 6.556286811828613
epoch: 149 L: -2171.15185546875 F: -2171.15185546875 +/- 5.485143661499023
epoch: 150 L: -2170.215087890625 F: -2170.215087890625 +/- 6.220466613769531
accratio_z: 0.1015625 obs_z: 0.062381407933003175  +/-  0.0065582332364442835
accratio_x: 0.875 obs_x: 0.03274167033519593  +/-  0.0036543487657865713
epoch: 151 L: -2169.79296875 F: -2169.79296875 +/- 6.755923271179199
epoch: 152 L: -2170.118408203125 F: -2170.118408203125 +/- 6.282802581787109
epoch: 153 L: -2169.429443359375 F: -2169.429443359375 +/- 6.597945690155029
epoch: 154 L: -2170.522216796875 F: -2170.522216796875 +/- 7.499075412750244
epoch: 155 L: -2169.7958984375 F: -2169.7958984375 +/- 6.814579486846924
accratio_z: 0.0859375 obs_z: 0.05776924526112326  +/-  0.006546235379440345
accratio_x: 0.875 obs_x: 0.033486214158486405  +/-  0.003493083414874779
epoch: 156 L: -2169.072265625 F: -2169.072265625 +/- 7.0420403480529785
epoch: 157 L: -2169.328125 F: -2169.328125 +/- 5.957647323608398
epoch: 158 L: -2169.25 F: -2169.25 +/- 6.3117756843566895
epoch: 159 L: -2169.769287109375 F: -2169.769287109375 +/- 6.1605916023254395
epoch: 160 L: -2170.979736328125 F: -2170.979736328125 +/- 7.1501688957214355
accratio_z: 0.1015625 obs_z: 0.06118699501742064  +/-  0.007128670765326773
accratio_x: 0.890625 obs_x: 0.03612818585486366  +/-  0.0037940664069899275
epoch: 161 L: -2169.665771484375 F: -2169.665771484375 +/- 6.949286937713623
epoch: 162 L: -2170.5556640625 F: -2170.5556640625 +/- 6.122798442840576
epoch: 163 L: -2171.39404296875 F: -2171.39404296875 +/- 5.715625762939453
epoch: 164 L: -2168.89208984375 F: -2168.89208984375 +/- 6.65427303314209
epoch: 165 L: -2170.732421875 F: -2170.732421875 +/- 6.306347370147705
accratio_z: 0.078125 obs_z: 0.0679322261869193  +/-  0.007151856140942961
accratio_x: 0.8515625 obs_x: 0.034967127157326416  +/-  0.0035713259928555965
epoch: 166 L: -2169.8603515625 F: -2169.8603515625 +/- 6.852141380310059
epoch: 167 L: -2169.874755859375 F: -2169.874755859375 +/- 6.0470075607299805
epoch: 168 L: -2170.350830078125 F: -2170.350830078125 +/- 6.972959995269775
epoch: 169 L: -2170.095458984375 F: -2170.095458984375 +/- 6.563019752502441
epoch: 170 L: -2170.592529296875 F: -2170.592529296875 +/- 6.336697578430176
accratio_z: 0.15625 obs_z: 0.06054150624842691  +/-  0.006560852580722818
accratio_x: 0.8828125 obs_x: 0.03534289411785352  +/-  0.0035973689390645
epoch: 171 L: -2169.96630859375 F: -2169.96630859375 +/- 6.611600399017334
epoch: 172 L: -2170.83154296875 F: -2170.83154296875 +/- 6.136111259460449
epoch: 173 L: -2169.91943359375 F: -2169.91943359375 +/- 6.94088888168335
epoch: 174 L: -2170.0693359375 F: -2170.0693359375 +/- 6.238897800445557
epoch: 175 L: -2169.5205078125 F: -2169.5205078125 +/- 6.162369251251221
accratio_z: 0.09375 obs_z: 0.05679756596448726  +/-  0.005661227741664187
accratio_x: 0.875 obs_x: 0.03552723678889613  +/-  0.003450306970127313
epoch: 176 L: -2170.756103515625 F: -2170.756103515625 +/- 6.314169406890869
epoch: 177 L: -2170.174072265625 F: -2170.174072265625 +/- 6.198368072509766
epoch: 178 L: -2170.3466796875 F: -2170.3466796875 +/- 6.134983062744141
epoch: 179 L: -2169.5107421875 F: -2169.5107421875 +/- 6.486855506896973
epoch: 180 L: -2170.08251953125 F: -2170.08251953125 +/- 5.535604000091553
accratio_z: 0.0625 obs_z: 0.058550506932686375  +/-  0.006117773315126332
accratio_x: 0.859375 obs_x: 0.03672963107272259  +/-  0.0037846761518311504
epoch: 181 L: -2171.067626953125 F: -2171.067626953125 +/- 6.088836669921875
epoch: 182 L: -2170.154541015625 F: -2170.154541015625 +/- 5.728415012359619
epoch: 183 L: -2170.259765625 F: -2170.259765625 +/- 6.058218955993652
epoch: 184 L: -2170.67333984375 F: -2170.67333984375 +/- 6.255231857299805
epoch: 185 L: -2171.37841796875 F: -2171.37841796875 +/- 6.036283493041992
accratio_z: 0.0625 obs_z: 0.05868542621777095  +/-  0.006373676981912451
accratio_x: 0.78125 obs_x: 0.037956338869440165  +/-  0.004284895982372699
epoch: 186 L: -2170.5029296875 F: -2170.5029296875 +/- 6.786831855773926
epoch: 187 L: -2171.0087890625 F: -2171.0087890625 +/- 6.707792282104492
epoch: 188 L: -2169.204833984375 F: -2169.204833984375 +/- 6.868335247039795
epoch: 189 L: -2170.110107421875 F: -2170.110107421875 +/- 6.474905014038086
epoch: 190 L: -2170.22216796875 F: -2170.22216796875 +/- 6.197164535522461
accratio_z: 0.09375 obs_z: 0.06264674438627704  +/-  0.007429544329898959
accratio_x: 0.890625 obs_x: 0.039917317280629305  +/-  0.004399925317091144
epoch: 191 L: -2168.51318359375 F: -2168.51318359375 +/- 6.500086307525635
epoch: 192 L: -2170.648681640625 F: -2170.648681640625 +/- 6.269813537597656
epoch: 193 L: -2169.299560546875 F: -2169.299560546875 +/- 6.219226837158203
epoch: 194 L: -2170.67529296875 F: -2170.67529296875 +/- 5.849645614624023
epoch: 195 L: -2168.88623046875 F: -2168.88623046875 +/- 6.888972282409668
accratio_z: 0.125 obs_z: 0.06379341619563661  +/-  0.007158920368214836
accratio_x: 0.8515625 obs_x: 0.04279249658734208  +/-  0.004829167714402678
epoch: 196 L: -2169.560791015625 F: -2169.560791015625 +/- 6.912378787994385
epoch: 197 L: -2168.2451171875 F: -2168.2451171875 +/- 7.170479774475098
epoch: 198 L: -2169.72216796875 F: -2169.72216796875 +/- 6.750884532928467
epoch: 199 L: -2169.52099609375 F: -2169.52099609375 +/- 7.689761161804199
epoch: 200 L: -2168.85302734375 F: -2168.85302734375 +/- 7.825428485870361
accratio_z: 0.1640625 obs_z: 0.05601442057580286  +/-  0.005143614447225461
accratio_x: 0.9296875 obs_x: 0.04435718763188401  +/-  0.0051358164332096605
epoch: 201 L: -2170.0419921875 F: -2170.0419921875 +/- 6.525617599487305
epoch: 202 L: -2167.91455078125 F: -2167.91455078125 +/- 6.950399875640869
epoch: 203 L: -2169.7919921875 F: -2169.7919921875 +/- 7.208972930908203
epoch: 204 L: -2170.9404296875 F: -2170.9404296875 +/- 5.8626484870910645
epoch: 205 L: -2170.16162109375 F: -2170.16162109375 +/- 6.181907653808594
accratio_z: 0.109375 obs_z: 0.05819586394983389  +/-  0.006063495557783543
accratio_x: 0.84375 obs_x: 0.04250732290252479  +/-  0.005217418744324498
epoch: 206 L: -2171.91015625 F: -2171.91015625 +/- 6.07845401763916
epoch: 207 L: -2170.860107421875 F: -2170.860107421875 +/- 6.567951202392578
epoch: 208 L: -2170.5546875 F: -2170.5546875 +/- 5.775148868560791
epoch: 209 L: -2169.974365234375 F: -2169.974365234375 +/- 6.9615478515625
epoch: 210 L: -2170.126220703125 F: -2170.126220703125 +/- 6.824222087860107
accratio_z: 0.125 obs_z: 0.0727625795660822  +/-  0.007939941208503042
accratio_x: 0.921875 obs_x: 0.0440853548236646  +/-  0.005518693024154815
epoch: 211 L: -2170.418212890625 F: -2170.418212890625 +/- 6.272378444671631
epoch: 212 L: -2170.529296875 F: -2170.529296875 +/- 7.527715682983398
epoch: 213 L: -2169.58642578125 F: -2169.58642578125 +/- 7.705519199371338
epoch: 214 L: -2170.30810546875 F: -2170.30810546875 +/- 6.664880275726318
epoch: 215 L: -2169.67578125 F: -2169.67578125 +/- 6.157759189605713
accratio_z: 0.078125 obs_z: 0.07214427501917697  +/-  0.008218861816098608
accratio_x: 0.84375 obs_x: 0.04421068290986163  +/-  0.005432502731231515
epoch: 216 L: -2170.42041015625 F: -2170.42041015625 +/- 6.706567764282227
epoch: 217 L: -2169.302734375 F: -2169.302734375 +/- 6.75508451461792
epoch: 218 L: -2169.85888671875 F: -2169.85888671875 +/- 6.155561923980713
epoch: 219 L: -2170.193115234375 F: -2170.193115234375 +/- 6.264274597167969
epoch: 220 L: -2170.1728515625 F: -2170.1728515625 +/- 6.309831619262695
accratio_z: 0.1171875 obs_z: 0.059593496285311076  +/-  0.006703830517776792
accratio_x: 0.875 obs_x: 0.048806803749015804  +/-  0.006116425355565277
epoch: 221 L: -2170.232177734375 F: -2170.232177734375 +/- 6.789098739624023
epoch: 222 L: -2170.546875 F: -2170.546875 +/- 7.3525166511535645
epoch: 223 L: -2170.041259765625 F: -2170.041259765625 +/- 6.517708778381348
epoch: 224 L: -2170.232421875 F: -2170.232421875 +/- 6.587258338928223
epoch: 225 L: -2170.11474609375 F: -2170.11474609375 +/- 6.313395023345947
accratio_z: 0.1171875 obs_z: 0.059888913229717566  +/-  0.006149490172564271
accratio_x: 0.8359375 obs_x: 0.049549255272946624  +/-  0.006077600405869073
epoch: 226 L: -2170.4453125 F: -2170.4453125 +/- 6.394925594329834
epoch: 227 L: -2170.65234375 F: -2170.65234375 +/- 6.391467094421387
epoch: 228 L: -2170.02099609375 F: -2170.02099609375 +/- 6.769440650939941
epoch: 229 L: -2169.86474609375 F: -2169.86474609375 +/- 7.090645790100098
epoch: 230 L: -2170.602783203125 F: -2170.602783203125 +/- 6.8105363845825195
accratio_z: 0.0703125 obs_z: 0.069412893271533  +/-  0.006560213430000594
accratio_x: 0.8359375 obs_x: 0.05287860733460792  +/-  0.006758589236747533
epoch: 231 L: -2171.235107421875 F: -2171.235107421875 +/- 6.684628009796143
epoch: 232 L: -2170.705078125 F: -2170.705078125 +/- 6.614009380340576
epoch: 233 L: -2170.80322265625 F: -2170.80322265625 +/- 6.336450099945068
epoch: 234 L: -2171.732421875 F: -2171.732421875 +/- 6.405743598937988
epoch: 235 L: -2171.380859375 F: -2171.380859375 +/- 6.5604753494262695
accratio_z: 0.078125 obs_z: 0.060908067405339494  +/-  0.007135653977295572
accratio_x: 0.8828125 obs_x: 0.050526624558112854  +/-  0.006347585207638581
epoch: 236 L: -2170.61181640625 F: -2170.61181640625 +/- 6.069243431091309
epoch: 237 L: -2170.6904296875 F: -2170.6904296875 +/- 6.409944534301758
epoch: 238 L: -2169.708984375 F: -2169.708984375 +/- 5.96793270111084
epoch: 239 L: -2171.10888671875 F: -2171.10888671875 +/- 5.949674129486084
epoch: 240 L: -2170.39013671875 F: -2170.39013671875 +/- 6.616494178771973
accratio_z: 0.140625 obs_z: 0.06792014577706451  +/-  0.0074603801859204
accratio_x: 0.8515625 obs_x: 0.054669839586473756  +/-  0.006386886635693745
epoch: 241 L: -2170.0478515625 F: -2170.0478515625 +/- 5.931875228881836
epoch: 242 L: -2171.0673828125 F: -2171.0673828125 +/- 7.864696025848389
epoch: 243 L: -2171.13671875 F: -2171.13671875 +/- 6.189888000488281
epoch: 244 L: -2169.92431640625 F: -2169.92431640625 +/- 6.809401988983154
epoch: 245 L: -2171.319091796875 F: -2171.319091796875 +/- 6.252228260040283
accratio_z: 0.0625 obs_z: 0.072812457037017  +/-  0.007192162342550892
accratio_x: 0.8984375 obs_x: 0.05731794481255292  +/-  0.007063604384334857
epoch: 246 L: -2169.66796875 F: -2169.66796875 +/- 6.202560901641846
epoch: 247 L: -2170.495361328125 F: -2170.495361328125 +/- 7.213630199432373
epoch: 248 L: -2170.253662109375 F: -2170.253662109375 +/- 6.47713041305542
epoch: 249 L: -2170.08349609375 F: -2170.08349609375 +/- 6.082336902618408
epoch: 250 L: -2169.8818359375 F: -2169.8818359375 +/- 6.245622634887695
accratio_z: 0.078125 obs_z: 0.0731132426376716  +/-  0.007422618951521135
accratio_x: 0.9140625 obs_x: 0.05528409409667745  +/-  0.006556709768894541
epoch: 251 L: -2170.666015625 F: -2170.666015625 +/- 5.995872974395752
epoch: 252 L: -2169.1328125 F: -2169.1328125 +/- 7.1180267333984375
epoch: 253 L: -2169.77294921875 F: -2169.77294921875 +/- 6.648539066314697
epoch: 254 L: -2168.75341796875 F: -2168.75341796875 +/- 7.268587589263916
epoch: 255 L: -2169.95654296875 F: -2169.95654296875 +/- 6.874090671539307
accratio_z: 0.109375 obs_z: 0.06052204740149825  +/-  0.006100144321771242
accratio_x: 0.9140625 obs_x: 0.05492500487534002  +/-  0.006383300055453864
epoch: 256 L: -2168.59716796875 F: -2168.59716796875 +/- 6.790771484375
epoch: 257 L: -2169.7685546875 F: -2169.7685546875 +/- 6.216710567474365
epoch: 258 L: -2169.678955078125 F: -2169.678955078125 +/- 6.803737640380859
epoch: 259 L: -2169.478515625 F: -2169.478515625 +/- 6.312157154083252
epoch: 260 L: -2170.6181640625 F: -2170.6181640625 +/- 6.736676216125488
accratio_z: 0.109375 obs_z: 0.06542748979306623  +/-  0.007119390797450067
accratio_x: 0.8515625 obs_x: 0.057031568813187494  +/-  0.006343594531579607
epoch: 261 L: -2169.793701171875 F: -2169.793701171875 +/- 6.9264140129089355
epoch: 262 L: -2170.1982421875 F: -2170.1982421875 +/- 6.766465663909912
epoch: 263 L: -2169.752685546875 F: -2169.752685546875 +/- 6.75771951675415
epoch: 264 L: -2170.33642578125 F: -2170.33642578125 +/- 6.384713172912598
epoch: 265 L: -2169.84423828125 F: -2169.84423828125 +/- 6.938282489776611
accratio_z: 0.109375 obs_z: 0.05294792367450896  +/-  0.006685543671362759
accratio_x: 0.859375 obs_x: 0.05773505779137622  +/-  0.006415813585470725
epoch: 266 L: -2170.9814453125 F: -2170.9814453125 +/- 6.291061878204346
epoch: 267 L: -2170.0263671875 F: -2170.0263671875 +/- 6.6216535568237305
epoch: 268 L: -2170.283203125 F: -2170.283203125 +/- 6.090360641479492
epoch: 269 L: -2169.6279296875 F: -2169.6279296875 +/- 6.24365758895874
epoch: 270 L: -2170.703125 F: -2170.703125 +/- 6.65338134765625
accratio_z: 0.0625 obs_z: 0.051758498446844214  +/-  0.005991910198608855
accratio_x: 0.8359375 obs_x: 0.05735298739216432  +/-  0.00656628922683685
epoch: 271 L: -2168.77294921875 F: -2168.77294921875 +/- 6.895819664001465
epoch: 272 L: -2170.31005859375 F: -2170.31005859375 +/- 6.4699015617370605
epoch: 273 L: -2169.83544921875 F: -2169.83544921875 +/- 7.381107807159424
epoch: 274 L: -2169.783203125 F: -2169.783203125 +/- 6.572831153869629
epoch: 275 L: -2167.526123046875 F: -2167.526123046875 +/- 6.824005126953125
accratio_z: 0.0625 obs_z: 0.04430967296235622  +/-  0.005384314473290746
accratio_x: 0.8828125 obs_x: 0.056203524281455586  +/-  0.006175379991025142
epoch: 276 L: -2169.9169921875 F: -2169.9169921875 +/- 6.15442419052124
epoch: 277 L: -2170.1865234375 F: -2170.1865234375 +/- 6.695675849914551
epoch: 278 L: -2169.8134765625 F: -2169.8134765625 +/- 7.265296936035156
epoch: 279 L: -2169.309326171875 F: -2169.309326171875 +/- 6.486180305480957
epoch: 280 L: -2169.90576171875 F: -2169.90576171875 +/- 6.38545036315918
accratio_z: 0.078125 obs_z: 0.05214208022957223  +/-  0.006648884616161311
accratio_x: 0.90625 obs_x: 0.055633458398511415  +/-  0.00611798006101505
epoch: 281 L: -2170.65771484375 F: -2170.65771484375 +/- 6.288837909698486
epoch: 282 L: -2169.9892578125 F: -2169.9892578125 +/- 6.669551372528076
epoch: 283 L: -2170.1025390625 F: -2170.1025390625 +/- 6.427707195281982
epoch: 284 L: -2170.14111328125 F: -2170.14111328125 +/- 6.538208484649658
epoch: 285 L: -2170.7626953125 F: -2170.7626953125 +/- 6.950407028198242
accratio_z: 0.078125 obs_z: 0.05534609143658997  +/-  0.00616319965599413
accratio_x: 0.8828125 obs_x: 0.05453194607988365  +/-  0.006015625513843763
epoch: 286 L: -2170.602783203125 F: -2170.602783203125 +/- 6.489751815795898
epoch: 287 L: -2170.314697265625 F: -2170.314697265625 +/- 5.907445430755615
epoch: 288 L: -2170.273193359375 F: -2170.273193359375 +/- 6.375345706939697
epoch: 289 L: -2171.2119140625 F: -2171.2119140625 +/- 6.083657264709473
epoch: 290 L: -2170.455810546875 F: -2170.455810546875 +/- 6.3412628173828125
accratio_z: 0.125 obs_z: 0.05979956907236428  +/-  0.005293473086262068
accratio_x: 0.890625 obs_x: 0.0549968356537498  +/-  0.006064981040657859
epoch: 291 L: -2169.70556640625 F: -2169.70556640625 +/- 6.252859115600586
epoch: 292 L: -2170.67529296875 F: -2170.67529296875 +/- 6.1466064453125
epoch: 293 L: -2169.70654296875 F: -2169.70654296875 +/- 7.451076984405518
epoch: 294 L: -2170.150634765625 F: -2170.150634765625 +/- 5.861632347106934
epoch: 295 L: -2170.18603515625 F: -2170.18603515625 +/- 6.045450687408447
accratio_z: 0.0859375 obs_z: 0.05849788544758816  +/-  0.0056584330970868655
accratio_x: 0.859375 obs_x: 0.053161734682147355  +/-  0.006059331001023968
epoch: 296 L: -2170.7548828125 F: -2170.7548828125 +/- 6.550405025482178
epoch: 297 L: -2171.118408203125 F: -2171.118408203125 +/- 6.7392120361328125
epoch: 298 L: -2170.271484375 F: -2170.271484375 +/- 6.4686408042907715
epoch: 299 L: -2171.703125 F: -2171.703125 +/- 6.968329429626465
epoch: 300 L: -2170.56201171875 F: -2170.56201171875 +/- 6.513449192047119
accratio_z: 0.125 obs_z: 0.059050499684876155  +/-  0.0052209416647808786
accratio_x: 0.8828125 obs_x: 0.05324018210941886  +/-  0.006196888441634352
epoch: 301 L: -2171.0263671875 F: -2171.0263671875 +/- 5.817272663116455
epoch: 302 L: -2171.044921875 F: -2171.044921875 +/- 5.869412422180176
epoch: 303 L: -2170.885986328125 F: -2170.885986328125 +/- 6.289764881134033
epoch: 304 L: -2170.84375 F: -2170.84375 +/- 6.398900032043457
epoch: 305 L: -2169.802734375 F: -2169.802734375 +/- 6.151752948760986
accratio_z: 0.0390625 obs_z: 0.059203758018668395  +/-  0.006388307811692555
accratio_x: 0.84375 obs_x: 0.050062928729943224  +/-  0.005881663863030651
epoch: 306 L: -2170.046142578125 F: -2170.046142578125 +/- 6.172146797180176
epoch: 307 L: -2171.205810546875 F: -2171.205810546875 +/- 7.122399806976318
epoch: 308 L: -2169.79443359375 F: -2169.79443359375 +/- 6.372117519378662
epoch: 309 L: -2170.0498046875 F: -2170.0498046875 +/- 5.7886505126953125
epoch: 310 L: -2171.07568359375 F: -2171.07568359375 +/- 6.7044148445129395
accratio_z: 0.0625 obs_z: 0.05328994947118315  +/-  0.005961335347414743
accratio_x: 0.8828125 obs_x: 0.050671869313845264  +/-  0.00577253783789933
epoch: 311 L: -2170.978759765625 F: -2170.978759765625 +/- 6.385926246643066
epoch: 312 L: -2170.9501953125 F: -2170.9501953125 +/- 6.082466125488281
epoch: 313 L: -2171.3447265625 F: -2171.3447265625 +/- 6.448561191558838
epoch: 314 L: -2170.46142578125 F: -2170.46142578125 +/- 6.784127235412598
epoch: 315 L: -2169.805419921875 F: -2169.805419921875 +/- 6.933658599853516
accratio_z: 0.0859375 obs_z: 0.061605384514294315  +/-  0.006310354177404148
accratio_x: 0.9140625 obs_x: 0.05193006279282475  +/-  0.005883184434260907
epoch: 316 L: -2170.43408203125 F: -2170.43408203125 +/- 7.608150005340576
epoch: 317 L: -2170.975830078125 F: -2170.975830078125 +/- 6.46269416809082
epoch: 318 L: -2170.191162109375 F: -2170.191162109375 +/- 6.073761940002441
epoch: 319 L: -2170.38037109375 F: -2170.38037109375 +/- 5.98773193359375
epoch: 320 L: -2169.235107421875 F: -2169.235107421875 +/- 6.354240417480469
accratio_z: 0.09375 obs_z: 0.07415758823446471  +/-  0.0063839129963195376
accratio_x: 0.9375 obs_x: 0.0496445249329345  +/-  0.005493493358943021
epoch: 321 L: -2170.498046875 F: -2170.498046875 +/- 5.797830581665039
epoch: 322 L: -2171.220458984375 F: -2171.220458984375 +/- 6.5866594314575195
epoch: 323 L: -2170.0615234375 F: -2170.0615234375 +/- 6.563048362731934
epoch: 324 L: -2170.740234375 F: -2170.740234375 +/- 6.136836051940918
epoch: 325 L: -2170.59228515625 F: -2170.59228515625 +/- 6.221059799194336
accratio_z: 0.09375 obs_z: 0.07127415200417175  +/-  0.007076638973483793
accratio_x: 0.84375 obs_x: 0.0509015069897405  +/-  0.005483778821228061
epoch: 326 L: -2170.3271484375 F: -2170.3271484375 +/- 6.308688163757324
epoch: 327 L: -2170.4765625 F: -2170.4765625 +/- 6.79226016998291
epoch: 328 L: -2170.33447265625 F: -2170.33447265625 +/- 6.819080829620361
epoch: 329 L: -2170.7412109375 F: -2170.7412109375 +/- 6.081814289093018
epoch: 330 L: -2170.828125 F: -2170.828125 +/- 6.137899875640869
accratio_z: 0.046875 obs_z: 0.060244984826411496  +/-  0.005830081010694109
accratio_x: 0.8125 obs_x: 0.04894395159959597  +/-  0.0051734370028397375
epoch: 331 L: -2169.77978515625 F: -2169.77978515625 +/- 7.579681396484375
epoch: 332 L: -2171.30078125 F: -2171.30078125 +/- 6.164100646972656
epoch: 333 L: -2170.478759765625 F: -2170.478759765625 +/- 6.9793829917907715
epoch: 334 L: -2169.86962890625 F: -2169.86962890625 +/- 6.848852634429932
epoch: 335 L: -2170.724609375 F: -2170.724609375 +/- 7.288900375366211
accratio_z: 0.046875 obs_z: 0.05936515862345387  +/-  0.005612360697218508
accratio_x: 0.875 obs_x: 0.0513414263410521  +/-  0.005452770679927053
epoch: 336 L: -2170.4453125 F: -2170.4453125 +/- 6.8762102127075195
epoch: 337 L: -2171.15478515625 F: -2171.15478515625 +/- 6.817729473114014
epoch: 338 L: -2170.3056640625 F: -2170.3056640625 +/- 6.025429725646973
epoch: 339 L: -2171.14013671875 F: -2171.14013671875 +/- 6.3891496658325195
epoch: 340 L: -2169.40966796875 F: -2169.40966796875 +/- 7.179082870483398
accratio_z: 0.1015625 obs_z: 0.06145540333631594  +/-  0.006211121807287561
accratio_x: 0.8359375 obs_x: 0.05213975362212153  +/-  0.005679156981118736
epoch: 341 L: -2169.6630859375 F: -2169.6630859375 +/- 6.8354010581970215
epoch: 342 L: -2169.9052734375 F: -2169.9052734375 +/- 6.673730850219727
epoch: 343 L: -2168.85009765625 F: -2168.85009765625 +/- 7.04024600982666
epoch: 344 L: -2171.15087890625 F: -2171.15087890625 +/- 6.331356048583984
epoch: 345 L: -2170.397216796875 F: -2170.397216796875 +/- 6.401869297027588
accratio_z: 0.1171875 obs_z: 0.06465914100007453  +/-  0.006235278162202427
accratio_x: 0.8671875 obs_x: 0.05301886047831772  +/-  0.005691444874460604
epoch: 346 L: -2171.27099609375 F: -2171.27099609375 +/- 7.4499592781066895
epoch: 347 L: -2169.865234375 F: -2169.865234375 +/- 7.096119403839111
epoch: 348 L: -2169.3115234375 F: -2169.3115234375 +/- 6.687355995178223
epoch: 349 L: -2171.633056640625 F: -2171.633056640625 +/- 6.162720680236816
epoch: 350 L: -2168.9130859375 F: -2168.9130859375 +/- 7.190365314483643
accratio_z: 0.0625 obs_z: 0.0668881174007705  +/-  0.006820701133803346
accratio_x: 0.890625 obs_x: 0.05330527617705272  +/-  0.005922659916158132
epoch: 351 L: -2170.0556640625 F: -2170.0556640625 +/- 7.494625568389893
epoch: 352 L: -2168.99609375 F: -2168.99609375 +/- 6.687636852264404
epoch: 353 L: -2169.484130859375 F: -2169.484130859375 +/- 6.631141185760498
epoch: 354 L: -2170.2890625 F: -2170.2890625 +/- 6.887107849121094
epoch: 355 L: -2170.4140625 F: -2170.4140625 +/- 7.03164529800415
accratio_z: 0.0859375 obs_z: 0.06815204844573017  +/-  0.007095639147492711
accratio_x: 0.8828125 obs_x: 0.053854682081910354  +/-  0.005853085786154617
epoch: 356 L: -2170.369873046875 F: -2170.369873046875 +/- 6.89273738861084
epoch: 357 L: -2169.486328125 F: -2169.486328125 +/- 8.287278175354004
epoch: 358 L: -2169.854248046875 F: -2169.854248046875 +/- 7.1736345291137695
epoch: 359 L: -2168.52001953125 F: -2168.52001953125 +/- 7.0221099853515625
epoch: 360 L: -2170.2958984375 F: -2170.2958984375 +/- 7.086633205413818
accratio_z: 0.0703125 obs_z: 0.05572027687945358  +/-  0.006459155732725326
accratio_x: 0.8671875 obs_x: 0.05559312463112065  +/-  0.006018142305064188
epoch: 361 L: -2169.21484375 F: -2169.21484375 +/- 7.382976055145264
epoch: 362 L: -2170.934326171875 F: -2170.934326171875 +/- 6.586912155151367
epoch: 363 L: -2170.037109375 F: -2170.037109375 +/- 6.804856300354004
epoch: 364 L: -2171.142822265625 F: -2171.142822265625 +/- 6.037187099456787
epoch: 365 L: -2169.7578125 F: -2169.7578125 +/- 6.509639739990234
accratio_z: 0.1015625 obs_z: 0.05952949539597796  +/-  0.0072269655041926366
accratio_x: 0.9296875 obs_x: 0.06129377626944721  +/-  0.006915079870234877
epoch: 366 L: -2170.395263671875 F: -2170.395263671875 +/- 6.2175116539001465
epoch: 367 L: -2169.8291015625 F: -2169.8291015625 +/- 6.460249423980713
epoch: 368 L: -2171.110107421875 F: -2171.110107421875 +/- 6.552219390869141
epoch: 369 L: -2169.6708984375 F: -2169.6708984375 +/- 6.396590709686279
epoch: 370 L: -2168.427001953125 F: -2168.427001953125 +/- 6.82344913482666
accratio_z: 0.0390625 obs_z: 0.0625807607448543  +/-  0.006443854557396366
accratio_x: 0.828125 obs_x: 0.06345077900610241  +/-  0.007302315908069959
epoch: 371 L: -2170.25537109375 F: -2170.25537109375 +/- 6.4552154541015625
epoch: 372 L: -2169.55712890625 F: -2169.55712890625 +/- 6.724244594573975
epoch: 373 L: -2170.84716796875 F: -2170.84716796875 +/- 6.367137432098389
epoch: 374 L: -2170.962890625 F: -2170.962890625 +/- 6.908885955810547
epoch: 375 L: -2169.786865234375 F: -2169.786865234375 +/- 6.289034366607666
accratio_z: 0.0859375 obs_z: 0.06409069332551098  +/-  0.006626959277048913
accratio_x: 0.8671875 obs_x: 0.06087758004251853  +/-  0.00704883681743183
epoch: 376 L: -2170.92236328125 F: -2170.92236328125 +/- 6.961470127105713
epoch: 377 L: -2169.9013671875 F: -2169.9013671875 +/- 5.264536380767822
epoch: 378 L: -2169.9140625 F: -2169.9140625 +/- 6.202792644500732
epoch: 379 L: -2171.11328125 F: -2171.11328125 +/- 5.737640380859375
epoch: 380 L: -2170.21484375 F: -2170.21484375 +/- 5.885787010192871
accratio_z: 0.1328125 obs_z: 0.05756231629948161  +/-  0.005394058648178126
accratio_x: 0.8671875 obs_x: 0.061860048379749344  +/-  0.0074898240017159
epoch: 381 L: -2170.969970703125 F: -2170.969970703125 +/- 6.614741325378418
epoch: 382 L: -2171.2587890625 F: -2171.2587890625 +/- 6.6929779052734375
epoch: 383 L: -2170.3076171875 F: -2170.3076171875 +/- 6.806091785430908
epoch: 384 L: -2171.144287109375 F: -2171.144287109375 +/- 6.348410129547119
epoch: 385 L: -2170.915771484375 F: -2170.915771484375 +/- 6.800576210021973
accratio_z: 0.1015625 obs_z: 0.06362137004939976  +/-  0.0072952331567390115
accratio_x: 0.9140625 obs_x: 0.06102503467131093  +/-  0.006892507998704832
epoch: 386 L: -2170.859375 F: -2170.859375 +/- 6.323513507843018
epoch: 387 L: -2169.4033203125 F: -2169.4033203125 +/- 6.7865519523620605
epoch: 388 L: -2169.697021484375 F: -2169.697021484375 +/- 6.764486789703369
epoch: 389 L: -2170.30517578125 F: -2170.30517578125 +/- 5.852415561676025
epoch: 390 L: -2169.9072265625 F: -2169.9072265625 +/- 6.402127742767334
accratio_z: 0.140625 obs_z: 0.06322897470063538  +/-  0.006611226396576031
accratio_x: 0.8359375 obs_x: 0.05779429025361371  +/-  0.006488792483691778
epoch: 391 L: -2170.80859375 F: -2170.80859375 +/- 7.0108962059021
epoch: 392 L: -2168.4306640625 F: -2168.4306640625 +/- 6.607539176940918
epoch: 393 L: -2169.380859375 F: -2169.380859375 +/- 7.023296356201172
epoch: 394 L: -2169.88623046875 F: -2169.88623046875 +/- 6.0614237785339355
epoch: 395 L: -2170.2236328125 F: -2170.2236328125 +/- 5.81783390045166
accratio_z: 0.078125 obs_z: 0.06548859396063733  +/-  0.0070636986241663985
accratio_x: 0.828125 obs_x: 0.05970488801946772  +/-  0.006543740547164781
epoch: 396 L: -2170.5693359375 F: -2170.5693359375 +/- 6.236691951751709
epoch: 397 L: -2169.555419921875 F: -2169.555419921875 +/- 6.944225788116455
epoch: 398 L: -2170.71484375 F: -2170.71484375 +/- 6.24250602722168
epoch: 399 L: -2169.3486328125 F: -2169.3486328125 +/- 6.161359786987305
epoch: 400 L: -2170.15771484375 F: -2170.15771484375 +/- 6.49691915512085
accratio_z: 0.09375 obs_z: 0.06570462523910692  +/-  0.006773507798469833
accratio_x: 0.8515625 obs_x: 0.060914616725732174  +/-  0.006883273313635505
epoch: 401 L: -2169.72021484375 F: -2169.72021484375 +/- 7.703429698944092
epoch: 402 L: -2170.906005859375 F: -2170.906005859375 +/- 6.403429985046387
epoch: 403 L: -2169.8720703125 F: -2169.8720703125 +/- 6.555673599243164
epoch: 404 L: -2170.17333984375 F: -2170.17333984375 +/- 5.721263408660889
epoch: 405 L: -2170.917724609375 F: -2170.917724609375 +/- 6.9371256828308105
accratio_z: 0.109375 obs_z: 0.06312876934353617  +/-  0.006645009487307034
accratio_x: 0.8828125 obs_x: 0.05876319360566917  +/-  0.006750352848381382
epoch: 406 L: -2170.396484375 F: -2170.396484375 +/- 6.204498767852783
epoch: 407 L: -2170.0556640625 F: -2170.0556640625 +/- 7.380610466003418
epoch: 408 L: -2170.931640625 F: -2170.931640625 +/- 6.454740524291992
epoch: 409 L: -2170.21240234375 F: -2170.21240234375 +/- 7.706956386566162
epoch: 410 L: -2170.34326171875 F: -2170.34326171875 +/- 5.698338031768799
accratio_z: 0.09375 obs_z: 0.05850701728607888  +/-  0.005959551315091226
accratio_x: 0.890625 obs_x: 0.05811693317535749  +/-  0.0069871558300968716
epoch: 411 L: -2169.580322265625 F: -2169.580322265625 +/- 6.314072608947754
epoch: 412 L: -2171.02490234375 F: -2171.02490234375 +/- 6.452957630157471
epoch: 413 L: -2171.377685546875 F: -2171.377685546875 +/- 6.155128002166748
epoch: 414 L: -2170.3779296875 F: -2170.3779296875 +/- 6.852974891662598
epoch: 415 L: -2169.8974609375 F: -2169.8974609375 +/- 5.994001865386963
accratio_z: 0.09375 obs_z: 0.05882627669620355  +/-  0.006334387543585724
accratio_x: 0.890625 obs_x: 0.057019921780398164  +/-  0.007074797518638685
epoch: 416 L: -2169.715087890625 F: -2169.715087890625 +/- 6.404101848602295
epoch: 417 L: -2170.831787109375 F: -2170.831787109375 +/- 6.799775123596191
epoch: 418 L: -2169.375732421875 F: -2169.375732421875 +/- 6.453182697296143
epoch: 419 L: -2169.79345703125 F: -2169.79345703125 +/- 6.873927593231201
epoch: 420 L: -2170.802001953125 F: -2170.802001953125 +/- 5.984320163726807
accratio_z: 0.0859375 obs_z: 0.0614583496038108  +/-  0.006964550257942617
accratio_x: 0.84375 obs_x: 0.05772873684075108  +/-  0.0070402230120104724
epoch: 421 L: -2170.251708984375 F: -2170.251708984375 +/- 6.2643961906433105
epoch: 422 L: -2170.579345703125 F: -2170.579345703125 +/- 6.841489791870117
epoch: 423 L: -2170.189453125 F: -2170.189453125 +/- 5.378363132476807
epoch: 424 L: -2171.5458984375 F: -2171.5458984375 +/- 6.61706018447876
epoch: 425 L: -2169.71826171875 F: -2169.71826171875 +/- 6.251492500305176
accratio_z: 0.09375 obs_z: 0.05934438485761895  +/-  0.006945651207311319
accratio_x: 0.8828125 obs_x: 0.055589138211743716  +/-  0.006643916279434838
epoch: 426 L: -2170.358154296875 F: -2170.358154296875 +/- 5.419309616088867
epoch: 427 L: -2171.119873046875 F: -2171.119873046875 +/- 6.449033260345459
epoch: 428 L: -2169.9697265625 F: -2169.9697265625 +/- 6.687469959259033
epoch: 429 L: -2170.009033203125 F: -2170.009033203125 +/- 6.509335517883301
epoch: 430 L: -2170.60791015625 F: -2170.60791015625 +/- 6.16814661026001
accratio_z: 0.078125 obs_z: 0.06752851942432869  +/-  0.007366314170729285
accratio_x: 0.890625 obs_x: 0.05904528358149719  +/-  0.007218167198200273
epoch: 431 L: -2169.05859375 F: -2169.05859375 +/- 7.969296932220459
epoch: 432 L: -2170.013671875 F: -2170.013671875 +/- 6.761543273925781
epoch: 433 L: -2169.5576171875 F: -2169.5576171875 +/- 6.621809482574463
epoch: 434 L: -2170.8486328125 F: -2170.8486328125 +/- 6.625890731811523
epoch: 435 L: -2171.320068359375 F: -2171.320068359375 +/- 7.151052474975586
accratio_z: 0.0703125 obs_z: 0.06456768411773339  +/-  0.007211882224898601
accratio_x: 0.859375 obs_x: 0.05916951149777816  +/-  0.006706711452017824
epoch: 436 L: -2170.465576171875 F: -2170.465576171875 +/- 6.815471172332764
epoch: 437 L: -2170.33447265625 F: -2170.33447265625 +/- 5.700881481170654
epoch: 438 L: -2169.90576171875 F: -2169.90576171875 +/- 6.234441757202148
epoch: 439 L: -2170.89501953125 F: -2170.89501953125 +/- 6.508088111877441
epoch: 440 L: -2170.877197265625 F: -2170.877197265625 +/- 6.411746978759766
accratio_z: 0.0625 obs_z: 0.060331230591376794  +/-  0.006811266338109663
accratio_x: 0.828125 obs_x: 0.05784852479001423  +/-  0.0068217006979004804
epoch: 441 L: -2170.61962890625 F: -2170.61962890625 +/- 6.464576244354248
epoch: 442 L: -2170.69970703125 F: -2170.69970703125 +/- 5.746771335601807
epoch: 443 L: -2170.066162109375 F: -2170.066162109375 +/- 6.285928726196289
epoch: 444 L: -2170.017333984375 F: -2170.017333984375 +/- 5.304229259490967
epoch: 445 L: -2170.5107421875 F: -2170.5107421875 +/- 6.910604953765869
accratio_z: 0.0703125 obs_z: 0.058882241793484  +/-  0.006660664326321571
accratio_x: 0.8203125 obs_x: 0.056106469154158845  +/-  0.006628639517581286
epoch: 446 L: -2171.259033203125 F: -2171.259033203125 +/- 5.746232986450195
epoch: 447 L: -2169.77197265625 F: -2169.77197265625 +/- 7.087493419647217
epoch: 448 L: -2170.2294921875 F: -2170.2294921875 +/- 7.146579265594482
epoch: 449 L: -2170.17626953125 F: -2170.17626953125 +/- 6.089076519012451
epoch: 450 L: -2169.22607421875 F: -2169.22607421875 +/- 6.666426658630371
accratio_z: 0.0390625 obs_z: 0.06920010463276638  +/-  0.0076925148676495105
accratio_x: 0.859375 obs_x: 0.053401623625973116  +/-  0.0059811693955226135
epoch: 451 L: -2170.7216796875 F: -2170.7216796875 +/- 6.0177412033081055
epoch: 452 L: -2167.0517578125 F: -2167.0517578125 +/- 7.814975261688232
epoch: 453 L: -2169.3076171875 F: -2169.3076171875 +/- 6.585378646850586
epoch: 454 L: -2166.92626953125 F: -2166.92626953125 +/- 6.644418239593506
epoch: 455 L: -2167.97412109375 F: -2167.97412109375 +/- 7.428686618804932
accratio_z: 0.0625 obs_z: 0.06078494811158919  +/-  0.007275575897503999
accratio_x: 0.8671875 obs_x: 0.05648854365295364  +/-  0.006405339290412348
epoch: 456 L: -2171.27685546875 F: -2171.27685546875 +/- 6.6269330978393555
epoch: 457 L: -2168.19140625 F: -2168.19140625 +/- 7.140127182006836
epoch: 458 L: -2169.975830078125 F: -2169.975830078125 +/- 6.609336853027344
epoch: 459 L: -2168.005615234375 F: -2168.005615234375 +/- 7.2174973487854
epoch: 460 L: -2170.756103515625 F: -2170.756103515625 +/- 6.7227935791015625
accratio_z: 0.125 obs_z: 0.054416870190745925  +/-  0.006309143741701538
accratio_x: 0.8359375 obs_x: 0.05769021922119322  +/-  0.006319808996031138
epoch: 461 L: -2168.5302734375 F: -2168.5302734375 +/- 8.826664924621582
epoch: 462 L: -2171.1640625 F: -2171.1640625 +/- 6.906740665435791
epoch: 463 L: -2166.1640625 F: -2166.1640625 +/- 7.868022441864014
epoch: 464 L: -2170.66943359375 F: -2170.66943359375 +/- 6.7446136474609375
epoch: 465 L: -2168.2490234375 F: -2168.2490234375 +/- 7.89407205581665
accratio_z: 0.0859375 obs_z: 0.0498085503466541  +/-  0.006226453904195703
accratio_x: 0.8125 obs_x: 0.05676443348850091  +/-  0.006026673791681509
epoch: 466 L: -2169.006103515625 F: -2169.006103515625 +/- 6.519744873046875
epoch: 467 L: -2169.081787109375 F: -2169.081787109375 +/- 7.005166053771973
epoch: 468 L: -2170.2275390625 F: -2170.2275390625 +/- 7.092343807220459
epoch: 469 L: -2169.97900390625 F: -2169.97900390625 +/- 5.893606185913086
epoch: 470 L: -2169.9697265625 F: -2169.9697265625 +/- 5.9971747398376465
accratio_z: 0.0859375 obs_z: 0.0555619750503098  +/-  0.0064896122363349105
accratio_x: 0.9140625 obs_x: 0.05408652138749659  +/-  0.005466659180508436
epoch: 471 L: -2169.68896484375 F: -2169.68896484375 +/- 6.9675211906433105
epoch: 472 L: -2171.41162109375 F: -2171.41162109375 +/- 6.987168312072754
epoch: 473 L: -2168.25244140625 F: -2168.25244140625 +/- 7.5530829429626465
epoch: 474 L: -2169.759765625 F: -2169.759765625 +/- 6.361652851104736
epoch: 475 L: -2169.69091796875 F: -2169.69091796875 +/- 6.511471748352051
accratio_z: 0.0625 obs_z: 0.05864359244790762  +/-  0.006932042070123471
accratio_x: 0.859375 obs_x: 0.05547123799653342  +/-  0.005835344642776549
epoch: 476 L: -2170.11328125 F: -2170.11328125 +/- 6.45995569229126
epoch: 477 L: -2170.48876953125 F: -2170.48876953125 +/- 6.836872577667236
epoch: 478 L: -2170.57861328125 F: -2170.57861328125 +/- 6.92829704284668
epoch: 479 L: -2168.599365234375 F: -2168.599365234375 +/- 8.211220741271973
epoch: 480 L: -2169.656982421875 F: -2169.656982421875 +/- 6.245010852813721
accratio_z: 0.0390625 obs_z: 0.06079785368323698  +/-  0.0062330221681270006
accratio_x: 0.875 obs_x: 0.05514404995966693  +/-  0.005882998730904481
epoch: 481 L: -2170.18408203125 F: -2170.18408203125 +/- 6.6925740242004395
epoch: 482 L: -2170.79296875 F: -2170.79296875 +/- 6.46010160446167
epoch: 483 L: -2169.89306640625 F: -2169.89306640625 +/- 6.9069294929504395
epoch: 484 L: -2170.74853515625 F: -2170.74853515625 +/- 5.7059173583984375
epoch: 485 L: -2169.7900390625 F: -2169.7900390625 +/- 7.682769298553467
accratio_z: 0.046875 obs_z: 0.05775493774111411  +/-  0.006215603271519121
accratio_x: 0.8359375 obs_x: 0.0565908717282575  +/-  0.005793805301739541
epoch: 486 L: -2170.5810546875 F: -2170.5810546875 +/- 6.5419697761535645
epoch: 487 L: -2169.2158203125 F: -2169.2158203125 +/- 7.3451948165893555
epoch: 488 L: -2170.65625 F: -2170.65625 +/- 6.104000091552734
epoch: 489 L: -2169.16162109375 F: -2169.16162109375 +/- 7.5700602531433105
epoch: 490 L: -2169.868896484375 F: -2169.868896484375 +/- 6.486833095550537
accratio_z: 0.109375 obs_z: 0.0553647772708139  +/-  0.0059112382619091125
accratio_x: 0.859375 obs_x: 0.056072497428431234  +/-  0.005829404388774114
epoch: 491 L: -2170.8427734375 F: -2170.8427734375 +/- 6.302846431732178
epoch: 492 L: -2169.08544921875 F: -2169.08544921875 +/- 6.767085075378418
epoch: 493 L: -2170.498046875 F: -2170.498046875 +/- 6.518075466156006
epoch: 494 L: -2171.56396484375 F: -2171.56396484375 +/- 6.3507280349731445
epoch: 495 L: -2170.947021484375 F: -2170.947021484375 +/- 6.868738174438477
accratio_z: 0.078125 obs_z: 0.06049284329529492  +/-  0.006614691958327898
accratio_x: 0.9375 obs_x: 0.054398812700981125  +/-  0.005430935220736206
epoch: 496 L: -2170.106689453125 F: -2170.106689453125 +/- 6.603682518005371
epoch: 497 L: -2170.450439453125 F: -2170.450439453125 +/- 6.530174732208252
epoch: 498 L: -2170.44921875 F: -2170.44921875 +/- 6.4304914474487305
epoch: 499 L: -2170.3896484375 F: -2170.3896484375 +/- 6.538146495819092
