Using symmetry
kernelShape: [2, 2]
total nubmer of trainable parameters: 1780400
Traceback (most recent call last):
  File "./main.py", line 149, in <module>
    LOSS,ZACC,ZOBS,XACC,XOBS = train.learnInterface(target,fw,batch,epochs,save=True,saveSteps = savePeriod,savePath=rootFolder,measureFn = measure,alpha=args.alpha,skipHMC=args.skipHMC)
  File "/cluster/home/hhuang05/NeuralRG/train/learn.py", line 126, in learnInterface
    x,sampleLogProbability = flow.sample(batchSize)
  File "/cluster/home/hhuang05/NeuralRG/train/symmetry.py", line 20, in sample
    x,logp = self.flow.sample(batchSize,prior)
  File "/cluster/home/hhuang05/NeuralRG/flow/flow.py", line 22, in sample
    x,logp_ = self.inverse(z)
  File "/cluster/home/hhuang05/NeuralRG/flow/hierarchy/template.py", line 40, in inverse
    z_,logProbability = self.layerList[no].inverse(z_.reshape(-1,channelSize,*self.kernelShape))
  File "/cluster/home/hhuang05/NeuralRG/flow/rnvp.py", line 25, in inverse
    t = self.tList[i](y_)*self.maskListR[i]
  File "/cluster/home/hhuang05/.conda/envs/neuralrg/lib/python3.8/site-packages/torch/nn/modules/module.py", line 1553, in _wrapped_call_impl
    return self._call_impl(*args, **kwargs)
  File "/cluster/home/hhuang05/.conda/envs/neuralrg/lib/python3.8/site-packages/torch/nn/modules/module.py", line 1562, in _call_impl
    return forward_call(*args, **kwargs)
  File "/cluster/home/hhuang05/NeuralRG/utils/layers/mlp.py", line 35, in forward
    x = super(SimpleMLPreshape,self).forward(x)
  File "/cluster/home/hhuang05/NeuralRG/utils/layers/mlp.py", line 26, in forward
    tmp = layer(tmp)
  File "/cluster/home/hhuang05/.conda/envs/neuralrg/lib/python3.8/site-packages/torch/nn/modules/module.py", line 1553, in _wrapped_call_impl
    return self._call_impl(*args, **kwargs)
  File "/cluster/home/hhuang05/.conda/envs/neuralrg/lib/python3.8/site-packages/torch/nn/modules/module.py", line 1562, in _call_impl
    return forward_call(*args, **kwargs)
  File "/cluster/home/hhuang05/.conda/envs/neuralrg/lib/python3.8/site-packages/torch/nn/modules/activation.py", line 532, in forward
    return F.elu(input, self.alpha, self.inplace)
  File "/cluster/home/hhuang05/.conda/envs/neuralrg/lib/python3.8/site-packages/torch/nn/functional.py", line 1593, in elu
    result = torch._C._nn.elu(input, alpha)
torch.OutOfMemoryError: CUDA out of memory. Tried to allocate 64.00 MiB. GPU 0 has a total capacity of 15.89 GiB of which 50.12 MiB is free. Including non-PyTorch memory, this process has 15.84 GiB memory in use. Of the allocated memory 15.53 GiB is allocated by PyTorch, and 22.45 MiB is reserved by PyTorch but unallocated. If reserved but unallocated memory is large try setting PYTORCH_CUDA_ALLOC_CONF=expandable_segments:True to avoid fragmentation.  See documentation for Memory Management  (https://pytorch.org/docs/stable/notes/cuda.html#environment-variables)
