Using symmetry
kernelShape: [2, 2]
total nubmer of trainable parameters: 1780400
epoch: 0 L: -1208.532958984375 F: -1208.532958984375 +/- 75.24029541015625
epoch: 1 L: -513.3195190429688 F: -513.3195190429688 +/- 128.44668579101562
epoch: 2 L: -1294.9124755859375 F: -1294.9124755859375 +/- 50.05818557739258
epoch: 3 L: -1536.848388671875 F: -1536.848388671875 +/- 24.16061782836914
epoch: 4 L: -1497.39453125 F: -1497.39453125 +/- 32.12340545654297
epoch: 5 L: -1475.095947265625 F: -1475.095947265625 +/- 36.201255798339844
epoch: 6 L: -1556.534912109375 F: -1556.534912109375 +/- 35.562686920166016
epoch: 7 L: -1682.573486328125 F: -1682.573486328125 +/- 33.672447204589844
epoch: 8 L: -1792.7987060546875 F: -1792.7987060546875 +/- 27.398340225219727
epoch: 9 L: -1832.143310546875 F: -1832.143310546875 +/- 24.258716583251953
epoch: 10 L: -1820.514892578125 F: -1820.514892578125 +/- 24.693613052368164
epoch: 11 L: -1906.0693359375 F: -1906.0693359375 +/- 22.64120101928711
epoch: 12 L: -1998.273193359375 F: -1998.273193359375 +/- 24.264205932617188
epoch: 13 L: -1920.54052734375 F: -1920.54052734375 +/- 28.622182846069336
epoch: 14 L: -1900.2640380859375 F: -1900.2640380859375 +/- 29.03713035583496
epoch: 15 L: -2012.370361328125 F: -2012.370361328125 +/- 25.645586013793945
epoch: 16 L: -2058.807373046875 F: -2058.807373046875 +/- 20.488853454589844
epoch: 17 L: -2031.7421875 F: -2031.7421875 +/- 21.924013137817383
epoch: 18 L: -2075.4873046875 F: -2075.4873046875 +/- 19.803298950195312
epoch: 19 L: -2141.4140625 F: -2141.4140625 +/- 16.53099250793457
epoch: 20 L: -2151.88671875 F: -2151.88671875 +/- 16.703950881958008
epoch: 21 L: -2131.8486328125 F: -2131.8486328125 +/- 17.775686264038086
epoch: 22 L: -2147.687255859375 F: -2147.687255859375 +/- 17.470256805419922
epoch: 23 L: -2193.37939453125 F: -2193.37939453125 +/- 14.992222785949707
epoch: 24 L: -2213.540771484375 F: -2213.540771484375 +/- 13.98944091796875
epoch: 25 L: -2205.73046875 F: -2205.73046875 +/- 13.93339729309082
epoch: 26 L: -2221.509765625 F: -2221.509765625 +/- 13.74893569946289
epoch: 27 L: -2253.9287109375 F: -2253.9287109375 +/- 8.696535110473633
epoch: 28 L: -2245.5107421875 F: -2245.5107421875 +/- 12.925444602966309
epoch: 29 L: -2242.139892578125 F: -2242.139892578125 +/- 15.26224136352539
epoch: 30 L: -2263.5732421875 F: -2263.5732421875 +/- 9.91408920288086
epoch: 31 L: -2263.16845703125 F: -2263.16845703125 +/- 12.324320793151855
epoch: 32 L: -2260.120849609375 F: -2260.120849609375 +/- 13.810399055480957
epoch: 33 L: -2276.3408203125 F: -2276.3408203125 +/- 9.98849105834961
epoch: 34 L: -2278.01123046875 F: -2278.01123046875 +/- 9.182333946228027
epoch: 35 L: -2268.83984375 F: -2268.83984375 +/- 12.990992546081543
epoch: 36 L: -2277.45166015625 F: -2277.45166015625 +/- 10.593396186828613
epoch: 37 L: -2276.7578125 F: -2276.7578125 +/- 11.0368013381958
epoch: 38 L: -2273.6650390625 F: -2273.6650390625 +/- 11.717604637145996
epoch: 39 L: -2279.159423828125 F: -2279.159423828125 +/- 11.787850379943848
epoch: 40 L: -2281.370361328125 F: -2281.370361328125 +/- 10.694704055786133
epoch: 41 L: -2278.9228515625 F: -2278.9228515625 +/- 10.69015121459961
epoch: 42 L: -2284.05859375 F: -2284.05859375 +/- 9.619723320007324
epoch: 43 L: -2285.28857421875 F: -2285.28857421875 +/- 9.409975051879883
epoch: 44 L: -2280.995849609375 F: -2280.995849609375 +/- 11.95401382446289
epoch: 45 L: -2287.97998046875 F: -2287.97998046875 +/- 10.173110008239746
epoch: 46 L: -2287.710693359375 F: -2287.710693359375 +/- 9.083366394042969
epoch: 47 L: -2288.364501953125 F: -2288.364501953125 +/- 9.995426177978516
epoch: 48 L: -2292.67138671875 F: -2292.67138671875 +/- 8.470787048339844
epoch: 49 L: -2292.0390625 F: -2292.0390625 +/- 8.043119430541992
epoch: 50 L: -2291.25146484375 F: -2291.25146484375 +/- 8.998114585876465
epoch: 51 L: -2293.94580078125 F: -2293.94580078125 +/- 8.127128601074219
epoch: 52 L: -2292.22998046875 F: -2292.22998046875 +/- 8.601783752441406
epoch: 53 L: -2292.33837890625 F: -2292.33837890625 +/- 8.741436004638672
epoch: 54 L: -2294.623779296875 F: -2294.623779296875 +/- 7.3509697914123535
epoch: 55 L: -2293.5244140625 F: -2293.5244140625 +/- 8.516244888305664
epoch: 56 L: -2293.124267578125 F: -2293.124267578125 +/- 9.605433464050293
epoch: 57 L: -2296.24853515625 F: -2296.24853515625 +/- 7.612133026123047
epoch: 58 L: -2295.0009765625 F: -2295.0009765625 +/- 8.602240562438965
epoch: 59 L: -2294.43505859375 F: -2294.43505859375 +/- 7.639094829559326
epoch: 60 L: -2295.638916015625 F: -2295.638916015625 +/- 7.220367431640625
accratio_z: 0.890625 obs_z: 0.6748992212769735  +/-  0.005188895163042859
accratio_x: 0.875 obs_x: 0.005681106271101299  +/-  0.000635431739283458
epoch: 61 L: -2294.978759765625 F: -2294.978759765625 +/- 8.295354843139648
epoch: 62 L: -2296.18212890625 F: -2296.18212890625 +/- 7.401124000549316
epoch: 63 L: -2296.6767578125 F: -2296.6767578125 +/- 7.1417155265808105
epoch: 64 L: -2295.625732421875 F: -2295.625732421875 +/- 8.081697463989258
epoch: 65 L: -2298.481201171875 F: -2298.481201171875 +/- 7.760547161102295
epoch: 66 L: -2297.640625 F: -2297.640625 +/- 7.735110282897949
epoch: 67 L: -2297.46484375 F: -2297.46484375 +/- 8.46439266204834
epoch: 68 L: -2297.54931640625 F: -2297.54931640625 +/- 8.89704418182373
epoch: 69 L: -2298.0556640625 F: -2298.0556640625 +/- 8.120697975158691
epoch: 70 L: -2299.266845703125 F: -2299.266845703125 +/- 7.062246799468994
accratio_z: 0.8515625 obs_z: 0.6126847458331213  +/-  0.007296150799123685
accratio_x: 0.890625 obs_x: 0.009165827501863233  +/-  0.0010714062196642625
epoch: 71 L: -2296.498779296875 F: -2296.498779296875 +/- 7.607262134552002
epoch: 72 L: -2297.7177734375 F: -2297.7177734375 +/- 7.383765697479248
epoch: 73 L: -2299.322265625 F: -2299.322265625 +/- 8.16132640838623
epoch: 74 L: -2299.146728515625 F: -2299.146728515625 +/- 7.637283802032471
epoch: 75 L: -2298.624755859375 F: -2298.624755859375 +/- 7.607669830322266
epoch: 76 L: -2297.89794921875 F: -2297.89794921875 +/- 8.036836624145508
epoch: 77 L: -2299.531982421875 F: -2299.531982421875 +/- 8.096954345703125
epoch: 78 L: -2300.0 F: -2300.0 +/- 7.7139763832092285
epoch: 79 L: -2299.357177734375 F: -2299.357177734375 +/- 8.236862182617188
epoch: 80 L: -2298.9658203125 F: -2298.9658203125 +/- 6.6176066398620605
accratio_z: 0.859375 obs_z: 0.5881559466697581  +/-  0.007409207540646844
accratio_x: 0.890625 obs_x: 0.012169134348733124  +/-  0.0014818311218688235
epoch: 81 L: -2298.57763671875 F: -2298.57763671875 +/- 8.32094669342041
epoch: 82 L: -2298.62744140625 F: -2298.62744140625 +/- 7.805217266082764
epoch: 83 L: -2297.85009765625 F: -2297.85009765625 +/- 8.049416542053223
epoch: 84 L: -2299.3505859375 F: -2299.3505859375 +/- 7.748815059661865
epoch: 85 L: -2297.25048828125 F: -2297.25048828125 +/- 8.053539276123047
epoch: 86 L: -2299.772705078125 F: -2299.772705078125 +/- 7.4629411697387695
epoch: 87 L: -2298.34912109375 F: -2298.34912109375 +/- 8.325276374816895
epoch: 88 L: -2300.34765625 F: -2300.34765625 +/- 7.40098762512207
epoch: 89 L: -2300.96484375 F: -2300.96484375 +/- 7.781358242034912
epoch: 90 L: -2299.43603515625 F: -2299.43603515625 +/- 7.676198482513428
accratio_z: 0.8828125 obs_z: 0.5753305424991595  +/-  0.007936081665189361
accratio_x: 0.9140625 obs_x: 0.014470354263671048  +/-  0.0019070972115964855
epoch: 91 L: -2299.18603515625 F: -2299.18603515625 +/- 7.769752025604248
epoch: 92 L: -2299.896484375 F: -2299.896484375 +/- 6.599023818969727
epoch: 93 L: -2299.353759765625 F: -2299.353759765625 +/- 7.772243022918701
epoch: 94 L: -2300.137451171875 F: -2300.137451171875 +/- 8.358783721923828
epoch: 95 L: -2299.757568359375 F: -2299.757568359375 +/- 7.640259265899658
epoch: 96 L: -2299.83203125 F: -2299.83203125 +/- 7.036325931549072
epoch: 97 L: -2299.81689453125 F: -2299.81689453125 +/- 6.685685634613037
epoch: 98 L: -2300.95947265625 F: -2300.95947265625 +/- 7.576592922210693
epoch: 99 L: -2300.77294921875 F: -2300.77294921875 +/- 6.567819118499756
epoch: 100 L: -2299.861328125 F: -2299.861328125 +/- 7.999764442443848
accratio_z: 0.859375 obs_z: 0.5555238213441953  +/-  0.008784493388596668
accratio_x: 0.90625 obs_x: 0.01749906392421874  +/-  0.0022147173158420254
epoch: 101 L: -2300.92626953125 F: -2300.92626953125 +/- 7.160755157470703
epoch: 102 L: -2301.24267578125 F: -2301.24267578125 +/- 7.4583001136779785
epoch: 103 L: -2300.60009765625 F: -2300.60009765625 +/- 7.558300018310547
epoch: 104 L: -2301.6884765625 F: -2301.6884765625 +/- 7.287271022796631
epoch: 105 L: -2299.8818359375 F: -2299.8818359375 +/- 8.22078800201416
epoch: 106 L: -2300.6142578125 F: -2300.6142578125 +/- 8.184638977050781
epoch: 107 L: -2300.6201171875 F: -2300.6201171875 +/- 8.980940818786621
epoch: 108 L: -2300.197998046875 F: -2300.197998046875 +/- 7.72618293762207
epoch: 109 L: -2301.189453125 F: -2301.189453125 +/- 7.340089321136475
epoch: 110 L: -2299.983642578125 F: -2299.983642578125 +/- 7.1524481773376465
accratio_z: 0.828125 obs_z: 0.5509197277542626  +/-  0.009520861615856782
accratio_x: 0.859375 obs_x: 0.0192461084939457  +/-  0.002610928977361147
epoch: 111 L: -2300.385009765625 F: -2300.385009765625 +/- 7.597794532775879
epoch: 112 L: -2300.412109375 F: -2300.412109375 +/- 7.300015449523926
epoch: 113 L: -2299.353515625 F: -2299.353515625 +/- 6.497476577758789
epoch: 114 L: -2300.43994140625 F: -2300.43994140625 +/- 7.416480541229248
epoch: 115 L: -2299.632568359375 F: -2299.632568359375 +/- 7.203899383544922
epoch: 116 L: -2300.9189453125 F: -2300.9189453125 +/- 7.738678932189941
epoch: 117 L: -2299.87548828125 F: -2299.87548828125 +/- 7.797348499298096
epoch: 118 L: -2301.27490234375 F: -2301.27490234375 +/- 7.9134521484375
epoch: 119 L: -2300.7587890625 F: -2300.7587890625 +/- 8.305782318115234
epoch: 120 L: -2300.6083984375 F: -2300.6083984375 +/- 7.419175624847412
accratio_z: 0.8671875 obs_z: 0.534203659373361  +/-  0.0092644256642459
accratio_x: 0.890625 obs_x: 0.022744481967261976  +/-  0.002878059359481668
epoch: 121 L: -2300.440185546875 F: -2300.440185546875 +/- 6.7271728515625
epoch: 122 L: -2299.0244140625 F: -2299.0244140625 +/- 6.650331974029541
epoch: 123 L: -2301.205322265625 F: -2301.205322265625 +/- 7.32486629486084
epoch: 124 L: -2299.42822265625 F: -2299.42822265625 +/- 7.471214771270752
epoch: 125 L: -2300.38427734375 F: -2300.38427734375 +/- 7.896041393280029
epoch: 126 L: -2301.572265625 F: -2301.572265625 +/- 7.430922031402588
epoch: 127 L: -2301.3310546875 F: -2301.3310546875 +/- 7.876030445098877
epoch: 128 L: -2301.844482421875 F: -2301.844482421875 +/- 7.2030463218688965
epoch: 129 L: -2301.97265625 F: -2301.97265625 +/- 8.687446594238281
epoch: 130 L: -2299.925048828125 F: -2299.925048828125 +/- 7.333930969238281
accratio_z: 0.8671875 obs_z: 0.5219997539365977  +/-  0.01067580449004082
accratio_x: 0.84375 obs_x: 0.024677645900440304  +/-  0.0030313355191932167
epoch: 131 L: -2301.336181640625 F: -2301.336181640625 +/- 8.287145614624023
epoch: 132 L: -2302.75732421875 F: -2302.75732421875 +/- 8.182744026184082
epoch: 133 L: -2302.5048828125 F: -2302.5048828125 +/- 7.5318522453308105
epoch: 134 L: -2301.5234375 F: -2301.5234375 +/- 6.30954647064209
epoch: 135 L: -2301.25537109375 F: -2301.25537109375 +/- 7.388066291809082
epoch: 136 L: -2302.0576171875 F: -2302.0576171875 +/- 7.818754196166992
epoch: 137 L: -2301.4560546875 F: -2301.4560546875 +/- 7.279320240020752
epoch: 138 L: -2300.7060546875 F: -2300.7060546875 +/- 7.359994411468506
epoch: 139 L: -2301.8056640625 F: -2301.8056640625 +/- 7.525582313537598
epoch: 140 L: -2300.416015625 F: -2300.416015625 +/- 7.80169153213501
accratio_z: 0.8828125 obs_z: 0.5127157489796446  +/-  0.010260898730305114
accratio_x: 0.890625 obs_x: 0.02493032264260364  +/-  0.0029764539571366703
epoch: 141 L: -2302.09228515625 F: -2302.09228515625 +/- 7.331969738006592
epoch: 142 L: -2300.832763671875 F: -2300.832763671875 +/- 7.8482489585876465
epoch: 143 L: -2301.58203125 F: -2301.58203125 +/- 7.12130069732666
epoch: 144 L: -2301.049560546875 F: -2301.049560546875 +/- 7.747764587402344
epoch: 145 L: -2301.420166015625 F: -2301.420166015625 +/- 7.4875617027282715
epoch: 146 L: -2303.032958984375 F: -2303.032958984375 +/- 7.805728912353516
epoch: 147 L: -2301.23779296875 F: -2301.23779296875 +/- 7.376581192016602
epoch: 148 L: -2302.9189453125 F: -2302.9189453125 +/- 7.956492900848389
epoch: 149 L: -2302.735107421875 F: -2302.735107421875 +/- 7.104014873504639
epoch: 150 L: -2302.16943359375 F: -2302.16943359375 +/- 8.302531242370605
accratio_z: 0.9140625 obs_z: 0.5076978500687801  +/-  0.010362496020115259
accratio_x: 0.9140625 obs_x: 0.027466802482704722  +/-  0.0032573296716239147
epoch: 151 L: -2301.70166015625 F: -2301.70166015625 +/- 7.051255226135254
epoch: 152 L: -2302.942138671875 F: -2302.942138671875 +/- 6.870763301849365
epoch: 153 L: -2302.37109375 F: -2302.37109375 +/- 7.076197624206543
epoch: 154 L: -2302.62548828125 F: -2302.62548828125 +/- 7.612278461456299
epoch: 155 L: -2301.302001953125 F: -2301.302001953125 +/- 7.220680236816406
epoch: 156 L: -2303.40625 F: -2303.40625 +/- 7.390994548797607
epoch: 157 L: -2301.28955078125 F: -2301.28955078125 +/- 6.964336395263672
epoch: 158 L: -2302.44189453125 F: -2302.44189453125 +/- 7.267357349395752
epoch: 159 L: -2302.8505859375 F: -2302.8505859375 +/- 6.404367923736572
epoch: 160 L: -2302.697265625 F: -2302.697265625 +/- 7.517197608947754
accratio_z: 0.875 obs_z: 0.5041958324200095  +/-  0.010555932747023487
accratio_x: 0.84375 obs_x: 0.031336741798284606  +/-  0.003732032175531276
epoch: 161 L: -2304.10107421875 F: -2304.10107421875 +/- 6.430642127990723
epoch: 162 L: -2303.11474609375 F: -2303.11474609375 +/- 7.377325057983398
epoch: 163 L: -2303.554443359375 F: -2303.554443359375 +/- 7.5274152755737305
epoch: 164 L: -2303.5283203125 F: -2303.5283203125 +/- 6.920268535614014
epoch: 165 L: -2303.505859375 F: -2303.505859375 +/- 6.595296382904053
epoch: 166 L: -2302.70751953125 F: -2302.70751953125 +/- 7.133223533630371
epoch: 167 L: -2301.888916015625 F: -2301.888916015625 +/- 7.268128395080566
epoch: 168 L: -2303.287109375 F: -2303.287109375 +/- 7.17443323135376
epoch: 169 L: -2303.3701171875 F: -2303.3701171875 +/- 6.381409168243408
epoch: 170 L: -2303.33984375 F: -2303.33984375 +/- 6.728354454040527
accratio_z: 0.859375 obs_z: 0.4925226812042638  +/-  0.010246532363847802
accratio_x: 0.875 obs_x: 0.03361329550294512  +/-  0.003955131012491909
epoch: 171 L: -2304.52587890625 F: -2304.52587890625 +/- 6.263262748718262
epoch: 172 L: -2302.62060546875 F: -2302.62060546875 +/- 7.338465213775635
epoch: 173 L: -2304.20361328125 F: -2304.20361328125 +/- 7.232306957244873
epoch: 174 L: -2304.548828125 F: -2304.548828125 +/- 6.752695083618164
epoch: 175 L: -2303.92041015625 F: -2303.92041015625 +/- 6.971212863922119
epoch: 176 L: -2303.49658203125 F: -2303.49658203125 +/- 7.129122734069824
epoch: 177 L: -2304.500244140625 F: -2304.500244140625 +/- 7.620294570922852
epoch: 178 L: -2303.118896484375 F: -2303.118896484375 +/- 6.635293006896973
epoch: 179 L: -2304.907470703125 F: -2304.907470703125 +/- 7.196902751922607
epoch: 180 L: -2303.899169921875 F: -2303.899169921875 +/- 6.815566062927246
accratio_z: 0.9140625 obs_z: 0.48020957238577466  +/-  0.011245146900604283
accratio_x: 0.90625 obs_x: 0.0352353621074557  +/-  0.0041556327413028475
epoch: 181 L: -2304.80078125 F: -2304.80078125 +/- 6.662792205810547
epoch: 182 L: -2305.139892578125 F: -2305.139892578125 +/- 7.0125555992126465
epoch: 183 L: -2303.7021484375 F: -2303.7021484375 +/- 6.913188457489014
epoch: 184 L: -2305.0830078125 F: -2305.0830078125 +/- 6.56419563293457
epoch: 185 L: -2304.3388671875 F: -2304.3388671875 +/- 6.34074068069458
epoch: 186 L: -2304.2373046875 F: -2304.2373046875 +/- 8.168341636657715
epoch: 187 L: -2304.21923828125 F: -2304.21923828125 +/- 7.502935409545898
epoch: 188 L: -2305.33642578125 F: -2305.33642578125 +/- 7.363794326782227
epoch: 189 L: -2304.9853515625 F: -2304.9853515625 +/- 6.439084053039551
epoch: 190 L: -2304.30859375 F: -2304.30859375 +/- 6.450472831726074
accratio_z: 0.8828125 obs_z: 0.4668720106633373  +/-  0.011912322969469945
accratio_x: 0.890625 obs_x: 0.03662518860343056  +/-  0.004288799681793262
epoch: 191 L: -2304.26171875 F: -2304.26171875 +/- 8.176970481872559
epoch: 192 L: -2305.35400390625 F: -2305.35400390625 +/- 6.518062114715576
epoch: 193 L: -2304.403076171875 F: -2304.403076171875 +/- 6.60110330581665
epoch: 194 L: -2304.2451171875 F: -2304.2451171875 +/- 6.961413383483887
epoch: 195 L: -2304.89208984375 F: -2304.89208984375 +/- 6.8969879150390625
epoch: 196 L: -2305.125 F: -2305.125 +/- 6.920360088348389
epoch: 197 L: -2304.335693359375 F: -2304.335693359375 +/- 7.832174301147461
epoch: 198 L: -2305.25927734375 F: -2305.25927734375 +/- 6.498697280883789
epoch: 199 L: -2306.1513671875 F: -2306.1513671875 +/- 7.143097400665283
epoch: 200 L: -2305.567626953125 F: -2305.567626953125 +/- 7.3295392990112305
accratio_z: 0.8203125 obs_z: 0.47098267380306424  +/-  0.012429547636950703
accratio_x: 0.8828125 obs_x: 0.03938981884010895  +/-  0.004467091633077328
epoch: 201 L: -2305.8916015625 F: -2305.8916015625 +/- 6.6983137130737305
epoch: 202 L: -2305.181396484375 F: -2305.181396484375 +/- 7.108312129974365
epoch: 203 L: -2305.138916015625 F: -2305.138916015625 +/- 7.366031646728516
epoch: 204 L: -2306.0380859375 F: -2306.0380859375 +/- 6.959616184234619
epoch: 205 L: -2305.01708984375 F: -2305.01708984375 +/- 6.780951976776123
epoch: 206 L: -2305.596435546875 F: -2305.596435546875 +/- 6.418756484985352
epoch: 207 L: -2304.72216796875 F: -2304.72216796875 +/- 7.821401596069336
epoch: 208 L: -2304.84912109375 F: -2304.84912109375 +/- 7.383022308349609
epoch: 209 L: -2305.931884765625 F: -2305.931884765625 +/- 7.1891984939575195
epoch: 210 L: -2305.66845703125 F: -2305.66845703125 +/- 7.456135272979736
accratio_z: 0.90625 obs_z: 0.4628281574223365  +/-  0.013390229896102415
accratio_x: 0.8828125 obs_x: 0.03989416801923529  +/-  0.00458717075245237
epoch: 211 L: -2305.27392578125 F: -2305.27392578125 +/- 7.937570095062256
epoch: 212 L: -2305.31494140625 F: -2305.31494140625 +/- 6.491326808929443
epoch: 213 L: -2305.38623046875 F: -2305.38623046875 +/- 6.731372356414795
epoch: 214 L: -2305.693603515625 F: -2305.693603515625 +/- 7.141385078430176
epoch: 215 L: -2305.578369140625 F: -2305.578369140625 +/- 7.284849166870117
epoch: 216 L: -2305.6669921875 F: -2305.6669921875 +/- 6.6398749351501465
epoch: 217 L: -2305.9189453125 F: -2305.9189453125 +/- 6.6046624183654785
epoch: 218 L: -2305.14501953125 F: -2305.14501953125 +/- 6.446197032928467
epoch: 219 L: -2305.568603515625 F: -2305.568603515625 +/- 6.498173236846924
epoch: 220 L: -2306.6640625 F: -2306.6640625 +/- 6.250164985656738
accratio_z: 0.90625 obs_z: 0.46960385193870025  +/-  0.013268960066312651
accratio_x: 0.8515625 obs_x: 0.04160441926655878  +/-  0.004726677391099298
Traceback (most recent call last):
  File "./main.py", line 149, in <module>
    LOSS,ZACC,ZOBS,XACC,XOBS = train.learnInterface(target,fw,batch,epochs,save=True,saveSteps = savePeriod,savePath=rootFolder,measureFn = measure,alpha=args.alpha,skipHMC=args.skipHMC)
  File "/cluster/home/hhuang05/NeuralRG/train/learn.py", line 173, in learnInterface
    with h5py.File(savePath+"records/"+flow.name+"HMCresult_epoch"+str(epoch)+".hdf5","w") as f:
  File "/cluster/home/hhuang05/.conda/envs/neuralrg/lib/python3.8/site-packages/h5py/_hl/files.py", line 562, in __init__
    fid = make_fid(name, mode, userblock_size, fapl, fcpl, swmr=swmr)
  File "/cluster/home/hhuang05/.conda/envs/neuralrg/lib/python3.8/site-packages/h5py/_hl/files.py", line 241, in make_fid
    fid = h5f.create(name, h5f.ACC_TRUNC, fapl=fapl, fcpl=fcpl)
  File "h5py/_objects.pyx", line 54, in h5py._objects.with_phil.wrapper
  File "h5py/_objects.pyx", line 55, in h5py._objects.with_phil.wrapper
  File "h5py/h5f.pyx", line 122, in h5py.h5f.create
BlockingIOError: [Errno 11] Unable to synchronously create file (unable to lock file, errno = 11, error message = 'Resource temporarily unavailable')
